INFO 2023-08-13 17:18:54,953 autoreload Watching for file changes with StatReloader
INFO 2023-08-13 17:19:04,357 basehttp "GET / HTTP/1.1" 200 46041
INFO 2023-08-13 17:19:04,383 basehttp "GET /static/js/vendor.js.css HTTP/1.1" 200 46186
INFO 2023-08-13 17:19:04,389 basehttp "GET /static/css/style.css HTTP/1.1" 200 444027
INFO 2023-08-13 17:19:04,414 basehttp "GET /media/person_6-min.jpg HTTP/1.1" 200 66011
INFO 2023-08-13 17:19:04,417 basehttp "GET /static/img/payment.png HTTP/1.1" 200 13454
INFO 2023-08-13 17:19:04,425 basehttp "GET /media/logo_kXfF9uZ.png HTTP/1.1" 200 32983
INFO 2023-08-13 17:19:04,427 basehttp "GET /media/hero_bg_2.jpg HTTP/1.1" 200 444234
INFO 2023-08-13 17:19:04,429 basehttp "GET /media/photo_2023-03-17_14-23-48.jpg HTTP/1.1" 200 220016
INFO 2023-08-13 17:19:04,435 basehttp "GET /static/js/vendor.js HTTP/1.1" 200 1416215
INFO 2023-08-13 17:19:04,436 basehttp "GET /static/js/main.js HTTP/1.1" 200 1463364
INFO 2023-08-13 17:19:04,462 basehttp "GET /static/fonts/svgfont.ttf HTTP/1.1" 200 7616
INFO 2023-08-13 17:19:04,465 basehttp "GET /static/fonts/Montserrat-Medium.ttf HTTP/1.1" 200 243180
INFO 2023-08-13 17:19:04,465 basehttp "GET /static/fonts/Montserrat-Bold.ttf HTTP/1.1" 200 244468
INFO 2023-08-13 17:19:04,466 basehttp "GET /static/fonts/Montserrat-Regular.ttf HTTP/1.1" 200 245708
INFO 2023-08-13 17:19:04,843 basehttp "GET /vuejs-translatei18n.js HTTP/1.1" 200 2419
INFO 2023-08-13 17:19:04,942 basehttp "GET /api/v1/request/services/ HTTP/1.1" 200 391
WARNING 2023-08-13 17:19:04,977 log Not Found: /media/-
WARNING 2023-08-13 17:19:04,978 basehttp "GET /media/- HTTP/1.1" 404 6373
INFO 2023-08-13 17:19:06,533 basehttp "GET / HTTP/1.1" 200 46041
INFO 2023-08-13 17:19:06,802 basehttp "GET /api/v1/request/services/ HTTP/1.1" 200 391
INFO 2023-08-13 17:19:07,075 basehttp "GET / HTTP/1.1" 200 46041
INFO 2023-08-13 17:19:09,125 basehttp "GET / HTTP/1.1" 200 46041
INFO 2023-08-13 17:19:16,729 basehttp "GET /static/fonts/Montserrat-SemiBold.ttf HTTP/1.1" 200 243816
ERROR 2023-08-13 17:20:05,315 log Internal Server Error: /api/v1/request/create/
Traceback (most recent call last):
  File "D:\projects\fl\unlockers\env\lib\site-packages\django\core\handlers\exception.py", line 55, in inner
    response = get_response(request)
  File "D:\projects\fl\unlockers\env\lib\site-packages\django\core\handlers\base.py", line 197, in _get_response
    response = wrapped_callback(request, *callback_args, **callback_kwargs)
  File "D:\projects\fl\unlockers\env\lib\site-packages\django\views\decorators\csrf.py", line 56, in wrapper_view
    return view_func(*args, **kwargs)
  File "D:\projects\fl\unlockers\env\lib\site-packages\django\views\generic\base.py", line 104, in view
    return self.dispatch(request, *args, **kwargs)
  File "D:\projects\fl\unlockers\env\lib\site-packages\rest_framework\views.py", line 509, in dispatch
    response = self.handle_exception(exc)
  File "D:\projects\fl\unlockers\env\lib\site-packages\rest_framework\views.py", line 469, in handle_exception
    self.raise_uncaught_exception(exc)
  File "D:\projects\fl\unlockers\env\lib\site-packages\rest_framework\views.py", line 480, in raise_uncaught_exception
    raise exc
  File "D:\projects\fl\unlockers\env\lib\site-packages\rest_framework\views.py", line 506, in dispatch
    response = handler(request, *args, **kwargs)
  File "D:\projects\fl\unlockers\env\lib\site-packages\rest_framework\generics.py", line 190, in post
    return self.create(request, *args, **kwargs)
  File "D:\projects\fl\unlockers\env\lib\site-packages\rest_framework\mixins.py", line 19, in create
    self.perform_create(serializer)
  File "D:\projects\fl\unlockers\env\lib\site-packages\rest_framework\mixins.py", line 24, in perform_create
    serializer.save()
  File "D:\projects\fl\unlockers\env\lib\site-packages\rest_framework\serializers.py", line 212, in save
    self.instance = self.create(validated_data)
  File "D:\projects\fl\unlockers\apps\request\rest\serializers.py", line 172, in create
    request_object = create_request_for_unregistered_car(
  File "D:\projects\fl\unlockers\apps\request\contrib.py", line 93, in create_request_for_unregistered_car
    if request.car:
  File "D:\projects\fl\unlockers\env\lib\site-packages\django\db\models\fields\related_descriptors.py", line 246, in __get__
    raise self.RelatedObjectDoesNotExist(
apps.request.models.Request.car.RelatedObjectDoesNotExist: Request has no car.
ERROR 2023-08-13 17:20:05,318 basehttp "POST /api/v1/request/create/ HTTP/1.1" 500 144056
WARNING 2023-08-13 17:21:09,644 log Method Not Allowed: /api/v1/request/create/
WARNING 2023-08-13 17:21:09,645 basehttp "GET /api/v1/request/create/ HTTP/1.1" 405 13261
INFO 2023-08-13 17:21:09,662 basehttp "GET /static/rest_framework/js/ajax-form.js HTTP/1.1" 200 3597
INFO 2023-08-13 17:21:09,663 basehttp "GET /static/rest_framework/css/default.css HTTP/1.1" 200 1152
INFO 2023-08-13 17:21:09,663 basehttp "GET /static/rest_framework/css/prettify.css HTTP/1.1" 200 817
INFO 2023-08-13 17:21:09,663 basehttp "GET /static/rest_framework/css/bootstrap-tweaks.css HTTP/1.1" 200 3385
INFO 2023-08-13 17:21:09,667 basehttp "GET /static/rest_framework/js/csrf.js HTTP/1.1" 200 1719
INFO 2023-08-13 17:21:09,668 basehttp "GET /static/rest_framework/js/jquery-3.5.1.min.js HTTP/1.1" 200 89476
INFO 2023-08-13 17:21:09,668 basehttp "GET /static/rest_framework/js/prettify-min.js HTTP/1.1" 200 13632
INFO 2023-08-13 17:21:09,669 basehttp "GET /static/rest_framework/js/bootstrap.min.js HTTP/1.1" 200 39680
INFO 2023-08-13 17:21:09,669 basehttp "GET /static/rest_framework/js/default.js HTTP/1.1" 200 1268
INFO 2023-08-13 17:21:09,670 basehttp "GET /static/rest_framework/css/bootstrap.min.css HTTP/1.1" 200 121457
INFO 2023-08-13 17:21:09,693 basehttp "GET /static/rest_framework/img/grid.png HTTP/1.1" 200 1458
WARNING 2023-08-13 17:21:09,717 log Method Not Allowed: /api/v1/request/create/
WARNING 2023-08-13 17:21:09,718 basehttp "GET /api/v1/request/create/ HTTP/1.1" 405 40
WARNING 2023-08-13 17:21:09,762 log Not Found: /favicon.ico
WARNING 2023-08-13 17:21:09,762 basehttp "GET /favicon.ico HTTP/1.1" 404 7113
ERROR 2023-08-13 17:21:22,218 log Internal Server Error: /api/v1/request/create/
Traceback (most recent call last):
  File "D:\projects\fl\unlockers\env\lib\site-packages\django\core\handlers\exception.py", line 55, in inner
    response = get_response(request)
  File "D:\projects\fl\unlockers\env\lib\site-packages\django\core\handlers\base.py", line 197, in _get_response
    response = wrapped_callback(request, *callback_args, **callback_kwargs)
  File "D:\projects\fl\unlockers\env\lib\site-packages\django\views\decorators\csrf.py", line 56, in wrapper_view
    return view_func(*args, **kwargs)
  File "D:\projects\fl\unlockers\env\lib\site-packages\django\views\generic\base.py", line 104, in view
    return self.dispatch(request, *args, **kwargs)
  File "D:\projects\fl\unlockers\env\lib\site-packages\rest_framework\views.py", line 509, in dispatch
    response = self.handle_exception(exc)
  File "D:\projects\fl\unlockers\env\lib\site-packages\rest_framework\views.py", line 469, in handle_exception
    self.raise_uncaught_exception(exc)
  File "D:\projects\fl\unlockers\env\lib\site-packages\rest_framework\views.py", line 480, in raise_uncaught_exception
    raise exc
  File "D:\projects\fl\unlockers\env\lib\site-packages\rest_framework\views.py", line 506, in dispatch
    response = handler(request, *args, **kwargs)
  File "D:\projects\fl\unlockers\env\lib\site-packages\rest_framework\generics.py", line 190, in post
    return self.create(request, *args, **kwargs)
  File "D:\projects\fl\unlockers\env\lib\site-packages\rest_framework\mixins.py", line 19, in create
    self.perform_create(serializer)
  File "D:\projects\fl\unlockers\env\lib\site-packages\rest_framework\mixins.py", line 24, in perform_create
    serializer.save()
  File "D:\projects\fl\unlockers\env\lib\site-packages\rest_framework\serializers.py", line 212, in save
    self.instance = self.create(validated_data)
  File "D:\projects\fl\unlockers\apps\request\rest\serializers.py", line 172, in create
    request_object = create_request_for_unregistered_car(
  File "D:\projects\fl\unlockers\apps\request\contrib.py", line 93, in create_request_for_unregistered_car
    if request.car:
  File "D:\projects\fl\unlockers\env\lib\site-packages\django\db\models\fields\related_descriptors.py", line 246, in __get__
    raise self.RelatedObjectDoesNotExist(
apps.request.models.Request.car.RelatedObjectDoesNotExist: Request has no car.
ERROR 2023-08-13 17:21:22,219 basehttp "POST /api/v1/request/create/ HTTP/1.1" 500 146481
WARNING 2023-08-13 17:21:22,249 log Method Not Allowed: /api/v1/request/create/
WARNING 2023-08-13 17:21:22,249 basehttp "GET /api/v1/request/create/ HTTP/1.1" 405 40
INFO 2023-08-13 17:21:32,634 basehttp "GET /admin/ HTTP/1.1" 302 0
INFO 2023-08-13 17:21:32,662 basehttp "GET /admin/login/?next=/admin/ HTTP/1.1" 200 4181
INFO 2023-08-13 17:21:32,679 basehttp "GET /static/admin/css/base.css HTTP/1.1" 200 21207
INFO 2023-08-13 17:21:32,683 basehttp "GET /static/admin/css/dark_mode.css HTTP/1.1" 200 2929
INFO 2023-08-13 17:21:32,683 basehttp "GET /static/admin/css/login.css HTTP/1.1" 200 958
INFO 2023-08-13 17:21:32,683 basehttp "GET /static/admin/css/nav_sidebar.css HTTP/1.1" 200 2694
INFO 2023-08-13 17:21:32,684 basehttp "GET /static/admin/css/responsive.css HTTP/1.1" 200 18533
INFO 2023-08-13 17:21:32,722 basehttp "GET /static/admin/js/theme.js HTTP/1.1" 200 1943
INFO 2023-08-13 17:21:32,723 basehttp "GET /static/admin/js/nav_sidebar.js HTTP/1.1" 200 3063
INFO 2023-08-13 17:21:32,748 basehttp "GET /admin/login/?next=/admin/ HTTP/1.1" 200 4181
INFO 2023-08-13 17:21:34,658 basehttp "POST /admin/login/?next=/admin/ HTTP/1.1" 302 0
INFO 2023-08-13 17:21:34,687 basehttp "GET /admin/ HTTP/1.1" 200 26131
INFO 2023-08-13 17:21:34,698 basehttp "GET /static/admin/css/dashboard.css HTTP/1.1" 200 441
INFO 2023-08-13 17:21:34,718 basehttp "GET /static/admin/img/icon-addlink.svg HTTP/1.1" 200 331
INFO 2023-08-13 17:21:34,718 basehttp "GET /static/admin/img/icon-changelink.svg HTTP/1.1" 200 380
INFO 2023-08-13 17:21:34,735 basehttp "GET /admin/ HTTP/1.1" 200 26131
INFO 2023-08-13 17:21:41,792 basehttp "GET /admin/request/request/ HTTP/1.1" 200 26564
INFO 2023-08-13 17:21:41,809 basehttp "GET /static/admin/css/changelists.css HTTP/1.1" 200 6566
INFO 2023-08-13 17:21:41,811 basehttp "GET /static/admin/js/jquery.init.js HTTP/1.1" 200 347
INFO 2023-08-13 17:21:41,812 basehttp "GET /static/admin/js/core.js HTTP/1.1" 200 5682
INFO 2023-08-13 17:21:41,814 basehttp "GET /static/admin/css/forms.css HTTP/1.1" 200 9047
INFO 2023-08-13 17:21:41,814 basehttp "GET /static/admin/css/widgets.css HTTP/1.1" 200 11900
INFO 2023-08-13 17:21:41,817 basehttp "GET /static/admin/js/admin/RelatedObjectLookups.js HTTP/1.1" 200 8943
INFO 2023-08-13 17:21:41,819 basehttp "GET /static/admin/js/actions.js HTTP/1.1" 200 7872
INFO 2023-08-13 17:21:41,819 basehttp "GET /admin/jsi18n/ HTTP/1.1" 200 3343
INFO 2023-08-13 17:21:41,819 basehttp "GET /static/admin/js/prepopulate.js HTTP/1.1" 200 1531
INFO 2023-08-13 17:21:41,820 basehttp "GET /static/admin/js/urlify.js HTTP/1.1" 200 7887
INFO 2023-08-13 17:21:41,821 basehttp "GET /static/admin/js/vendor/jquery/jquery.js HTTP/1.1" 200 292458
INFO 2023-08-13 17:21:41,822 basehttp "GET /static/admin/js/vendor/xregexp/xregexp.js HTTP/1.1" 200 232381
INFO 2023-08-13 17:21:41,825 basehttp "GET /static/admin/js/filters.js HTTP/1.1" 200 978
INFO 2023-08-13 17:21:41,845 basehttp "GET /static/admin/img/tooltag-add.svg HTTP/1.1" 200 331
INFO 2023-08-13 17:21:41,892 basehttp "GET /admin/request/request/ HTTP/1.1" 200 26564
INFO 2023-08-13 17:21:41,893 basehttp "GET /static/admin/js/admin/DateTimeShortcuts.js?_=1691932901829 HTTP/1.1" 200 19319
INFO 2023-08-13 17:21:41,893 basehttp "GET /static/admin/js/calendar.js?_=1691932901828 HTTP/1.1" 200 8466
INFO 2023-08-13 17:21:41,903 basehttp "GET /static/admin/img/icon-calendar.svg HTTP/1.1" 200 1086
INFO 2023-08-13 17:21:56,987 basehttp "GET /admin/request/quote/ HTTP/1.1" 200 35163
INFO 2023-08-13 17:21:57,001 basehttp "GET /admin/jsi18n/ HTTP/1.1" 200 3343
INFO 2023-08-13 17:21:57,070 basehttp "GET /static/admin/js/admin/DateTimeShortcuts.js?_=1691932917013 HTTP/1.1" 200 19319
INFO 2023-08-13 17:21:57,072 basehttp "GET /static/admin/js/calendar.js?_=1691932917012 HTTP/1.1" 200 8466
INFO 2023-08-13 17:21:57,093 basehttp "GET /admin/request/quote/ HTTP/1.1" 200 35163
INFO 2023-08-13 17:22:03,820 basehttp "GET /admin/request/quote/16/change/ HTTP/1.1" 200 28617
INFO 2023-08-13 17:22:03,835 basehttp "GET /static/admin/js/prepopulate_init.js HTTP/1.1" 200 586
INFO 2023-08-13 17:22:03,838 basehttp "GET /admin/jsi18n/ HTTP/1.1" 200 3343
INFO 2023-08-13 17:22:03,847 basehttp "GET /static/admin/img/icon-viewlink.svg HTTP/1.1" 200 581
INFO 2023-08-13 17:22:03,847 basehttp "GET /static/admin/js/change_form.js HTTP/1.1" 200 606
INFO 2023-08-13 17:22:03,898 basehttp "GET /admin/request/quote/16/change/ HTTP/1.1" 200 28617
INFO 2023-08-13 17:23:23,719 autoreload Watching for file changes with StatReloader
WARNING 2023-08-13 17:23:34,411 log Method Not Allowed: /api/v1/request/create/
WARNING 2023-08-13 17:23:34,412 basehttp "GET /api/v1/request/create/ HTTP/1.1" 405 13295
WARNING 2023-08-13 17:23:34,479 log Method Not Allowed: /api/v1/request/create/
WARNING 2023-08-13 17:23:34,479 basehttp "GET /api/v1/request/create/ HTTP/1.1" 405 40
ERROR 2023-08-13 17:23:40,861 log Internal Server Error: /api/v1/request/create/
Traceback (most recent call last):
  File "D:\projects\fl\unlockers\env\lib\site-packages\django\core\handlers\exception.py", line 55, in inner
    response = get_response(request)
  File "D:\projects\fl\unlockers\env\lib\site-packages\django\core\handlers\base.py", line 197, in _get_response
    response = wrapped_callback(request, *callback_args, **callback_kwargs)
  File "D:\projects\fl\unlockers\env\lib\site-packages\django\views\decorators\csrf.py", line 56, in wrapper_view
    return view_func(*args, **kwargs)
  File "D:\projects\fl\unlockers\env\lib\site-packages\django\views\generic\base.py", line 104, in view
    return self.dispatch(request, *args, **kwargs)
  File "D:\projects\fl\unlockers\env\lib\site-packages\rest_framework\views.py", line 509, in dispatch
    response = self.handle_exception(exc)
  File "D:\projects\fl\unlockers\env\lib\site-packages\rest_framework\views.py", line 469, in handle_exception
    self.raise_uncaught_exception(exc)
  File "D:\projects\fl\unlockers\env\lib\site-packages\rest_framework\views.py", line 480, in raise_uncaught_exception
    raise exc
  File "D:\projects\fl\unlockers\env\lib\site-packages\rest_framework\views.py", line 506, in dispatch
    response = handler(request, *args, **kwargs)
  File "D:\projects\fl\unlockers\env\lib\site-packages\rest_framework\generics.py", line 190, in post
    return self.create(request, *args, **kwargs)
  File "D:\projects\fl\unlockers\env\lib\site-packages\rest_framework\mixins.py", line 19, in create
    self.perform_create(serializer)
  File "D:\projects\fl\unlockers\env\lib\site-packages\rest_framework\mixins.py", line 24, in perform_create
    serializer.save()
  File "D:\projects\fl\unlockers\env\lib\site-packages\rest_framework\serializers.py", line 212, in save
    self.instance = self.create(validated_data)
  File "D:\projects\fl\unlockers\apps\request\rest\serializers.py", line 172, in create
    request_object = create_request_for_unregistered_car(
  File "D:\projects\fl\unlockers\apps\request\contrib.py", line 95, in create_request_for_unregistered_car
    if request.car:
  File "D:\projects\fl\unlockers\env\lib\site-packages\django\db\models\fields\related_descriptors.py", line 246, in __get__
    raise self.RelatedObjectDoesNotExist(
apps.request.models.Request.car.RelatedObjectDoesNotExist: Request has no car.
ERROR 2023-08-13 17:23:40,863 basehttp "POST /api/v1/request/create/ HTTP/1.1" 500 146867
WARNING 2023-08-13 17:23:40,897 log Method Not Allowed: /api/v1/request/create/
WARNING 2023-08-13 17:23:40,897 basehttp "GET /api/v1/request/create/ HTTP/1.1" 405 40
INFO 2023-08-13 17:24:04,619 basehttp "GET /admin/proxy/proxy/ HTTP/1.1" 200 28532
INFO 2023-08-13 17:24:04,637 basehttp "GET /admin/jsi18n/ HTTP/1.1" 200 3343
INFO 2023-08-13 17:24:04,648 basehttp "GET /static/admin/img/icon-no.svg HTTP/1.1" 200 560
INFO 2023-08-13 17:24:04,648 basehttp "GET /static/admin/img/icon-yes.svg HTTP/1.1" 200 436
INFO 2023-08-13 17:24:04,694 basehttp "GET /admin/proxy/proxy/ HTTP/1.1" 200 28532
INFO 2023-08-13 17:26:07,279 autoreload D:\projects\fl\unlockers\apps\request\contrib.py changed, reloading.
INFO 2023-08-13 17:26:08,711 autoreload Watching for file changes with StatReloader
INFO 2023-08-13 17:26:09,167 basehttp "GET /admin/cars/car/ HTTP/1.1" 200 20403
INFO 2023-08-13 17:26:09,187 basehttp "GET /admin/jsi18n/ HTTP/1.1" 200 3343
INFO 2023-08-13 17:26:09,196 basehttp "GET /static/admin/img/search.svg HTTP/1.1" 200 458
INFO 2023-08-13 17:26:09,245 basehttp "GET /admin/cars/car/ HTTP/1.1" 200 20403
INFO 2023-08-13 17:26:11,021 basehttp "GET /admin/cars/car/add/ HTTP/1.1" 200 25511
INFO 2023-08-13 17:26:11,035 basehttp "GET /static/admin/js/inlines.js HTTP/1.1" 200 15526
INFO 2023-08-13 17:26:11,037 basehttp "GET /admin/jsi18n/ HTTP/1.1" 200 3343
INFO 2023-08-13 17:26:11,099 basehttp "GET /admin/cars/car/add/ HTTP/1.1" 200 25511
INFO 2023-08-13 17:26:25,992 basehttp "GET /admin/booking/order/ HTTP/1.1" 200 32188
INFO 2023-08-13 17:26:26,010 basehttp "GET /admin/jsi18n/ HTTP/1.1" 200 3343
INFO 2023-08-13 17:26:26,073 basehttp "GET /static/admin/js/calendar.js?_=1691933186017 HTTP/1.1" 200 8466
INFO 2023-08-13 17:26:26,074 basehttp "GET /static/admin/js/admin/DateTimeShortcuts.js?_=1691933186018 HTTP/1.1" 200 19319
INFO 2023-08-13 17:26:26,078 basehttp "GET /admin/booking/order/ HTTP/1.1" 200 32188
INFO 2023-08-13 17:26:27,870 basehttp "GET /admin/booking/order/1/change/ HTTP/1.1" 200 39525
INFO 2023-08-13 17:26:27,884 basehttp "GET /static/admin/js/calendar.js HTTP/1.1" 200 8466
INFO 2023-08-13 17:26:27,886 basehttp "GET /static/admin/js/admin/DateTimeShortcuts.js HTTP/1.1" 200 19319
INFO 2023-08-13 17:26:27,887 basehttp "GET /admin/jsi18n/ HTTP/1.1" 200 3343
INFO 2023-08-13 17:26:27,893 basehttp "GET /static/admin/img/icon-deletelink.svg HTTP/1.1" 200 392
INFO 2023-08-13 17:26:27,967 basehttp "GET /static/admin/img/icon-clock.svg HTTP/1.1" 200 677
INFO 2023-08-13 17:26:27,968 basehttp "GET /admin/booking/order/1/change/ HTTP/1.1" 200 39525
INFO 2023-08-13 17:26:38,537 basehttp "GET /admin/authtoken/tokenproxy/ HTTP/1.1" 200 21084
INFO 2023-08-13 17:26:38,603 basehttp "GET /admin/authtoken/tokenproxy/ HTTP/1.1" 200 21084
INFO 2023-08-13 17:26:38,612 basehttp "GET /static/admin/img/sorting-icons.svg HTTP/1.1" 200 1097
INFO 2023-08-13 17:26:45,951 basehttp "GET /admin/request/servicevariation/ HTTP/1.1" 200 23585
INFO 2023-08-13 17:26:45,965 basehttp "GET /admin/jsi18n/ HTTP/1.1" 200 3343
INFO 2023-08-13 17:26:46,023 basehttp "GET /admin/request/servicevariation/ HTTP/1.1" 200 23585
INFO 2023-08-13 17:26:54,676 basehttp "GET /admin/request/ HTTP/1.1" 200 5967
INFO 2023-08-13 17:26:54,711 basehttp "GET /admin/request/ HTTP/1.1" 200 5967
INFO 2023-08-13 17:26:56,247 basehttp "GET /admin/request/quote/ HTTP/1.1" 200 35163
INFO 2023-08-13 17:26:56,261 basehttp "GET /admin/jsi18n/ HTTP/1.1" 200 3343
INFO 2023-08-13 17:26:56,320 basehttp "GET /static/admin/js/calendar.js?_=1691933216271 HTTP/1.1" 200 8466
INFO 2023-08-13 17:26:56,322 basehttp "GET /static/admin/js/admin/DateTimeShortcuts.js?_=1691933216272 HTTP/1.1" 200 19319
INFO 2023-08-13 17:26:56,344 basehttp "GET /admin/request/quote/ HTTP/1.1" 200 35163
INFO 2023-08-13 17:27:05,841 basehttp "POST /admin/request/quote/ HTTP/1.1" 200 22218
INFO 2023-08-13 17:27:05,854 basehttp "GET /static/admin/js/cancel.js HTTP/1.1" 200 884
INFO 2023-08-13 17:27:05,915 basehttp "GET /admin/request/quote/ HTTP/1.1" 200 35163
INFO 2023-08-13 17:27:07,392 basehttp "POST /admin/request/quote/ HTTP/1.1" 302 0
INFO 2023-08-13 17:27:07,410 basehttp "GET /admin/request/quote/ HTTP/1.1" 200 24717
INFO 2023-08-13 17:27:07,424 basehttp "GET /admin/jsi18n/ HTTP/1.1" 200 3343
INFO 2023-08-13 17:27:07,480 basehttp "GET /admin/request/quote/ HTTP/1.1" 200 24580
INFO 2023-08-13 17:27:07,481 basehttp "GET /static/admin/js/calendar.js?_=1691933227434 HTTP/1.1" 200 8466
INFO 2023-08-13 17:27:07,481 basehttp "GET /static/admin/js/admin/DateTimeShortcuts.js?_=1691933227435 HTTP/1.1" 200 19319
INFO 2023-08-13 17:27:09,582 basehttp "GET /admin/request/ HTTP/1.1" 200 5967
INFO 2023-08-13 17:27:09,619 basehttp "GET /admin/request/ HTTP/1.1" 200 5967
INFO 2023-08-13 17:27:11,620 basehttp "GET /admin/request/request/ HTTP/1.1" 200 26564
INFO 2023-08-13 17:27:11,633 basehttp "GET /admin/jsi18n/ HTTP/1.1" 200 3343
INFO 2023-08-13 17:27:11,697 basehttp "GET /admin/request/request/ HTTP/1.1" 200 26564
INFO 2023-08-13 17:27:11,697 basehttp "GET /static/admin/js/calendar.js?_=1691933231646 HTTP/1.1" 200 8466
INFO 2023-08-13 17:27:11,698 basehttp "GET /static/admin/js/admin/DateTimeShortcuts.js?_=1691933231647 HTTP/1.1" 200 19319
INFO 2023-08-13 17:27:13,326 basehttp "GET /admin/request/ HTTP/1.1" 200 5967
INFO 2023-08-13 17:27:13,362 basehttp "GET /admin/request/ HTTP/1.1" 200 5967
INFO 2023-08-13 17:27:14,151 basehttp "GET /admin/request/quote/ HTTP/1.1" 200 24580
INFO 2023-08-13 17:27:14,166 basehttp "GET /admin/jsi18n/ HTTP/1.1" 200 3343
INFO 2023-08-13 17:27:14,224 basehttp "GET /admin/request/quote/ HTTP/1.1" 200 24580
INFO 2023-08-13 17:27:14,225 basehttp "GET /static/admin/js/calendar.js?_=1691933234176 HTTP/1.1" 200 8466
INFO 2023-08-13 17:27:14,225 basehttp "GET /static/admin/js/admin/DateTimeShortcuts.js?_=1691933234177 HTTP/1.1" 200 19319
INFO 2023-08-13 17:27:15,879 basehttp "GET /admin/request/quote/add/ HTTP/1.1" 200 28366
INFO 2023-08-13 17:27:15,893 basehttp "GET /admin/jsi18n/ HTTP/1.1" 200 3343
INFO 2023-08-13 17:27:15,951 basehttp "GET /admin/request/quote/add/ HTTP/1.1" 200 28366
INFO 2023-08-13 17:30:42,615 autoreload Watching for file changes with StatReloader
WARNING 2023-08-13 17:30:46,830 log Method Not Allowed: /api/v1/request/create/
WARNING 2023-08-13 17:30:46,830 basehttp "GET /api/v1/request/create/ HTTP/1.1" 405 40
ERROR 2023-08-13 17:30:52,169 log Internal Server Error: /api/v1/request/create/
Traceback (most recent call last):
  File "D:\projects\fl\unlockers\env\lib\site-packages\django\core\handlers\exception.py", line 55, in inner
    response = get_response(request)
  File "D:\projects\fl\unlockers\env\lib\site-packages\django\core\handlers\base.py", line 197, in _get_response
    response = wrapped_callback(request, *callback_args, **callback_kwargs)
  File "D:\projects\fl\unlockers\env\lib\site-packages\django\views\decorators\csrf.py", line 56, in wrapper_view
    return view_func(*args, **kwargs)
  File "D:\projects\fl\unlockers\env\lib\site-packages\django\views\generic\base.py", line 104, in view
    return self.dispatch(request, *args, **kwargs)
  File "D:\projects\fl\unlockers\env\lib\site-packages\rest_framework\views.py", line 509, in dispatch
    response = self.handle_exception(exc)
  File "D:\projects\fl\unlockers\env\lib\site-packages\rest_framework\views.py", line 469, in handle_exception
    self.raise_uncaught_exception(exc)
  File "D:\projects\fl\unlockers\env\lib\site-packages\rest_framework\views.py", line 480, in raise_uncaught_exception
    raise exc
  File "D:\projects\fl\unlockers\env\lib\site-packages\rest_framework\views.py", line 506, in dispatch
    response = handler(request, *args, **kwargs)
  File "D:\projects\fl\unlockers\env\lib\site-packages\rest_framework\generics.py", line 190, in post
    return self.create(request, *args, **kwargs)
  File "D:\projects\fl\unlockers\env\lib\site-packages\rest_framework\mixins.py", line 19, in create
    self.perform_create(serializer)
  File "D:\projects\fl\unlockers\env\lib\site-packages\rest_framework\mixins.py", line 24, in perform_create
    serializer.save()
  File "D:\projects\fl\unlockers\env\lib\site-packages\rest_framework\serializers.py", line 212, in save
    self.instance = self.create(validated_data)
  File "D:\projects\fl\unlockers\apps\request\rest\serializers.py", line 172, in create
    request_object = create_request_for_unregistered_car(
  File "D:\projects\fl\unlockers\apps\request\contrib.py", line 96, in create_request_for_unregistered_car
    if request.car:
  File "D:\projects\fl\unlockers\env\lib\site-packages\django\db\models\fields\related_descriptors.py", line 246, in __get__
    raise self.RelatedObjectDoesNotExist(
apps.request.models.Request.car.RelatedObjectDoesNotExist: Request has no car.
ERROR 2023-08-13 17:30:52,173 basehttp "POST /api/v1/request/create/ HTTP/1.1" 500 146867
WARNING 2023-08-13 17:30:52,202 log Method Not Allowed: /api/v1/request/create/
WARNING 2023-08-13 17:30:52,202 basehttp "GET /api/v1/request/create/ HTTP/1.1" 405 40
INFO 2023-08-13 17:31:45,432 autoreload Watching for file changes with StatReloader
ERROR 2023-08-13 17:31:53,316 log Internal Server Error: /api/v1/request/create/
Traceback (most recent call last):
  File "D:\projects\fl\unlockers\env\lib\site-packages\django\core\handlers\exception.py", line 55, in inner
    response = get_response(request)
  File "D:\projects\fl\unlockers\env\lib\site-packages\django\core\handlers\base.py", line 197, in _get_response
    response = wrapped_callback(request, *callback_args, **callback_kwargs)
  File "D:\projects\fl\unlockers\env\lib\site-packages\django\views\decorators\csrf.py", line 56, in wrapper_view
    return view_func(*args, **kwargs)
  File "D:\projects\fl\unlockers\env\lib\site-packages\django\views\generic\base.py", line 104, in view
    return self.dispatch(request, *args, **kwargs)
  File "D:\projects\fl\unlockers\env\lib\site-packages\rest_framework\views.py", line 509, in dispatch
    response = self.handle_exception(exc)
  File "D:\projects\fl\unlockers\env\lib\site-packages\rest_framework\views.py", line 469, in handle_exception
    self.raise_uncaught_exception(exc)
  File "D:\projects\fl\unlockers\env\lib\site-packages\rest_framework\views.py", line 480, in raise_uncaught_exception
    raise exc
  File "D:\projects\fl\unlockers\env\lib\site-packages\rest_framework\views.py", line 506, in dispatch
    response = handler(request, *args, **kwargs)
  File "D:\projects\fl\unlockers\env\lib\site-packages\rest_framework\generics.py", line 190, in post
    return self.create(request, *args, **kwargs)
  File "D:\projects\fl\unlockers\env\lib\site-packages\rest_framework\mixins.py", line 19, in create
    self.perform_create(serializer)
  File "D:\projects\fl\unlockers\env\lib\site-packages\rest_framework\mixins.py", line 24, in perform_create
    serializer.save()
  File "D:\projects\fl\unlockers\env\lib\site-packages\rest_framework\serializers.py", line 212, in save
    self.instance = self.create(validated_data)
  File "D:\projects\fl\unlockers\apps\request\rest\serializers.py", line 172, in create
    request_object = create_request_for_unregistered_car(
  File "D:\projects\fl\unlockers\apps\request\contrib.py", line 96, in create_request_for_unregistered_car
    if request.car:
  File "D:\projects\fl\unlockers\env\lib\site-packages\django\db\models\fields\related_descriptors.py", line 246, in __get__
    raise self.RelatedObjectDoesNotExist(
apps.request.models.Request.car.RelatedObjectDoesNotExist: Request has no car.
ERROR 2023-08-13 17:31:53,325 basehttp "POST /api/v1/request/create/ HTTP/1.1" 500 146867
WARNING 2023-08-13 17:31:53,365 log Method Not Allowed: /api/v1/request/create/
WARNING 2023-08-13 17:31:53,365 basehttp "GET /api/v1/request/create/ HTTP/1.1" 405 40
INFO 2023-08-13 17:32:43,597 autoreload Watching for file changes with StatReloader
ERROR 2023-08-13 17:32:49,169 log Internal Server Error: /api/v1/request/create/
Traceback (most recent call last):
  File "D:\projects\fl\unlockers\env\lib\site-packages\django\core\handlers\exception.py", line 55, in inner
    response = get_response(request)
  File "D:\projects\fl\unlockers\env\lib\site-packages\django\core\handlers\base.py", line 197, in _get_response
    response = wrapped_callback(request, *callback_args, **callback_kwargs)
  File "D:\projects\fl\unlockers\env\lib\site-packages\django\views\decorators\csrf.py", line 56, in wrapper_view
    return view_func(*args, **kwargs)
  File "D:\projects\fl\unlockers\env\lib\site-packages\django\views\generic\base.py", line 104, in view
    return self.dispatch(request, *args, **kwargs)
  File "D:\projects\fl\unlockers\env\lib\site-packages\rest_framework\views.py", line 509, in dispatch
    response = self.handle_exception(exc)
  File "D:\projects\fl\unlockers\env\lib\site-packages\rest_framework\views.py", line 469, in handle_exception
    self.raise_uncaught_exception(exc)
  File "D:\projects\fl\unlockers\env\lib\site-packages\rest_framework\views.py", line 480, in raise_uncaught_exception
    raise exc
  File "D:\projects\fl\unlockers\env\lib\site-packages\rest_framework\views.py", line 506, in dispatch
    response = handler(request, *args, **kwargs)
  File "D:\projects\fl\unlockers\env\lib\site-packages\rest_framework\generics.py", line 190, in post
    return self.create(request, *args, **kwargs)
  File "D:\projects\fl\unlockers\env\lib\site-packages\rest_framework\mixins.py", line 19, in create
    self.perform_create(serializer)
  File "D:\projects\fl\unlockers\env\lib\site-packages\rest_framework\mixins.py", line 24, in perform_create
    serializer.save()
  File "D:\projects\fl\unlockers\env\lib\site-packages\rest_framework\serializers.py", line 212, in save
    self.instance = self.create(validated_data)
  File "D:\projects\fl\unlockers\apps\request\rest\serializers.py", line 172, in create
    request_object = create_request_for_unregistered_car(
  File "D:\projects\fl\unlockers\apps\request\contrib.py", line 96, in create_request_for_unregistered_car
    if request.car:
  File "D:\projects\fl\unlockers\env\lib\site-packages\django\db\models\fields\related_descriptors.py", line 246, in __get__
    raise self.RelatedObjectDoesNotExist(
apps.request.models.Request.car.RelatedObjectDoesNotExist: Request has no car.
ERROR 2023-08-13 17:32:49,172 basehttp "POST /api/v1/request/create/ HTTP/1.1" 500 146867
WARNING 2023-08-13 17:32:49,205 log Method Not Allowed: /api/v1/request/create/
WARNING 2023-08-13 17:32:49,205 basehttp "GET /api/v1/request/create/ HTTP/1.1" 405 40
INFO 2023-08-13 17:34:49,715 autoreload Watching for file changes with StatReloader
WARNING 2023-08-13 17:35:05,192 log Method Not Allowed: /api/v1/request/create/
WARNING 2023-08-13 17:35:05,192 basehttp "GET /api/v1/request/create/ HTTP/1.1" 405 13261
INFO 2023-08-13 17:35:05,225 basehttp - Broken pipe from ('127.0.0.1', 55795)
ERROR 2023-08-13 17:35:16,707 log Internal Server Error: /api/v1/request/create/
Traceback (most recent call last):
  File "D:\projects\fl\unlockers\env\lib\site-packages\django\core\handlers\exception.py", line 55, in inner
    response = get_response(request)
  File "D:\projects\fl\unlockers\env\lib\site-packages\django\core\handlers\base.py", line 197, in _get_response
    response = wrapped_callback(request, *callback_args, **callback_kwargs)
  File "D:\projects\fl\unlockers\env\lib\site-packages\django\views\decorators\csrf.py", line 56, in wrapper_view
    return view_func(*args, **kwargs)
  File "D:\projects\fl\unlockers\env\lib\site-packages\django\views\generic\base.py", line 104, in view
    return self.dispatch(request, *args, **kwargs)
  File "D:\projects\fl\unlockers\env\lib\site-packages\rest_framework\views.py", line 509, in dispatch
    response = self.handle_exception(exc)
  File "D:\projects\fl\unlockers\env\lib\site-packages\rest_framework\views.py", line 469, in handle_exception
    self.raise_uncaught_exception(exc)
  File "D:\projects\fl\unlockers\env\lib\site-packages\rest_framework\views.py", line 480, in raise_uncaught_exception
    raise exc
  File "D:\projects\fl\unlockers\env\lib\site-packages\rest_framework\views.py", line 506, in dispatch
    response = handler(request, *args, **kwargs)
  File "D:\projects\fl\unlockers\env\lib\site-packages\rest_framework\generics.py", line 190, in post
    return self.create(request, *args, **kwargs)
  File "D:\projects\fl\unlockers\env\lib\site-packages\rest_framework\mixins.py", line 19, in create
    self.perform_create(serializer)
  File "D:\projects\fl\unlockers\env\lib\site-packages\rest_framework\mixins.py", line 24, in perform_create
    serializer.save()
  File "D:\projects\fl\unlockers\env\lib\site-packages\rest_framework\serializers.py", line 212, in save
    self.instance = self.create(validated_data)
  File "D:\projects\fl\unlockers\apps\request\rest\serializers.py", line 172, in create
    request_object = create_request_for_unregistered_car(
  File "D:\projects\fl\unlockers\apps\request\contrib.py", line 96, in create_request_for_unregistered_car
    if request.car:
  File "D:\projects\fl\unlockers\env\lib\site-packages\django\db\models\fields\related_descriptors.py", line 246, in __get__
    raise self.RelatedObjectDoesNotExist(
apps.request.models.Request.car.RelatedObjectDoesNotExist: Request has no car.
ERROR 2023-08-13 17:35:16,710 basehttp "POST /api/v1/request/create/ HTTP/1.1" 500 146289
WARNING 2023-08-13 17:38:25,128 log Method Not Allowed: /api/v1/request/create/
WARNING 2023-08-13 17:38:25,129 basehttp "GET /api/v1/request/create/ HTTP/1.1" 405 40
INFO 2023-08-13 17:47:43,509 autoreload Watching for file changes with StatReloader
INFO 2023-08-13 17:48:23,818 basehttp "POST /api/v1/request/create/ HTTP/1.1" 201 13451
INFO 2023-08-13 17:54:28,863 basehttp "GET /admin/cars/car/ HTTP/1.1" 200 20403
INFO 2023-08-13 17:54:28,878 basehttp "GET /admin/jsi18n/ HTTP/1.1" 200 3343
INFO 2023-08-13 17:54:29,033 basehttp "GET /admin/cars/car/ HTTP/1.1" 200 20403
INFO 2023-08-13 17:54:38,776 basehttp "GET /admin/request/quote/ HTTP/1.1" 200 27106
INFO 2023-08-13 17:54:38,790 basehttp "GET /admin/jsi18n/ HTTP/1.1" 200 3343
INFO 2023-08-13 17:54:38,853 basehttp "GET /admin/request/quote/ HTTP/1.1" 200 27106
INFO 2023-08-13 17:54:38,853 basehttp "GET /static/admin/js/calendar.js?_=1691934878800 HTTP/1.1" 200 8466
INFO 2023-08-13 17:54:38,854 basehttp "GET /static/admin/js/admin/DateTimeShortcuts.js?_=1691934878801 HTTP/1.1" 200 19319
INFO 2023-08-13 17:54:41,467 basehttp "GET /admin/request/quote/17/change/ HTTP/1.1" 200 28896
INFO 2023-08-13 17:54:41,482 basehttp "GET /admin/jsi18n/ HTTP/1.1" 200 3343
INFO 2023-08-13 17:54:41,539 basehttp "GET /admin/request/quote/17/change/ HTTP/1.1" 200 28896
INFO 2023-08-13 17:54:48,952 basehttp "GET /admin/request/request/ HTTP/1.1" 200 45224
INFO 2023-08-13 17:54:48,967 basehttp "GET /admin/jsi18n/ HTTP/1.1" 200 3343
INFO 2023-08-13 17:54:49,043 basehttp "GET /static/admin/js/calendar.js?_=1691934888977 HTTP/1.1" 200 8466
INFO 2023-08-13 17:54:49,045 basehttp "GET /static/admin/js/admin/DateTimeShortcuts.js?_=1691934888978 HTTP/1.1" 200 19319
INFO 2023-08-13 17:54:49,066 basehttp "GET /admin/request/request/ HTTP/1.1" 200 45224
INFO 2023-08-13 17:55:01,204 basehttp "GET /admin/booking/employee/ HTTP/1.1" 200 21309
INFO 2023-08-13 17:55:01,220 basehttp "GET /admin/jsi18n/ HTTP/1.1" 200 3343
INFO 2023-08-13 17:55:01,273 basehttp "GET /admin/booking/employee/ HTTP/1.1" 200 21309
INFO 2023-08-13 17:55:05,715 basehttp "GET /admin/booking/ HTTP/1.1" 200 5946
INFO 2023-08-13 17:55:05,752 basehttp "GET /admin/booking/ HTTP/1.1" 200 5946
INFO 2023-08-13 17:55:07,407 basehttp "GET /admin/booking/order/ HTTP/1.1" 200 32188
INFO 2023-08-13 17:55:07,421 basehttp "GET /admin/jsi18n/ HTTP/1.1" 200 3343
INFO 2023-08-13 17:55:07,491 basehttp "GET /static/admin/js/calendar.js?_=1691934907433 HTTP/1.1" 200 8466
INFO 2023-08-13 17:55:07,491 basehttp "GET /static/admin/js/admin/DateTimeShortcuts.js?_=1691934907434 HTTP/1.1" 200 19319
INFO 2023-08-13 17:55:07,495 basehttp "GET /admin/booking/order/ HTTP/1.1" 200 32188
INFO 2023-08-13 17:55:12,529 basehttp "GET /admin/booking/order/1/change/ HTTP/1.1" 200 39525
INFO 2023-08-13 17:55:12,546 basehttp "GET /admin/jsi18n/ HTTP/1.1" 200 3343
INFO 2023-08-13 17:55:12,623 basehttp "GET /admin/booking/order/1/change/ HTTP/1.1" 200 39525
INFO 2023-08-13 18:20:32,549 basehttp "GET /admin/booking/order/ HTTP/1.1" 200 32188
INFO 2023-08-13 18:20:32,620 basehttp "GET /static/admin/js/calendar.js?_=1691936432579 HTTP/1.1" 200 8466
INFO 2023-08-13 18:20:32,621 basehttp "GET /static/admin/js/admin/DateTimeShortcuts.js?_=1691936432580 HTTP/1.1" 200 19319
INFO 2023-08-13 18:20:32,721 basehttp "GET /admin/booking/order/ HTTP/1.1" 200 32188
INFO 2023-08-13 18:40:31,678 basehttp "GET / HTTP/1.1" 200 46575
INFO 2023-08-13 18:40:31,741 basehttp "GET /media/hero_bg_2.jpg HTTP/1.1" 304 0
INFO 2023-08-13 18:40:31,741 basehttp "GET /media/person_6-min.jpg HTTP/1.1" 304 0
INFO 2023-08-13 18:40:31,758 basehttp "GET /media/logo_kXfF9uZ.png HTTP/1.1" 304 0
INFO 2023-08-13 18:40:31,759 basehttp "GET /media/photo_2023-03-17_14-23-48.jpg HTTP/1.1" 304 0
INFO 2023-08-13 18:40:31,952 basehttp "GET /api/v1/cabinet/profile-info/ HTTP/1.1" 200 76
INFO 2023-08-13 18:40:32,007 basehttp "GET /api/v1/request/services/ HTTP/1.1" 200 391
INFO 2023-08-13 18:40:34,871 basehttp "GET / HTTP/1.1" 200 46575
INFO 2023-08-13 18:41:31,036 basehttp "GET /order/21/create/ HTTP/1.1" 200 27618
INFO 2023-08-13 18:41:31,096 basehttp "GET /static/img/circles.png HTTP/1.1" 200 6590
INFO 2023-08-13 18:41:31,217 basehttp "GET /api/v1/cabinet/profile-info/ HTTP/1.1" 200 76
INFO 2023-08-13 18:41:31,682 basehttp "POST /api/v1/request/create/ HTTP/1.1" 201 114
INFO 2023-08-13 18:41:32,735 basehttp "GET /order/21/create/ HTTP/1.1" 200 27618
INFO 2023-08-13 18:41:38,571 basehttp "GET /static/fonts/Montserrat-Light.ttf HTTP/1.1" 200 242068
ERROR 2023-08-13 18:42:01,021 log Internal Server Error: /api/v1/order/user/21/create/
Traceback (most recent call last):
  File "D:\projects\fl\unlockers\env\lib\site-packages\rest_framework\serializers.py", line 962, in create
    instance = ModelClass._default_manager.create(**validated_data)
  File "D:\projects\fl\unlockers\env\lib\site-packages\django\db\models\manager.py", line 87, in manager_method
    return getattr(self.get_queryset(), name)(*args, **kwargs)
  File "D:\projects\fl\unlockers\env\lib\site-packages\django\db\models\query.py", line 656, in create
    obj = self.model(**kwargs)
  File "D:\projects\fl\unlockers\env\lib\site-packages\django\db\models\base.py", line 567, in __init__
    raise TypeError(
TypeError: Order() got unexpected keyword arguments: 'request'

During handling of the above exception, another exception occurred:

Traceback (most recent call last):
  File "D:\projects\fl\unlockers\env\lib\site-packages\django\core\handlers\exception.py", line 55, in inner
    response = get_response(request)
  File "D:\projects\fl\unlockers\env\lib\site-packages\django\core\handlers\base.py", line 197, in _get_response
    response = wrapped_callback(request, *callback_args, **callback_kwargs)
  File "D:\projects\fl\unlockers\env\lib\site-packages\django\views\decorators\csrf.py", line 56, in wrapper_view
    return view_func(*args, **kwargs)
  File "D:\projects\fl\unlockers\env\lib\site-packages\django\views\generic\base.py", line 104, in view
    return self.dispatch(request, *args, **kwargs)
  File "D:\projects\fl\unlockers\env\lib\site-packages\rest_framework\views.py", line 509, in dispatch
    response = self.handle_exception(exc)
  File "D:\projects\fl\unlockers\env\lib\site-packages\rest_framework\views.py", line 469, in handle_exception
    self.raise_uncaught_exception(exc)
  File "D:\projects\fl\unlockers\env\lib\site-packages\rest_framework\views.py", line 480, in raise_uncaught_exception
    raise exc
  File "D:\projects\fl\unlockers\env\lib\site-packages\rest_framework\views.py", line 506, in dispatch
    response = handler(request, *args, **kwargs)
  File "D:\projects\fl\unlockers\apps\booking\rest\views.py", line 54, in post
    return super().post(request, *args, **kwargs)
  File "D:\projects\fl\unlockers\env\lib\site-packages\rest_framework\generics.py", line 190, in post
    return self.create(request, *args, **kwargs)
  File "D:\projects\fl\unlockers\env\lib\site-packages\rest_framework\mixins.py", line 19, in create
    self.perform_create(serializer)
  File "D:\projects\fl\unlockers\env\lib\site-packages\rest_framework\mixins.py", line 24, in perform_create
    serializer.save()
  File "D:\projects\fl\unlockers\env\lib\site-packages\rest_framework\serializers.py", line 212, in save
    self.instance = self.create(validated_data)
  File "D:\projects\fl\unlockers\apps\booking\rest\serializers.py", line 75, in create
    return super().create(validated_data)
  File "D:\projects\fl\unlockers\env\lib\site-packages\rest_framework\serializers.py", line 981, in create
    raise TypeError(msg)
TypeError: Got a `TypeError` when calling `Order.objects.create()`. This may be because you have a writable field on the serializer class that is not a valid argument to `Order.objects.create()`. You may need to make the field read-only, or override the UserOrderCreateSerializer.create() method to handle this correctly.
Original exception was:
 Traceback (most recent call last):
  File "D:\projects\fl\unlockers\env\lib\site-packages\rest_framework\serializers.py", line 962, in create
    instance = ModelClass._default_manager.create(**validated_data)
  File "D:\projects\fl\unlockers\env\lib\site-packages\django\db\models\manager.py", line 87, in manager_method
    return getattr(self.get_queryset(), name)(*args, **kwargs)
  File "D:\projects\fl\unlockers\env\lib\site-packages\django\db\models\query.py", line 656, in create
    obj = self.model(**kwargs)
  File "D:\projects\fl\unlockers\env\lib\site-packages\django\db\models\base.py", line 567, in __init__
    raise TypeError(
TypeError: Order() got unexpected keyword arguments: 'request'

ERROR 2023-08-13 18:42:01,024 basehttp "POST /api/v1/order/user/21/create/ HTTP/1.1" 500 188019
INFO 2023-08-14 19:12:25,961 autoreload Watching for file changes with StatReloader
INFO 2023-08-14 19:12:31,728 basehttp "GET / HTTP/1.1" 200 46575
INFO 2023-08-14 19:12:31,740 basehttp "GET /static/js/vendor.js.css HTTP/1.1" 200 46186
INFO 2023-08-14 19:12:31,743 basehttp "GET /static/css/style.css HTTP/1.1" 200 444027
INFO 2023-08-14 19:12:31,775 basehttp "GET /static/img/payment.png HTTP/1.1" 200 13454
INFO 2023-08-14 19:12:31,776 basehttp "GET /media/person_6-min.jpg HTTP/1.1" 200 66011
INFO 2023-08-14 19:12:31,781 basehttp "GET /media/hero_bg_2.jpg HTTP/1.1" 200 444234
INFO 2023-08-14 19:12:31,787 basehttp "GET /media/logo_kXfF9uZ.png HTTP/1.1" 200 32983
INFO 2023-08-14 19:12:31,790 basehttp "GET /media/photo_2023-03-17_14-23-48.jpg HTTP/1.1" 200 220016
INFO 2023-08-14 19:12:31,793 basehttp "GET /static/js/vendor.js HTTP/1.1" 200 1416215
INFO 2023-08-14 19:12:31,794 basehttp "GET /static/js/main.js HTTP/1.1" 200 1463364
INFO 2023-08-14 19:12:31,840 basehttp "GET /static/fonts/svgfont.ttf HTTP/1.1" 200 7616
INFO 2023-08-14 19:12:31,843 basehttp "GET /static/fonts/Montserrat-Medium.ttf HTTP/1.1" 200 243180
INFO 2023-08-14 19:12:31,844 basehttp "GET /static/fonts/Montserrat-Bold.ttf HTTP/1.1" 200 244468
INFO 2023-08-14 19:12:31,844 basehttp "GET /static/fonts/Montserrat-Regular.ttf HTTP/1.1" 200 245708
INFO 2023-08-14 19:12:32,112 basehttp "GET /vuejs-translatei18n.js HTTP/1.1" 200 2419
INFO 2023-08-14 19:12:32,165 basehttp "GET /api/v1/cabinet/profile-info/ HTTP/1.1" 200 76
INFO 2023-08-14 19:12:32,210 basehttp "GET /api/v1/request/services/ HTTP/1.1" 200 391
INFO 2023-08-14 19:12:34,583 basehttp "GET /admin/ HTTP/1.1" 200 25439
INFO 2023-08-14 19:12:34,627 basehttp "GET /static/admin/css/nav_sidebar.css HTTP/1.1" 200 2694
INFO 2023-08-14 19:12:34,627 basehttp "GET /static/admin/css/dark_mode.css HTTP/1.1" 200 2929
INFO 2023-08-14 19:12:34,628 basehttp "GET /static/admin/css/base.css HTTP/1.1" 200 21207
INFO 2023-08-14 19:12:34,656 basehttp "GET /static/admin/css/dashboard.css HTTP/1.1" 200 441
INFO 2023-08-14 19:12:34,660 basehttp "GET /static/admin/js/theme.js HTTP/1.1" 200 1943
INFO 2023-08-14 19:12:34,661 basehttp "GET /static/admin/js/nav_sidebar.js HTTP/1.1" 200 3063
INFO 2023-08-14 19:12:34,661 basehttp "GET /static/admin/css/responsive.css HTTP/1.1" 200 18533
INFO 2023-08-14 19:12:34,686 basehttp "GET /static/admin/img/icon-changelink.svg HTTP/1.1" 200 380
INFO 2023-08-14 19:12:34,686 basehttp "GET /static/admin/img/icon-addlink.svg HTTP/1.1" 200 331
INFO 2023-08-14 19:12:34,687 basehttp "GET /static/admin/img/icon-deletelink.svg HTTP/1.1" 200 392
INFO 2023-08-14 19:12:34,689 basehttp "GET /admin/ HTTP/1.1" 200 25439
INFO 2023-08-14 19:12:35,366 basehttp "GET / HTTP/1.1" 200 46575
INFO 2023-08-14 19:12:49,759 basehttp "GET /admin/request/request/ HTTP/1.1" 200 46092
INFO 2023-08-14 19:12:49,774 basehttp "GET /static/admin/css/changelists.css HTTP/1.1" 200 6566
INFO 2023-08-14 19:12:49,777 basehttp "GET /static/admin/js/core.js HTTP/1.1" 200 5682
INFO 2023-08-14 19:12:49,778 basehttp "GET /static/admin/css/forms.css HTTP/1.1" 200 9047
INFO 2023-08-14 19:12:49,778 basehttp "GET /static/admin/js/jquery.init.js HTTP/1.1" 200 347
INFO 2023-08-14 19:12:49,778 basehttp "GET /static/admin/css/widgets.css HTTP/1.1" 200 11900
INFO 2023-08-14 19:12:49,782 basehttp "GET /admin/jsi18n/ HTTP/1.1" 200 3343
INFO 2023-08-14 19:12:49,783 basehttp "GET /static/admin/js/admin/RelatedObjectLookups.js HTTP/1.1" 200 8943
INFO 2023-08-14 19:12:49,784 basehttp "GET /static/admin/js/urlify.js HTTP/1.1" 200 7887
INFO 2023-08-14 19:12:49,784 basehttp "GET /static/admin/js/actions.js HTTP/1.1" 200 7872
INFO 2023-08-14 19:12:49,785 basehttp "GET /static/admin/js/prepopulate.js HTTP/1.1" 200 1531
INFO 2023-08-14 19:12:49,787 basehttp "GET /static/admin/js/vendor/jquery/jquery.js HTTP/1.1" 200 292458
INFO 2023-08-14 19:12:49,787 basehttp "GET /static/admin/js/vendor/xregexp/xregexp.js HTTP/1.1" 200 232381
INFO 2023-08-14 19:12:49,790 basehttp "GET /static/admin/js/filters.js HTTP/1.1" 200 978
INFO 2023-08-14 19:12:49,810 basehttp "GET /static/admin/img/tooltag-add.svg HTTP/1.1" 200 331
INFO 2023-08-14 19:12:49,880 basehttp "GET /static/admin/js/calendar.js?_=1692025969793 HTTP/1.1" 200 8466
INFO 2023-08-14 19:12:49,883 basehttp "GET /static/admin/js/admin/DateTimeShortcuts.js?_=1692025969794 HTTP/1.1" 200 19319
INFO 2023-08-14 19:12:49,908 basehttp "GET /static/admin/img/icon-calendar.svg HTTP/1.1" 200 1086
INFO 2023-08-14 19:12:49,908 basehttp "GET /admin/request/request/ HTTP/1.1" 200 46092
INFO 2023-08-14 19:12:51,229 basehttp "GET /admin/request/request/21/change/ HTTP/1.1" 200 30659
INFO 2023-08-14 19:12:51,247 basehttp "GET /static/admin/img/icon-viewlink.svg HTTP/1.1" 200 581
INFO 2023-08-14 19:12:51,250 basehttp "GET /admin/jsi18n/ HTTP/1.1" 200 3343
INFO 2023-08-14 19:12:51,254 basehttp "GET /static/admin/js/prepopulate_init.js HTTP/1.1" 200 586
INFO 2023-08-14 19:12:51,255 basehttp "GET /static/admin/js/change_form.js HTTP/1.1" 200 606
INFO 2023-08-14 19:12:51,310 basehttp "GET /admin/request/request/21/change/ HTTP/1.1" 200 30659
WARNING 2023-08-14 19:13:13,276 log Method Not Allowed: /api/v1/request/create/
WARNING 2023-08-14 19:13:13,277 basehttp "GET /api/v1/request/create/ HTTP/1.1" 405 13295
INFO 2023-08-14 19:13:13,295 basehttp "GET /static/rest_framework/css/bootstrap-tweaks.css HTTP/1.1" 200 3385
INFO 2023-08-14 19:13:13,296 basehttp "GET /static/rest_framework/js/ajax-form.js HTTP/1.1" 200 3597
INFO 2023-08-14 19:13:13,296 basehttp "GET /static/rest_framework/css/prettify.css HTTP/1.1" 200 817
INFO 2023-08-14 19:13:13,296 basehttp "GET /static/rest_framework/css/default.css HTTP/1.1" 200 1152
INFO 2023-08-14 19:13:13,300 basehttp "GET /static/rest_framework/js/csrf.js HTTP/1.1" 200 1719
INFO 2023-08-14 19:13:13,301 basehttp "GET /static/rest_framework/js/default.js HTTP/1.1" 200 1268
INFO 2023-08-14 19:13:13,301 basehttp "GET /static/rest_framework/js/prettify-min.js HTTP/1.1" 200 13632
INFO 2023-08-14 19:13:13,302 basehttp "GET /static/rest_framework/js/jquery-3.5.1.min.js HTTP/1.1" 200 89476
INFO 2023-08-14 19:13:13,303 basehttp "GET /static/rest_framework/js/bootstrap.min.js HTTP/1.1" 200 39680
INFO 2023-08-14 19:13:13,303 basehttp "GET /static/rest_framework/css/bootstrap.min.css HTTP/1.1" 200 121457
INFO 2023-08-14 19:13:13,325 basehttp "GET /static/rest_framework/img/grid.png HTTP/1.1" 200 1458
WARNING 2023-08-14 19:13:13,364 log Method Not Allowed: /api/v1/request/create/
WARNING 2023-08-14 19:13:13,364 basehttp "GET /api/v1/request/create/ HTTP/1.1" 405 40
INFO 2023-08-14 19:13:29,635 basehttp "GET / HTTP/1.1" 200 46575
INFO 2023-08-14 19:13:29,863 basehttp "GET /api/v1/cabinet/profile-info/ HTTP/1.1" 200 76
INFO 2023-08-14 19:13:29,919 basehttp "GET /api/v1/request/services/ HTTP/1.1" 200 391
INFO 2023-08-14 19:13:31,224 basehttp "GET /static/fonts/Montserrat-SemiBold.ttf HTTP/1.1" 200 243816
INFO 2023-08-14 19:13:32,555 basehttp "GET / HTTP/1.1" 200 46575
ERROR 2023-08-14 19:13:48,570 log Internal Server Error: /api/v1/request/create/
Traceback (most recent call last):
  File "D:\projects\fl\unlockers\env\lib\site-packages\django\core\handlers\exception.py", line 55, in inner
    response = get_response(request)
  File "D:\projects\fl\unlockers\env\lib\site-packages\django\core\handlers\base.py", line 197, in _get_response
    response = wrapped_callback(request, *callback_args, **callback_kwargs)
  File "D:\projects\fl\unlockers\env\lib\site-packages\django\views\decorators\csrf.py", line 56, in wrapper_view
    return view_func(*args, **kwargs)
  File "D:\projects\fl\unlockers\env\lib\site-packages\django\views\generic\base.py", line 104, in view
    return self.dispatch(request, *args, **kwargs)
  File "D:\projects\fl\unlockers\env\lib\site-packages\rest_framework\views.py", line 509, in dispatch
    response = self.handle_exception(exc)
  File "D:\projects\fl\unlockers\env\lib\site-packages\rest_framework\views.py", line 469, in handle_exception
    self.raise_uncaught_exception(exc)
  File "D:\projects\fl\unlockers\env\lib\site-packages\rest_framework\views.py", line 480, in raise_uncaught_exception
    raise exc
  File "D:\projects\fl\unlockers\env\lib\site-packages\rest_framework\views.py", line 506, in dispatch
    response = handler(request, *args, **kwargs)
  File "D:\projects\fl\unlockers\env\lib\site-packages\rest_framework\generics.py", line 190, in post
    return self.create(request, *args, **kwargs)
  File "D:\projects\fl\unlockers\env\lib\site-packages\rest_framework\mixins.py", line 18, in create
    serializer.is_valid(raise_exception=True)
  File "D:\projects\fl\unlockers\env\lib\site-packages\rest_framework\serializers.py", line 227, in is_valid
    self._validated_data = self.run_validation(self.initial_data)
  File "D:\projects\fl\unlockers\env\lib\site-packages\rest_framework\serializers.py", line 429, in run_validation
    value = self.validate(value)
  File "D:\projects\fl\unlockers\apps\request\rest\serializers.py", line 109, in validate
    self.car_entity: CarEntity = get_car(attrs.get("car_registration"))
  File "D:\projects\fl\unlockers\apps\cars\contrib.py", line 92, in get_car
    return CarGetter(registration).get_car()
  File "D:\projects\fl\unlockers\apps\cars\contrib.py", line 31, in __init__
    self._make_request()
  File "D:\projects\fl\unlockers\apps\cars\contrib.py", line 37, in _make_request
    print("p: ", proxy)
OSError: [Errno 22] Invalid argument
ERROR 2023-08-14 19:13:48,571 basehttp "POST /api/v1/request/create/ HTTP/1.1" 500 146404
ERROR 2023-08-14 19:14:21,380 log Internal Server Error: /api/v1/request/create/
Traceback (most recent call last):
  File "D:\projects\fl\unlockers\env\lib\site-packages\django\core\handlers\exception.py", line 55, in inner
    response = get_response(request)
  File "D:\projects\fl\unlockers\env\lib\site-packages\django\core\handlers\base.py", line 197, in _get_response
    response = wrapped_callback(request, *callback_args, **callback_kwargs)
  File "D:\projects\fl\unlockers\env\lib\site-packages\django\views\decorators\csrf.py", line 56, in wrapper_view
    return view_func(*args, **kwargs)
  File "D:\projects\fl\unlockers\env\lib\site-packages\django\views\generic\base.py", line 104, in view
    return self.dispatch(request, *args, **kwargs)
  File "D:\projects\fl\unlockers\env\lib\site-packages\rest_framework\views.py", line 509, in dispatch
    response = self.handle_exception(exc)
  File "D:\projects\fl\unlockers\env\lib\site-packages\rest_framework\views.py", line 469, in handle_exception
    self.raise_uncaught_exception(exc)
  File "D:\projects\fl\unlockers\env\lib\site-packages\rest_framework\views.py", line 480, in raise_uncaught_exception
    raise exc
  File "D:\projects\fl\unlockers\env\lib\site-packages\rest_framework\views.py", line 506, in dispatch
    response = handler(request, *args, **kwargs)
  File "D:\projects\fl\unlockers\env\lib\site-packages\rest_framework\generics.py", line 190, in post
    return self.create(request, *args, **kwargs)
  File "D:\projects\fl\unlockers\env\lib\site-packages\rest_framework\mixins.py", line 18, in create
    serializer.is_valid(raise_exception=True)
  File "D:\projects\fl\unlockers\env\lib\site-packages\rest_framework\serializers.py", line 227, in is_valid
    self._validated_data = self.run_validation(self.initial_data)
  File "D:\projects\fl\unlockers\env\lib\site-packages\rest_framework\serializers.py", line 429, in run_validation
    value = self.validate(value)
  File "D:\projects\fl\unlockers\apps\request\rest\serializers.py", line 109, in validate
    self.car_entity: CarEntity = get_car(attrs.get("car_registration"))
  File "D:\projects\fl\unlockers\apps\cars\contrib.py", line 92, in get_car
    return CarGetter(registration).get_car()
  File "D:\projects\fl\unlockers\apps\cars\contrib.py", line 31, in __init__
    self._make_request()
  File "D:\projects\fl\unlockers\apps\cars\contrib.py", line 37, in _make_request
    print("p: ", proxy)
OSError: [Errno 22] Invalid argument
ERROR 2023-08-14 19:14:21,380 basehttp "POST /api/v1/request/create/ HTTP/1.1" 500 146404
INFO 2023-08-14 19:14:33,593 basehttp "GET /admin/request/request/ HTTP/1.1" 200 46092
INFO 2023-08-14 19:14:33,611 basehttp "GET /admin/jsi18n/ HTTP/1.1" 200 3343
INFO 2023-08-14 19:14:33,703 basehttp "GET /static/admin/js/calendar.js?_=1692026073620 HTTP/1.1" 200 8466
INFO 2023-08-14 19:14:33,703 basehttp "GET /static/admin/js/admin/DateTimeShortcuts.js?_=1692026073621 HTTP/1.1" 200 19319
INFO 2023-08-14 19:14:33,731 basehttp "GET /admin/request/request/ HTTP/1.1" 200 46092
INFO 2023-08-14 19:14:49,765 basehttp "GET /admin/booking/order/ HTTP/1.1" 200 32188
INFO 2023-08-14 19:14:49,783 basehttp "GET /admin/jsi18n/ HTTP/1.1" 200 3343
INFO 2023-08-14 19:14:49,832 basehttp "GET /static/admin/img/search.svg HTTP/1.1" 200 458
INFO 2023-08-14 19:14:49,944 basehttp "GET /admin/booking/order/ HTTP/1.1" 200 32188
INFO 2023-08-14 19:14:49,944 basehttp "GET /static/admin/js/calendar.js?_=1692026089819 HTTP/1.1" 200 8466
INFO 2023-08-14 19:14:49,945 basehttp "GET /static/admin/js/admin/DateTimeShortcuts.js?_=1692026089820 HTTP/1.1" 200 19319
ERROR 2023-08-14 19:14:57,581 log Internal Server Error: /api/v1/request/create/
Traceback (most recent call last):
  File "D:\projects\fl\unlockers\env\lib\site-packages\django\core\handlers\exception.py", line 55, in inner
    response = get_response(request)
  File "D:\projects\fl\unlockers\env\lib\site-packages\django\core\handlers\base.py", line 197, in _get_response
    response = wrapped_callback(request, *callback_args, **callback_kwargs)
  File "D:\projects\fl\unlockers\env\lib\site-packages\django\views\decorators\csrf.py", line 56, in wrapper_view
    return view_func(*args, **kwargs)
  File "D:\projects\fl\unlockers\env\lib\site-packages\django\views\generic\base.py", line 104, in view
    return self.dispatch(request, *args, **kwargs)
  File "D:\projects\fl\unlockers\env\lib\site-packages\rest_framework\views.py", line 509, in dispatch
    response = self.handle_exception(exc)
  File "D:\projects\fl\unlockers\env\lib\site-packages\rest_framework\views.py", line 469, in handle_exception
    self.raise_uncaught_exception(exc)
  File "D:\projects\fl\unlockers\env\lib\site-packages\rest_framework\views.py", line 480, in raise_uncaught_exception
    raise exc
  File "D:\projects\fl\unlockers\env\lib\site-packages\rest_framework\views.py", line 506, in dispatch
    response = handler(request, *args, **kwargs)
  File "D:\projects\fl\unlockers\env\lib\site-packages\rest_framework\generics.py", line 190, in post
    return self.create(request, *args, **kwargs)
  File "D:\projects\fl\unlockers\env\lib\site-packages\rest_framework\mixins.py", line 18, in create
    serializer.is_valid(raise_exception=True)
  File "D:\projects\fl\unlockers\env\lib\site-packages\rest_framework\serializers.py", line 227, in is_valid
    self._validated_data = self.run_validation(self.initial_data)
  File "D:\projects\fl\unlockers\env\lib\site-packages\rest_framework\serializers.py", line 429, in run_validation
    value = self.validate(value)
  File "D:\projects\fl\unlockers\apps\request\rest\serializers.py", line 109, in validate
    self.car_entity: CarEntity = get_car(attrs.get("car_registration"))
  File "D:\projects\fl\unlockers\apps\cars\contrib.py", line 92, in get_car
    return CarGetter(registration).get_car()
  File "D:\projects\fl\unlockers\apps\cars\contrib.py", line 31, in __init__
    self._make_request()
  File "D:\projects\fl\unlockers\apps\cars\contrib.py", line 37, in _make_request
    print("p: ", proxy)
OSError: [Errno 22] Invalid argument
ERROR 2023-08-14 19:14:57,582 basehttp "POST /api/v1/request/create/ HTTP/1.1" 500 148370
WARNING 2023-08-14 19:14:57,617 log Method Not Allowed: /api/v1/request/create/
WARNING 2023-08-14 19:14:57,617 basehttp "GET /api/v1/request/create/ HTTP/1.1" 405 40
WARNING 2023-08-14 19:15:58,596 log Method Not Allowed: /api/v1/request/create/
WARNING 2023-08-14 19:15:58,596 basehttp "GET /api/v1/request/create/ HTTP/1.1" 405 40
WARNING 2023-08-14 19:15:59,952 log Method Not Allowed: /api/v1/request/create/
WARNING 2023-08-14 19:15:59,952 basehttp "GET /api/v1/request/create/ HTTP/1.1" 405 13295
WARNING 2023-08-14 19:16:00,009 log Method Not Allowed: /api/v1/request/create/
WARNING 2023-08-14 19:16:00,010 basehttp "GET /api/v1/request/create/ HTTP/1.1" 405 40
ERROR 2023-08-14 19:16:06,326 log Internal Server Error: /api/v1/request/create/
Traceback (most recent call last):
  File "D:\projects\fl\unlockers\env\lib\site-packages\django\core\handlers\exception.py", line 55, in inner
    response = get_response(request)
  File "D:\projects\fl\unlockers\env\lib\site-packages\django\core\handlers\base.py", line 197, in _get_response
    response = wrapped_callback(request, *callback_args, **callback_kwargs)
  File "D:\projects\fl\unlockers\env\lib\site-packages\django\views\decorators\csrf.py", line 56, in wrapper_view
    return view_func(*args, **kwargs)
  File "D:\projects\fl\unlockers\env\lib\site-packages\django\views\generic\base.py", line 104, in view
    return self.dispatch(request, *args, **kwargs)
  File "D:\projects\fl\unlockers\env\lib\site-packages\rest_framework\views.py", line 509, in dispatch
    response = self.handle_exception(exc)
  File "D:\projects\fl\unlockers\env\lib\site-packages\rest_framework\views.py", line 469, in handle_exception
    self.raise_uncaught_exception(exc)
  File "D:\projects\fl\unlockers\env\lib\site-packages\rest_framework\views.py", line 480, in raise_uncaught_exception
    raise exc
  File "D:\projects\fl\unlockers\env\lib\site-packages\rest_framework\views.py", line 506, in dispatch
    response = handler(request, *args, **kwargs)
  File "D:\projects\fl\unlockers\env\lib\site-packages\rest_framework\generics.py", line 190, in post
    return self.create(request, *args, **kwargs)
  File "D:\projects\fl\unlockers\env\lib\site-packages\rest_framework\mixins.py", line 18, in create
    serializer.is_valid(raise_exception=True)
  File "D:\projects\fl\unlockers\env\lib\site-packages\rest_framework\serializers.py", line 227, in is_valid
    self._validated_data = self.run_validation(self.initial_data)
  File "D:\projects\fl\unlockers\env\lib\site-packages\rest_framework\serializers.py", line 429, in run_validation
    value = self.validate(value)
  File "D:\projects\fl\unlockers\apps\request\rest\serializers.py", line 109, in validate
    self.car_entity: CarEntity = get_car(attrs.get("car_registration"))
  File "D:\projects\fl\unlockers\apps\cars\contrib.py", line 92, in get_car
    return CarGetter(registration).get_car()
  File "D:\projects\fl\unlockers\apps\cars\contrib.py", line 31, in __init__
    self._make_request()
  File "D:\projects\fl\unlockers\apps\cars\contrib.py", line 37, in _make_request
    print("p: ", proxy)
OSError: [Errno 22] Invalid argument
ERROR 2023-08-14 19:16:06,327 basehttp "POST /api/v1/request/create/ HTTP/1.1" 500 148370
WARNING 2023-08-14 19:16:06,356 log Method Not Allowed: /api/v1/request/create/
WARNING 2023-08-14 19:16:06,357 basehttp "GET /api/v1/request/create/ HTTP/1.1" 405 40
INFO 2023-08-14 19:57:20,779 basehttp "GET / HTTP/1.1" 200 46575
INFO 2023-08-14 19:57:20,795 basehttp "GET /static/js/vendor.js.css HTTP/1.1" 200 46186
INFO 2023-08-14 19:57:20,799 basehttp "GET /static/css/style.css HTTP/1.1" 200 444027
INFO 2023-08-14 19:57:20,826 basehttp "GET /static/img/payment.png HTTP/1.1" 200 13454
INFO 2023-08-14 19:57:20,827 basehttp "GET /media/person_6-min.jpg HTTP/1.1" 200 66011
INFO 2023-08-14 19:57:20,831 basehttp "GET /media/hero_bg_2.jpg HTTP/1.1" 200 444234
INFO 2023-08-14 19:57:20,838 basehttp "GET /media/logo_kXfF9uZ.png HTTP/1.1" 200 32983
INFO 2023-08-14 19:57:20,840 basehttp "GET /media/photo_2023-03-17_14-23-48.jpg HTTP/1.1" 200 220016
INFO 2023-08-14 19:57:20,841 basehttp "GET /static/js/vendor.js HTTP/1.1" 200 1416215
INFO 2023-08-14 19:57:20,842 basehttp "GET /static/js/main.js HTTP/1.1" 200 1463364
INFO 2023-08-14 19:57:20,883 basehttp "GET /static/fonts/svgfont.ttf HTTP/1.1" 200 7616
INFO 2023-08-14 19:57:20,887 basehttp "GET /static/fonts/Montserrat-Medium.ttf HTTP/1.1" 200 243180
INFO 2023-08-14 19:57:20,887 basehttp "GET /static/fonts/Montserrat-Bold.ttf HTTP/1.1" 200 244468
INFO 2023-08-14 19:57:20,887 basehttp "GET /static/fonts/Montserrat-Regular.ttf HTTP/1.1" 200 245708
INFO 2023-08-14 19:57:20,991 basehttp "GET /vuejs-translatei18n.js HTTP/1.1" 200 2419
INFO 2023-08-14 19:57:21,061 basehttp "GET /api/v1/cabinet/profile-info/ HTTP/1.1" 200 76
INFO 2023-08-14 19:57:21,122 basehttp "GET /api/v1/request/services/ HTTP/1.1" 200 391
INFO 2023-08-14 19:57:23,262 basehttp "GET / HTTP/1.1" 200 46575
INFO 2023-08-14 19:57:31,271 basehttp "GET /admin/request/request/ HTTP/1.1" 200 46092
INFO 2023-08-14 19:57:31,291 basehttp "GET /static/admin/css/forms.css HTTP/1.1" 200 9047
INFO 2023-08-14 19:57:31,291 basehttp "GET /static/admin/css/dark_mode.css HTTP/1.1" 200 2929
INFO 2023-08-14 19:57:31,291 basehttp "GET /static/admin/css/nav_sidebar.css HTTP/1.1" 200 2694
INFO 2023-08-14 19:57:31,292 basehttp "GET /static/admin/css/changelists.css HTTP/1.1" 200 6566
INFO 2023-08-14 19:57:31,292 basehttp "GET /static/admin/css/base.css HTTP/1.1" 200 21207
INFO 2023-08-14 19:57:31,298 basehttp "GET /static/admin/css/responsive.css HTTP/1.1" 200 18533
INFO 2023-08-14 19:57:31,298 basehttp "GET /static/admin/js/core.js HTTP/1.1" 200 5682
INFO 2023-08-14 19:57:31,298 basehttp "GET /static/admin/js/jquery.init.js HTTP/1.1" 200 347
INFO 2023-08-14 19:57:31,299 basehttp "GET /static/admin/css/widgets.css HTTP/1.1" 200 11900
INFO 2023-08-14 19:57:31,300 basehttp "GET /admin/jsi18n/ HTTP/1.1" 200 3343
INFO 2023-08-14 19:57:31,303 basehttp "GET /static/admin/js/actions.js HTTP/1.1" 200 7872
INFO 2023-08-14 19:57:31,303 basehttp "GET /static/admin/js/prepopulate.js HTTP/1.1" 200 1531
INFO 2023-08-14 19:57:31,304 basehttp "GET /static/admin/js/urlify.js HTTP/1.1" 200 7887
INFO 2023-08-14 19:57:31,304 basehttp "GET /static/admin/js/admin/RelatedObjectLookups.js HTTP/1.1" 200 8943
INFO 2023-08-14 19:57:31,306 basehttp "GET /static/admin/js/vendor/jquery/jquery.js HTTP/1.1" 200 292458
INFO 2023-08-14 19:57:31,306 basehttp "GET /static/admin/js/vendor/xregexp/xregexp.js HTTP/1.1" 200 232381
INFO 2023-08-14 19:57:31,309 basehttp "GET /static/admin/js/theme.js HTTP/1.1" 200 1943
INFO 2023-08-14 19:57:31,310 basehttp "GET /static/admin/js/nav_sidebar.js HTTP/1.1" 200 3063
INFO 2023-08-14 19:57:31,316 basehttp "GET /static/admin/js/filters.js HTTP/1.1" 200 978
INFO 2023-08-14 19:57:31,323 basehttp "GET /static/admin/img/icon-addlink.svg HTTP/1.1" 200 331
INFO 2023-08-14 19:57:31,324 basehttp "GET /static/admin/img/tooltag-add.svg HTTP/1.1" 200 331
INFO 2023-08-14 19:57:31,373 basehttp "GET /static/admin/js/admin/DateTimeShortcuts.js?_=1692028651312 HTTP/1.1" 200 19319
INFO 2023-08-14 19:57:31,375 basehttp "GET /static/admin/js/calendar.js?_=1692028651311 HTTP/1.1" 200 8466
INFO 2023-08-14 19:57:31,389 basehttp "GET /static/admin/img/icon-calendar.svg HTTP/1.1" 200 1086
INFO 2023-08-14 19:57:31,405 basehttp "GET /admin/request/request/ HTTP/1.1" 200 46092
INFO 2023-08-14 19:57:36,003 basehttp "GET /admin/request/request/21/change/ HTTP/1.1" 200 30659
INFO 2023-08-14 19:57:36,023 basehttp "GET /admin/jsi18n/ HTTP/1.1" 200 3343
INFO 2023-08-14 19:57:36,029 basehttp "GET /static/admin/img/icon-changelink.svg HTTP/1.1" 200 380
INFO 2023-08-14 19:57:36,029 basehttp "GET /static/admin/js/prepopulate_init.js HTTP/1.1" 200 586
INFO 2023-08-14 19:57:36,043 basehttp "GET /static/admin/js/change_form.js HTTP/1.1" 200 606
INFO 2023-08-14 19:57:36,043 basehttp "GET /static/admin/img/icon-viewlink.svg HTTP/1.1" 200 581
INFO 2023-08-14 19:57:36,082 basehttp "GET /admin/request/request/21/change/ HTTP/1.1" 200 30659
INFO 2023-08-14 19:57:39,177 basehttp "GET /admin/request/request/ HTTP/1.1" 200 46092
INFO 2023-08-14 19:57:39,270 basehttp "GET /static/admin/js/calendar.js?_=1692028659202 HTTP/1.1" 200 8466
INFO 2023-08-14 19:57:39,271 basehttp "GET /static/admin/js/admin/DateTimeShortcuts.js?_=1692028659203 HTTP/1.1" 200 19319
INFO 2023-08-14 19:57:39,293 basehttp "GET /admin/request/request/ HTTP/1.1" 200 46092
ERROR 2023-08-14 19:58:34,786 log Internal Server Error: /api/v1/request/create/
Traceback (most recent call last):
  File "D:\projects\fl\unlockers\env\lib\site-packages\django\core\handlers\exception.py", line 55, in inner
    response = get_response(request)
  File "D:\projects\fl\unlockers\env\lib\site-packages\django\core\handlers\base.py", line 197, in _get_response
    response = wrapped_callback(request, *callback_args, **callback_kwargs)
  File "D:\projects\fl\unlockers\env\lib\site-packages\django\views\decorators\csrf.py", line 56, in wrapper_view
    return view_func(*args, **kwargs)
  File "D:\projects\fl\unlockers\env\lib\site-packages\django\views\generic\base.py", line 104, in view
    return self.dispatch(request, *args, **kwargs)
  File "D:\projects\fl\unlockers\env\lib\site-packages\rest_framework\views.py", line 509, in dispatch
    response = self.handle_exception(exc)
  File "D:\projects\fl\unlockers\env\lib\site-packages\rest_framework\views.py", line 469, in handle_exception
    self.raise_uncaught_exception(exc)
  File "D:\projects\fl\unlockers\env\lib\site-packages\rest_framework\views.py", line 480, in raise_uncaught_exception
    raise exc
  File "D:\projects\fl\unlockers\env\lib\site-packages\rest_framework\views.py", line 506, in dispatch
    response = handler(request, *args, **kwargs)
  File "D:\projects\fl\unlockers\env\lib\site-packages\rest_framework\generics.py", line 190, in post
    return self.create(request, *args, **kwargs)
  File "D:\projects\fl\unlockers\env\lib\site-packages\rest_framework\mixins.py", line 18, in create
    serializer.is_valid(raise_exception=True)
  File "D:\projects\fl\unlockers\env\lib\site-packages\rest_framework\serializers.py", line 227, in is_valid
    self._validated_data = self.run_validation(self.initial_data)
  File "D:\projects\fl\unlockers\env\lib\site-packages\rest_framework\serializers.py", line 429, in run_validation
    value = self.validate(value)
  File "D:\projects\fl\unlockers\apps\request\rest\serializers.py", line 109, in validate
    self.car_entity: CarEntity = get_car(attrs.get("car_registration"))
  File "D:\projects\fl\unlockers\apps\cars\contrib.py", line 92, in get_car
    return CarGetter(registration).get_car()
  File "D:\projects\fl\unlockers\apps\cars\contrib.py", line 31, in __init__
    self._make_request()
  File "D:\projects\fl\unlockers\apps\cars\contrib.py", line 37, in _make_request
    print("p: ", proxy)
OSError: [Errno 22] Invalid argument
ERROR 2023-08-14 19:58:34,787 basehttp "POST /api/v1/request/create/ HTTP/1.1" 500 147954
INFO 2023-08-14 20:53:00,081 autoreload Watching for file changes with StatReloader
ERROR 2023-08-14 20:53:04,756 log Internal Server Error: /api/v1/request/create/
Traceback (most recent call last):
  File "D:\projects\fl\unlockers\env\lib\site-packages\django\core\handlers\exception.py", line 55, in inner
    response = get_response(request)
  File "D:\projects\fl\unlockers\env\lib\site-packages\django\core\handlers\base.py", line 197, in _get_response
    response = wrapped_callback(request, *callback_args, **callback_kwargs)
  File "D:\projects\fl\unlockers\env\lib\site-packages\django\views\decorators\csrf.py", line 56, in wrapper_view
    return view_func(*args, **kwargs)
  File "D:\projects\fl\unlockers\env\lib\site-packages\django\views\generic\base.py", line 104, in view
    return self.dispatch(request, *args, **kwargs)
  File "D:\projects\fl\unlockers\env\lib\site-packages\rest_framework\views.py", line 509, in dispatch
    response = self.handle_exception(exc)
  File "D:\projects\fl\unlockers\env\lib\site-packages\rest_framework\views.py", line 469, in handle_exception
    self.raise_uncaught_exception(exc)
  File "D:\projects\fl\unlockers\env\lib\site-packages\rest_framework\views.py", line 480, in raise_uncaught_exception
    raise exc
  File "D:\projects\fl\unlockers\env\lib\site-packages\rest_framework\views.py", line 506, in dispatch
    response = handler(request, *args, **kwargs)
  File "D:\projects\fl\unlockers\env\lib\site-packages\rest_framework\generics.py", line 190, in post
    return self.create(request, *args, **kwargs)
  File "D:\projects\fl\unlockers\env\lib\site-packages\rest_framework\mixins.py", line 18, in create
    serializer.is_valid(raise_exception=True)
  File "D:\projects\fl\unlockers\env\lib\site-packages\rest_framework\serializers.py", line 227, in is_valid
    self._validated_data = self.run_validation(self.initial_data)
  File "D:\projects\fl\unlockers\env\lib\site-packages\rest_framework\serializers.py", line 429, in run_validation
    value = self.validate(value)
  File "D:\projects\fl\unlockers\apps\request\rest\serializers.py", line 109, in validate
    self.car_entity: CarEntity = get_car(attrs.get("car_registration"))
  File "D:\projects\fl\unlockers\apps\cars\contrib.py", line 92, in get_car
    return CarGetter(registration).get_car()
  File "D:\projects\fl\unlockers\apps\cars\contrib.py", line 31, in __init__
    self._make_request()
  File "D:\projects\fl\unlockers\apps\cars\contrib.py", line 37, in _make_request
    print("p: ", proxy)
OSError: [Errno 22] Invalid argument
ERROR 2023-08-14 20:53:04,758 basehttp "POST /api/v1/request/create/ HTTP/1.1" 500 147941
WARNING 2023-08-14 20:53:04,857 log Not Found: /favicon.ico
INFO 2023-08-14 20:53:04,858 basehttp - Broken pipe from ('127.0.0.1', 52300)
INFO 2023-08-14 20:57:00,111 autoreload D:\projects\fl\unlockers\apps\cars\contrib.py changed, reloading.
INFO 2023-08-14 20:57:00,773 autoreload D:\projects\fl\unlockers\apps\cars\contrib.py changed, reloading.
INFO 2023-08-14 20:57:02,404 autoreload Watching for file changes with StatReloader
INFO 2023-08-14 20:57:02,460 autoreload Watching for file changes with StatReloader
INFO 2023-08-14 20:57:19,838 autoreload D:\projects\fl\unlockers\apps\cars\contrib.py changed, reloading.
INFO 2023-08-14 20:57:19,849 autoreload D:\projects\fl\unlockers\apps\cars\contrib.py changed, reloading.
INFO 2023-08-14 20:57:21,687 autoreload Watching for file changes with StatReloader
INFO 2023-08-14 20:57:21,698 autoreload Watching for file changes with StatReloader
INFO 2023-08-14 20:59:38,015 autoreload D:\projects\fl\unlockers\apps\cars\contrib.py changed, reloading.
INFO 2023-08-14 20:59:38,151 autoreload D:\projects\fl\unlockers\apps\cars\contrib.py changed, reloading.
INFO 2023-08-14 20:59:40,197 autoreload Watching for file changes with StatReloader
INFO 2023-08-14 20:59:40,234 autoreload Watching for file changes with StatReloader
INFO 2023-08-14 21:01:11,848 autoreload D:\projects\fl\unlockers\apps\cars\contrib.py changed, reloading.
INFO 2023-08-14 21:01:14,065 autoreload Watching for file changes with StatReloader
INFO 2023-08-14 21:01:15,387 autoreload Watching for file changes with StatReloader
INFO 2023-08-14 21:03:00,364 autoreload Watching for file changes with StatReloader
WARNING 2023-08-14 21:03:03,221 log Method Not Allowed: /api/v1/request/create/
WARNING 2023-08-14 21:03:03,222 basehttp "GET /api/v1/request/create/ HTTP/1.1" 405 13261
INFO 2023-08-14 21:03:03,253 basehttp "GET /static/rest_framework/css/bootstrap.min.css HTTP/1.1" 304 0
INFO 2023-08-14 21:03:03,257 basehttp "GET /static/rest_framework/js/jquery-3.5.1.min.js HTTP/1.1" 304 0
INFO 2023-08-14 21:03:03,260 basehttp "GET /static/rest_framework/js/bootstrap.min.js HTTP/1.1" 304 0
INFO 2023-08-14 21:03:03,261 basehttp "GET /static/rest_framework/js/prettify-min.js HTTP/1.1" 304 0
INFO 2023-08-14 21:03:03,263 basehttp "GET /static/rest_framework/js/default.js HTTP/1.1" 304 0
INFO 2023-08-14 21:03:03,316 basehttp "GET /static/rest_framework/css/bootstrap-tweaks.css HTTP/1.1" 304 0
INFO 2023-08-14 21:03:03,321 basehttp "GET /static/rest_framework/css/default.css HTTP/1.1" 304 0
INFO 2023-08-14 21:03:03,338 basehttp "GET /static/rest_framework/css/prettify.css HTTP/1.1" 304 0
INFO 2023-08-14 21:03:03,357 basehttp "GET /static/rest_framework/js/ajax-form.js HTTP/1.1" 304 0
INFO 2023-08-14 21:03:03,357 basehttp "GET /static/rest_framework/img/grid.png HTTP/1.1" 200 1458
INFO 2023-08-14 21:03:03,376 basehttp "GET /static/rest_framework/js/csrf.js HTTP/1.1" 304 0
INFO 2023-08-14 21:03:51,165 basehttp "POST /api/v1/request/create/ HTTP/1.1" 201 13451
INFO 2023-08-14 21:05:02,691 basehttp "GET /admin/cars/car/ HTTP/1.1" 200 20403
INFO 2023-08-14 21:05:02,736 basehttp "GET /admin/jsi18n/ HTTP/1.1" 200 3343
INFO 2023-08-14 21:05:02,741 basehttp "GET /static/admin/img/search.svg HTTP/1.1" 200 458
INFO 2023-08-14 21:05:03,991 basehttp "GET /admin/cars/car/ HTTP/1.1" 200 20403
INFO 2023-08-14 21:08:25,013 autoreload Watching for file changes with StatReloader
INFO 2023-08-14 21:08:52,956 autoreload Watching for file changes with StatReloader
WARNING 2023-08-14 21:09:08,666 log Bad Request: /api/v1/request/create/
WARNING 2023-08-14 21:09:08,666 basehttp "POST /api/v1/request/create/ HTTP/1.1" 400 13288
WARNING 2023-08-14 21:09:23,361 log Method Not Allowed: /api/v1/request/create/
WARNING 2023-08-14 21:09:23,361 basehttp "GET /api/v1/request/create/ HTTP/1.1" 405 13261
WARNING 2023-08-14 21:09:35,091 log Bad Request: /api/v1/request/create/
WARNING 2023-08-14 21:09:35,092 basehttp "POST /api/v1/request/create/ HTTP/1.1" 400 13286
WARNING 2023-08-14 21:09:44,933 log Bad Request: /api/v1/request/create/
WARNING 2023-08-14 21:09:44,934 basehttp "POST /api/v1/request/create/ HTTP/1.1" 400 13286
INFO 2023-08-14 21:10:06,890 autoreload Watching for file changes with StatReloader
WARNING 2023-08-14 21:10:16,705 log Bad Request: /api/v1/request/create/
WARNING 2023-08-14 21:10:16,705 basehttp "POST /api/v1/request/create/ HTTP/1.1" 400 13286
INFO 2023-08-14 21:14:32,423 autoreload Watching for file changes with StatReloader
WARNING 2023-08-14 21:14:41,505 log Bad Request: /api/v1/request/create/
WARNING 2023-08-14 21:14:41,506 basehttp "POST /api/v1/request/create/ HTTP/1.1" 400 13286
INFO 2023-08-14 21:16:42,617 autoreload Watching for file changes with StatReloader
INFO 2023-08-14 21:17:25,926 basehttp "POST /api/v1/request/create/ HTTP/1.1" 201 13549
INFO 2023-08-15 07:26:59,720 autoreload Watching for file changes with StatReloader
INFO 2023-08-15 07:27:08,666 basehttp "GET / HTTP/1.1" 200 46041
INFO 2023-08-15 07:27:08,693 basehttp "GET /static/js/vendor.js.css HTTP/1.1" 200 46186
INFO 2023-08-15 07:27:08,694 basehttp "GET /media/person_6-min.jpg HTTP/1.1" 200 66011
INFO 2023-08-15 07:27:08,696 basehttp "GET /static/css/style.css HTTP/1.1" 200 444027
INFO 2023-08-15 07:27:08,696 basehttp "GET /media/hero_bg_2.jpg HTTP/1.1" 200 444234
INFO 2023-08-15 07:27:08,709 basehttp "GET /static/img/payment.png HTTP/1.1" 200 13454
INFO 2023-08-15 07:27:08,717 basehttp "GET /static/js/vendor.js HTTP/1.1" 200 1416215
INFO 2023-08-15 07:27:08,718 basehttp "GET /static/js/main.js HTTP/1.1" 200 1463364
INFO 2023-08-15 07:27:08,721 basehttp "GET /media/logo_kXfF9uZ.png HTTP/1.1" 200 32983
INFO 2023-08-15 07:27:08,722 basehttp "GET /media/photo_2023-03-17_14-23-48.jpg HTTP/1.1" 200 220016
INFO 2023-08-15 07:27:08,753 basehttp "GET /static/fonts/svgfont.ttf HTTP/1.1" 200 7616
INFO 2023-08-15 07:27:08,755 basehttp "GET /static/fonts/Montserrat-Regular.ttf HTTP/1.1" 200 245708
INFO 2023-08-15 07:27:08,756 basehttp "GET /static/fonts/Montserrat-Medium.ttf HTTP/1.1" 200 243180
INFO 2023-08-15 07:27:08,756 basehttp "GET /static/fonts/Montserrat-Bold.ttf HTTP/1.1" 200 244468
INFO 2023-08-15 07:27:08,866 basehttp "GET /vuejs-translatei18n.js HTTP/1.1" 200 2419
INFO 2023-08-15 07:27:08,964 basehttp "GET /api/v1/request/services/ HTTP/1.1" 200 391
WARNING 2023-08-15 07:27:09,013 log Not Found: /media/-
WARNING 2023-08-15 07:27:09,013 basehttp "GET /media/- HTTP/1.1" 404 6373
INFO 2023-08-15 07:27:10,990 basehttp "GET / HTTP/1.1" 200 46041
INFO 2023-08-15 07:27:17,111 basehttp "GET /admin/ HTTP/1.1" 302 0
INFO 2023-08-15 07:27:17,168 basehttp "GET /admin/login/?next=/admin/ HTTP/1.1" 200 4181
INFO 2023-08-15 07:27:17,182 basehttp "GET /static/admin/css/login.css HTTP/1.1" 200 958
INFO 2023-08-15 07:27:17,182 basehttp "GET /static/admin/css/dark_mode.css HTTP/1.1" 200 2929
INFO 2023-08-15 07:27:17,182 basehttp "GET /static/admin/css/responsive.css HTTP/1.1" 200 18533
INFO 2023-08-15 07:27:17,182 basehttp "GET /static/admin/css/nav_sidebar.css HTTP/1.1" 200 2694
INFO 2023-08-15 07:27:17,183 basehttp "GET /static/admin/css/base.css HTTP/1.1" 200 21207
INFO 2023-08-15 07:27:17,188 basehttp "GET /static/admin/js/theme.js HTTP/1.1" 200 1943
INFO 2023-08-15 07:27:17,189 basehttp "GET /static/admin/js/nav_sidebar.js HTTP/1.1" 200 3063
INFO 2023-08-15 07:27:17,208 basehttp "GET /admin/login/?next=/admin/ HTTP/1.1" 200 4181
WARNING 2023-08-15 07:27:17,228 log Not Found: /favicon.ico
WARNING 2023-08-15 07:27:17,228 basehttp "GET /favicon.ico HTTP/1.1" 404 7113
INFO 2023-08-15 07:27:19,078 basehttp "POST /admin/login/?next=/admin/ HTTP/1.1" 302 0
INFO 2023-08-15 07:27:19,104 basehttp "GET /admin/ HTTP/1.1" 200 25439
INFO 2023-08-15 07:27:19,115 basehttp "GET /static/admin/css/dashboard.css HTTP/1.1" 200 441
INFO 2023-08-15 07:27:19,131 basehttp "GET /static/admin/img/icon-deletelink.svg HTTP/1.1" 200 392
INFO 2023-08-15 07:27:19,131 basehttp "GET /static/admin/img/icon-changelink.svg HTTP/1.1" 200 380
INFO 2023-08-15 07:27:19,131 basehttp "GET /static/admin/img/icon-addlink.svg HTTP/1.1" 200 331
INFO 2023-08-15 07:27:19,147 basehttp "GET /admin/ HTTP/1.1" 200 25439
INFO 2023-08-15 07:27:25,136 basehttp "GET /admin/request/request/ HTTP/1.1" 200 52136
INFO 2023-08-15 07:27:25,151 basehttp "GET /static/admin/css/changelists.css HTTP/1.1" 200 6566
INFO 2023-08-15 07:27:25,152 basehttp "GET /static/admin/css/forms.css HTTP/1.1" 200 9047
INFO 2023-08-15 07:27:25,153 basehttp "GET /static/admin/js/core.js HTTP/1.1" 200 5682
INFO 2023-08-15 07:27:25,153 basehttp "GET /static/admin/js/jquery.init.js HTTP/1.1" 200 347
INFO 2023-08-15 07:27:25,156 basehttp "GET /static/admin/css/widgets.css HTTP/1.1" 200 11900
INFO 2023-08-15 07:27:25,157 basehttp "GET /static/admin/js/admin/RelatedObjectLookups.js HTTP/1.1" 200 8943
INFO 2023-08-15 07:27:25,158 basehttp "GET /static/admin/js/actions.js HTTP/1.1" 200 7872
INFO 2023-08-15 07:27:25,160 basehttp "GET /static/admin/js/prepopulate.js HTTP/1.1" 200 1531
INFO 2023-08-15 07:27:25,160 basehttp "GET /admin/jsi18n/ HTTP/1.1" 200 3343
INFO 2023-08-15 07:27:25,160 basehttp "GET /static/admin/js/urlify.js HTTP/1.1" 200 7887
INFO 2023-08-15 07:27:25,162 basehttp "GET /static/admin/js/vendor/jquery/jquery.js HTTP/1.1" 200 292458
INFO 2023-08-15 07:27:25,163 basehttp "GET /static/admin/js/vendor/xregexp/xregexp.js HTTP/1.1" 200 232381
INFO 2023-08-15 07:27:25,165 basehttp "GET /static/admin/js/filters.js HTTP/1.1" 200 978
INFO 2023-08-15 07:27:25,185 basehttp "GET /static/admin/img/tooltag-add.svg HTTP/1.1" 200 331
INFO 2023-08-15 07:27:25,251 basehttp "GET /static/admin/js/calendar.js?_=1692070045168 HTTP/1.1" 200 8466
INFO 2023-08-15 07:27:25,251 basehttp "GET /static/admin/js/admin/DateTimeShortcuts.js?_=1692070045169 HTTP/1.1" 200 19319
INFO 2023-08-15 07:27:25,267 basehttp "GET /static/admin/img/icon-calendar.svg HTTP/1.1" 200 1086
INFO 2023-08-15 07:27:25,286 basehttp "GET /admin/request/request/ HTTP/1.1" 200 52136
INFO 2023-08-15 07:27:28,059 basehttp "GET /admin/request/request/28/change/ HTTP/1.1" 200 30718
INFO 2023-08-15 07:27:28,072 basehttp "GET /static/admin/js/prepopulate_init.js HTTP/1.1" 200 586
INFO 2023-08-15 07:27:28,072 basehttp "GET /static/admin/img/icon-viewlink.svg HTTP/1.1" 200 581
INFO 2023-08-15 07:27:28,074 basehttp "GET /admin/jsi18n/ HTTP/1.1" 200 3343
INFO 2023-08-15 07:27:28,083 basehttp "GET /static/admin/js/change_form.js HTTP/1.1" 200 606
INFO 2023-08-15 07:27:28,136 basehttp "GET /admin/request/request/28/change/ HTTP/1.1" 200 30718
INFO 2023-08-15 17:00:26,656 autoreload Watching for file changes with StatReloader
INFO 2023-08-15 17:00:34,482 basehttp "GET / HTTP/1.1" 200 46041
INFO 2023-08-15 17:00:34,499 basehttp "GET /static/js/vendor.js.css HTTP/1.1" 200 46186
INFO 2023-08-15 17:00:34,508 basehttp "GET /media/person_6-min.jpg HTTP/1.1" 200 66011
INFO 2023-08-15 17:00:34,510 basehttp "GET /media/hero_bg_2.jpg HTTP/1.1" 200 444234
INFO 2023-08-15 17:00:34,510 basehttp "GET /static/css/style.css HTTP/1.1" 200 444027
INFO 2023-08-15 17:00:34,532 basehttp "GET /static/img/payment.png HTTP/1.1" 200 13454
INFO 2023-08-15 17:00:34,543 basehttp "GET /media/logo_kXfF9uZ.png HTTP/1.1" 200 32983
INFO 2023-08-15 17:00:34,544 basehttp "GET /static/js/vendor.js HTTP/1.1" 200 1416215
INFO 2023-08-15 17:00:34,544 basehttp "GET /static/js/main.js HTTP/1.1" 200 1463364
INFO 2023-08-15 17:00:34,547 basehttp "GET /media/photo_2023-03-17_14-23-48.jpg HTTP/1.1" 200 220016
INFO 2023-08-15 17:00:34,580 basehttp "GET /static/fonts/svgfont.ttf HTTP/1.1" 200 7616
INFO 2023-08-15 17:00:34,584 basehttp "GET /static/fonts/Montserrat-Regular.ttf HTTP/1.1" 200 245708
INFO 2023-08-15 17:00:34,584 basehttp "GET /static/fonts/Montserrat-Medium.ttf HTTP/1.1" 200 243180
INFO 2023-08-15 17:00:34,585 basehttp "GET /static/fonts/Montserrat-Bold.ttf HTTP/1.1" 200 244468
INFO 2023-08-15 17:00:34,688 basehttp "GET /vuejs-translatei18n.js HTTP/1.1" 200 2419
INFO 2023-08-15 17:00:34,793 basehttp "GET /api/v1/request/services/ HTTP/1.1" 200 391
WARNING 2023-08-15 17:00:34,841 log Not Found: /media/-
WARNING 2023-08-15 17:00:34,841 basehttp "GET /media/- HTTP/1.1" 404 6373
INFO 2023-08-15 17:00:36,852 basehttp "GET / HTTP/1.1" 200 46041
INFO 2023-08-15 17:00:40,324 basehttp "GET /admin/ HTTP/1.1" 302 0
INFO 2023-08-15 17:00:40,358 basehttp "GET /admin/login/?next=/admin/ HTTP/1.1" 200 4181
INFO 2023-08-15 17:00:40,375 basehttp "GET /static/admin/css/login.css HTTP/1.1" 200 958
INFO 2023-08-15 17:00:40,375 basehttp "GET /static/admin/css/base.css HTTP/1.1" 200 21207
INFO 2023-08-15 17:00:40,375 basehttp "GET /static/admin/css/dark_mode.css HTTP/1.1" 200 2929
INFO 2023-08-15 17:00:40,376 basehttp "GET /static/admin/css/nav_sidebar.css HTTP/1.1" 200 2694
INFO 2023-08-15 17:00:40,376 basehttp "GET /static/admin/css/responsive.css HTTP/1.1" 200 18533
INFO 2023-08-15 17:00:40,383 basehttp "GET /static/admin/js/theme.js HTTP/1.1" 200 1943
INFO 2023-08-15 17:00:40,383 basehttp "GET /static/admin/js/nav_sidebar.js HTTP/1.1" 200 3063
INFO 2023-08-15 17:00:40,412 basehttp "GET /admin/login/?next=/admin/ HTTP/1.1" 200 4181
WARNING 2023-08-15 17:00:40,434 log Not Found: /favicon.ico
WARNING 2023-08-15 17:00:40,435 basehttp "GET /favicon.ico HTTP/1.1" 404 7113
INFO 2023-08-15 17:00:42,766 basehttp "POST /admin/login/?next=/admin/ HTTP/1.1" 302 0
INFO 2023-08-15 17:00:42,793 basehttp "GET /admin/ HTTP/1.1" 200 25439
INFO 2023-08-15 17:00:42,802 basehttp "GET /static/admin/css/dashboard.css HTTP/1.1" 200 441
INFO 2023-08-15 17:00:42,821 basehttp "GET /static/admin/img/icon-deletelink.svg HTTP/1.1" 200 392
INFO 2023-08-15 17:00:42,822 basehttp "GET /static/admin/img/icon-changelink.svg HTTP/1.1" 200 380
INFO 2023-08-15 17:00:42,834 basehttp "GET /static/admin/img/icon-addlink.svg HTTP/1.1" 200 331
INFO 2023-08-15 17:00:42,838 basehttp "GET /admin/ HTTP/1.1" 200 25439
INFO 2023-08-15 17:00:52,724 basehttp "GET /admin/request/request/ HTTP/1.1" 200 52136
INFO 2023-08-15 17:00:52,738 basehttp "GET /static/admin/css/changelists.css HTTP/1.1" 200 6566
INFO 2023-08-15 17:00:52,740 basehttp "GET /static/admin/js/jquery.init.js HTTP/1.1" 200 347
INFO 2023-08-15 17:00:52,741 basehttp "GET /static/admin/js/core.js HTTP/1.1" 200 5682
INFO 2023-08-15 17:00:52,743 basehttp "GET /static/admin/css/forms.css HTTP/1.1" 200 9047
INFO 2023-08-15 17:00:52,744 basehttp "GET /static/admin/css/widgets.css HTTP/1.1" 200 11900
INFO 2023-08-15 17:00:52,746 basehttp "GET /static/admin/js/admin/RelatedObjectLookups.js HTTP/1.1" 200 8943
INFO 2023-08-15 17:00:52,746 basehttp "GET /static/admin/js/actions.js HTTP/1.1" 200 7872
INFO 2023-08-15 17:00:52,748 basehttp "GET /static/admin/js/urlify.js HTTP/1.1" 200 7887
INFO 2023-08-15 17:00:52,749 basehttp "GET /admin/jsi18n/ HTTP/1.1" 200 3343
INFO 2023-08-15 17:00:52,749 basehttp "GET /static/admin/js/prepopulate.js HTTP/1.1" 200 1531
INFO 2023-08-15 17:00:52,752 basehttp "GET /static/admin/js/vendor/jquery/jquery.js HTTP/1.1" 200 292458
INFO 2023-08-15 17:00:52,752 basehttp "GET /static/admin/js/vendor/xregexp/xregexp.js HTTP/1.1" 200 232381
INFO 2023-08-15 17:00:52,756 basehttp "GET /static/admin/js/filters.js HTTP/1.1" 200 978
INFO 2023-08-15 17:00:52,775 basehttp "GET /static/admin/img/tooltag-add.svg HTTP/1.1" 200 331
INFO 2023-08-15 17:00:52,844 basehttp "GET /static/admin/js/calendar.js?_=1692104452759 HTTP/1.1" 200 8466
INFO 2023-08-15 17:00:52,849 basehttp "GET /static/admin/js/admin/DateTimeShortcuts.js?_=1692104452760 HTTP/1.1" 200 19319
INFO 2023-08-15 17:00:52,860 basehttp "GET /static/admin/img/icon-calendar.svg HTTP/1.1" 200 1086
INFO 2023-08-15 17:00:52,881 basehttp "GET /admin/request/request/ HTTP/1.1" 200 52136
INFO 2023-08-15 17:00:54,469 basehttp "GET /admin/request/request/28/change/ HTTP/1.1" 200 30718
INFO 2023-08-15 17:00:54,482 basehttp "GET /static/admin/js/prepopulate_init.js HTTP/1.1" 200 586
INFO 2023-08-15 17:00:54,482 basehttp "GET /static/admin/img/icon-viewlink.svg HTTP/1.1" 200 581
INFO 2023-08-15 17:00:54,484 basehttp "GET /admin/jsi18n/ HTTP/1.1" 200 3343
INFO 2023-08-15 17:00:54,493 basehttp "GET /static/admin/js/change_form.js HTTP/1.1" 200 606
INFO 2023-08-15 17:00:54,546 basehttp "GET /admin/request/request/28/change/ HTTP/1.1" 200 30718
INFO 2023-08-15 17:09:36,746 autoreload D:\projects\fl\unlockers\apps\cars\contrib.py changed, reloading.
INFO 2023-08-15 17:09:37,971 autoreload Watching for file changes with StatReloader
INFO 2023-08-15 17:30:29,696 autoreload D:\projects\fl\unlockers\apps\request\models.py changed, reloading.
INFO 2023-08-15 17:30:30,710 autoreload Watching for file changes with StatReloader
INFO 2023-08-15 17:31:21,189 autoreload Watching for file changes with StatReloader
INFO 2023-08-15 17:31:36,790 autoreload Watching for file changes with StatReloader
INFO 2023-08-15 17:31:42,295 basehttp "GET / HTTP/1.1" 200 46575
INFO 2023-08-15 17:31:42,527 basehttp "GET /api/v1/cabinet/profile-info/ HTTP/1.1" 200 76
INFO 2023-08-15 17:31:42,574 basehttp "GET /api/v1/request/services/ HTTP/1.1" 200 391
INFO 2023-08-15 17:31:44,856 basehttp "GET / HTTP/1.1" 200 46575
INFO 2023-08-15 17:32:07,212 basehttp "GET /admin/ HTTP/1.1" 200 25439
INFO 2023-08-15 17:32:07,295 basehttp "GET /admin/ HTTP/1.1" 200 25439
INFO 2023-08-15 17:32:12,097 basehttp "GET /admin/booking/ HTTP/1.1" 200 5946
INFO 2023-08-15 17:32:12,130 basehttp "GET /admin/booking/ HTTP/1.1" 200 5946
INFO 2023-08-15 17:32:14,264 basehttp "GET /admin/booking/order/ HTTP/1.1" 200 32188
INFO 2023-08-15 17:32:14,280 basehttp "GET /static/admin/img/search.svg HTTP/1.1" 200 458
INFO 2023-08-15 17:32:14,282 basehttp "GET /admin/jsi18n/ HTTP/1.1" 200 3343
INFO 2023-08-15 17:32:14,364 basehttp "GET /admin/booking/order/ HTTP/1.1" 200 32188
INFO 2023-08-15 17:32:14,365 basehttp "GET /static/admin/js/calendar.js?_=1692106334292 HTTP/1.1" 200 8466
INFO 2023-08-15 17:32:14,365 basehttp "GET /static/admin/js/admin/DateTimeShortcuts.js?_=1692106334293 HTTP/1.1" 200 19319
INFO 2023-08-15 17:32:16,089 basehttp "GET /admin/booking/order/1/change/ HTTP/1.1" 200 39572
INFO 2023-08-15 17:32:16,104 basehttp "GET /static/admin/js/admin/DateTimeShortcuts.js HTTP/1.1" 200 19319
INFO 2023-08-15 17:32:16,105 basehttp "GET /static/admin/js/inlines.js HTTP/1.1" 200 15526
INFO 2023-08-15 17:32:16,105 basehttp "GET /static/admin/js/calendar.js HTTP/1.1" 200 8466
INFO 2023-08-15 17:32:16,107 basehttp "GET /admin/jsi18n/ HTTP/1.1" 200 3343
INFO 2023-08-15 17:32:16,169 basehttp "GET /admin/booking/order/1/change/ HTTP/1.1" 200 39572
INFO 2023-08-15 17:32:16,172 basehttp "GET /static/admin/img/icon-clock.svg HTTP/1.1" 200 677
INFO 2023-08-15 17:35:50,473 autoreload Watching for file changes with StatReloader
INFO 2023-08-15 17:36:03,345 basehttp "GET /admin/request/request/ HTTP/1.1" 200 52136
INFO 2023-08-15 17:36:03,362 basehttp "GET /admin/jsi18n/ HTTP/1.1" 200 3343
INFO 2023-08-15 17:36:03,452 basehttp "GET /static/admin/js/calendar.js?_=1692106563374 HTTP/1.1" 200 8466
INFO 2023-08-15 17:36:03,453 basehttp "GET /static/admin/js/admin/DateTimeShortcuts.js?_=1692106563375 HTTP/1.1" 200 19319
INFO 2023-08-15 17:36:03,491 basehttp "GET /admin/request/request/ HTTP/1.1" 200 52136
INFO 2023-08-15 17:36:07,857 basehttp "POST /admin/request/request/ HTTP/1.1" 200 24447
INFO 2023-08-15 17:36:07,870 basehttp "GET /static/admin/js/cancel.js HTTP/1.1" 200 884
INFO 2023-08-15 17:36:07,955 basehttp "GET /admin/request/request/ HTTP/1.1" 200 52136
INFO 2023-08-15 17:36:11,298 basehttp "POST /admin/request/request/ HTTP/1.1" 302 0
INFO 2023-08-15 17:36:11,320 basehttp "GET /admin/request/request/ HTTP/1.1" 200 25801
INFO 2023-08-15 17:36:11,334 basehttp "GET /admin/jsi18n/ HTTP/1.1" 200 3343
INFO 2023-08-15 17:36:11,364 basehttp "GET /static/admin/img/icon-yes.svg HTTP/1.1" 200 436
INFO 2023-08-15 17:36:11,396 basehttp "GET /admin/request/request/ HTTP/1.1" 200 25662
INFO 2023-08-15 17:36:11,397 basehttp "GET /static/admin/js/calendar.js?_=1692106571346 HTTP/1.1" 200 8466
INFO 2023-08-15 17:36:11,397 basehttp "GET /static/admin/js/admin/DateTimeShortcuts.js?_=1692106571347 HTTP/1.1" 200 19319
INFO 2023-08-15 17:36:15,430 basehttp "GET /admin/booking/order/ HTTP/1.1" 200 32188
INFO 2023-08-15 17:36:15,445 basehttp "GET /admin/jsi18n/ HTTP/1.1" 200 3343
INFO 2023-08-15 17:36:15,508 basehttp "GET /static/admin/js/calendar.js?_=1692106575455 HTTP/1.1" 200 8466
INFO 2023-08-15 17:36:15,508 basehttp "GET /admin/booking/order/ HTTP/1.1" 200 32188
INFO 2023-08-15 17:36:15,508 basehttp "GET /static/admin/js/admin/DateTimeShortcuts.js?_=1692106575456 HTTP/1.1" 200 19319
INFO 2023-08-15 17:36:16,919 basehttp "GET /admin/booking/employee/ HTTP/1.1" 200 21309
INFO 2023-08-15 17:36:16,933 basehttp "GET /admin/jsi18n/ HTTP/1.1" 200 3343
INFO 2023-08-15 17:36:16,982 basehttp "GET /admin/booking/employee/ HTTP/1.1" 200 21309
INFO 2023-08-15 17:36:18,679 basehttp "GET /admin/booking/transaction/ HTTP/1.1" 200 20897
INFO 2023-08-15 17:36:18,691 basehttp "GET /admin/jsi18n/ HTTP/1.1" 200 3343
INFO 2023-08-15 17:36:18,738 basehttp "GET /admin/booking/transaction/ HTTP/1.1" 200 20897
INFO 2023-08-15 17:36:20,171 basehttp "GET /admin/booking/order/ HTTP/1.1" 200 32188
INFO 2023-08-15 17:36:20,184 basehttp "GET /admin/jsi18n/ HTTP/1.1" 200 3343
INFO 2023-08-15 17:36:20,251 basehttp "GET /static/admin/js/admin/DateTimeShortcuts.js?_=1692106580196 HTTP/1.1" 200 19319
INFO 2023-08-15 17:36:20,252 basehttp "GET /static/admin/js/calendar.js?_=1692106580195 HTTP/1.1" 200 8466
INFO 2023-08-15 17:36:20,252 basehttp "GET /admin/booking/order/ HTTP/1.1" 200 32188
INFO 2023-08-15 17:36:23,231 basehttp "GET /admin/request/quote/ HTTP/1.1" 200 28757
INFO 2023-08-15 17:36:23,244 basehttp "GET /admin/jsi18n/ HTTP/1.1" 200 3343
INFO 2023-08-15 17:36:23,306 basehttp "GET /static/admin/js/admin/DateTimeShortcuts.js?_=1692106583257 HTTP/1.1" 200 19319
INFO 2023-08-15 17:36:23,307 basehttp "GET /static/admin/js/calendar.js?_=1692106583256 HTTP/1.1" 200 8466
INFO 2023-08-15 17:36:23,310 basehttp "GET /admin/request/quote/ HTTP/1.1" 200 28757
INFO 2023-08-15 17:36:26,872 basehttp "GET /admin/request/quote/25/change/ HTTP/1.1" 200 28125
INFO 2023-08-15 17:36:26,890 basehttp "GET /admin/jsi18n/ HTTP/1.1" 200 3343
INFO 2023-08-15 17:36:26,949 basehttp "GET /admin/request/quote/25/change/ HTTP/1.1" 200 28125
INFO 2023-08-15 17:36:47,470 basehttp "GET /admin/ HTTP/1.1" 302 0
INFO 2023-08-15 17:36:47,485 basehttp "GET /admin/login/?next=/admin/ HTTP/1.1" 200 4181
INFO 2023-08-15 17:36:47,529 basehttp "GET /static/admin/css/base.css HTTP/1.1" 200 21207
INFO 2023-08-15 17:36:47,531 basehttp "GET /static/admin/css/dark_mode.css HTTP/1.1" 200 2929
INFO 2023-08-15 17:36:47,532 basehttp "GET /static/admin/js/theme.js HTTP/1.1" 200 1943
INFO 2023-08-15 17:36:47,532 basehttp "GET /static/admin/css/login.css HTTP/1.1" 200 958
INFO 2023-08-15 17:36:47,532 basehttp "GET /static/admin/css/nav_sidebar.css HTTP/1.1" 200 2694
INFO 2023-08-15 17:36:47,532 basehttp "GET /static/admin/js/nav_sidebar.js HTTP/1.1" 200 3063
INFO 2023-08-15 17:36:47,533 basehttp "GET /static/admin/css/responsive.css HTTP/1.1" 200 18533
WARNING 2023-08-15 17:37:05,003 log Not Found: /api/
WARNING 2023-08-15 17:37:05,003 basehttp "GET /api/ HTTP/1.1" 404 7092
WARNING 2023-08-15 17:37:14,100 log Not Found: /api/v1/order/
WARNING 2023-08-15 17:37:14,100 basehttp "GET /api/v1/order/ HTTP/1.1" 404 8733
INFO 2023-08-15 17:37:22,999 basehttp "GET /api/v1/order/create HTTP/1.1" 301 0
WARNING 2023-08-15 17:37:23,032 log Forbidden: /api/v1/order/create/
WARNING 2023-08-15 17:37:23,032 basehttp "GET /api/v1/order/create/ HTTP/1.1" 403 8613
INFO 2023-08-15 17:37:23,080 basehttp "GET /static/rest_framework/css/bootstrap-tweaks.css HTTP/1.1" 200 3385
INFO 2023-08-15 17:37:23,080 basehttp "GET /static/rest_framework/css/default.css HTTP/1.1" 200 1152
INFO 2023-08-15 17:37:23,080 basehttp "GET /static/rest_framework/css/prettify.css HTTP/1.1" 200 817
INFO 2023-08-15 17:37:23,081 basehttp "GET /static/rest_framework/css/bootstrap.min.css HTTP/1.1" 200 121457
INFO 2023-08-15 17:37:23,090 basehttp "GET /static/rest_framework/js/jquery-3.5.1.min.js HTTP/1.1" 304 0
INFO 2023-08-15 17:37:23,090 basehttp "GET /static/rest_framework/js/ajax-form.js HTTP/1.1" 304 0
INFO 2023-08-15 17:37:23,090 basehttp "GET /static/rest_framework/js/bootstrap.min.js HTTP/1.1" 304 0
INFO 2023-08-15 17:37:23,090 basehttp "GET /static/rest_framework/js/prettify-min.js HTTP/1.1" 304 0
INFO 2023-08-15 17:37:23,092 basehttp "GET /static/rest_framework/js/csrf.js HTTP/1.1" 304 0
INFO 2023-08-15 17:37:23,092 basehttp "GET /static/rest_framework/js/default.js HTTP/1.1" 304 0
INFO 2023-08-15 17:37:23,107 basehttp "GET /static/rest_framework/img/grid.png HTTP/1.1" 200 1458
WARNING 2023-08-15 17:37:47,773 log Method Not Allowed: /api/v1/request/create/
WARNING 2023-08-15 17:37:47,774 basehttp "GET /api/v1/request/create/ HTTP/1.1" 405 13261
INFO 2023-08-15 17:38:34,505 basehttp "POST /api/v1/request/create/ HTTP/1.1" 201 13549
INFO 2023-08-15 17:39:14,816 basehttp "GET /admin/booking/order/ HTTP/1.1" 200 32846
INFO 2023-08-15 17:39:14,831 basehttp "GET /admin/jsi18n/ HTTP/1.1" 200 3343
INFO 2023-08-15 17:39:14,903 basehttp "GET /static/admin/js/calendar.js?_=1692106754848 HTTP/1.1" 200 8466
INFO 2023-08-15 17:39:14,903 basehttp "GET /static/admin/js/admin/DateTimeShortcuts.js?_=1692106754849 HTTP/1.1" 200 19319
INFO 2023-08-15 17:39:15,003 basehttp "GET /admin/booking/order/ HTTP/1.1" 200 32846
INFO 2023-08-15 17:39:16,975 basehttp "GET /admin/booking/order/2/change/ HTTP/1.1" 200 39610
INFO 2023-08-15 17:39:16,989 basehttp "GET /admin/jsi18n/ HTTP/1.1" 200 3343
INFO 2023-08-15 17:39:17,064 basehttp "GET /admin/booking/order/2/change/ HTTP/1.1" 200 39610
INFO 2023-08-15 17:40:33,148 basehttp "GET /admin/booking/employee/ HTTP/1.1" 200 21309
INFO 2023-08-15 17:40:33,164 basehttp "GET /admin/jsi18n/ HTTP/1.1" 200 3343
INFO 2023-08-15 17:40:33,212 basehttp "GET /admin/booking/employee/ HTTP/1.1" 200 21309
INFO 2023-08-15 17:43:17,875 autoreload D:\projects\fl\unlockers\apps\request\contrib.py changed, reloading.
INFO 2023-08-15 17:43:19,177 autoreload Watching for file changes with StatReloader
INFO 2023-08-15 17:54:25,923 autoreload D:\projects\fl\unlockers\apps\request\contrib.py changed, reloading.
INFO 2023-08-15 17:54:27,000 autoreload Watching for file changes with StatReloader
INFO 2023-08-15 17:54:38,400 autoreload D:\projects\fl\unlockers\apps\request\contrib.py changed, reloading.
INFO 2023-08-15 17:54:39,418 autoreload Watching for file changes with StatReloader
INFO 2023-08-15 17:55:32,662 autoreload D:\projects\fl\unlockers\apps\request\contrib.py changed, reloading.
INFO 2023-08-15 17:55:33,789 autoreload Watching for file changes with StatReloader
INFO 2023-08-15 17:58:25,357 autoreload D:\projects\fl\unlockers\apps\booking\urls.py changed, reloading.
INFO 2023-08-15 17:58:26,519 autoreload Watching for file changes with StatReloader
INFO 2023-08-15 18:00:32,660 autoreload D:\projects\fl\unlockers\apps\booking\views.py changed, reloading.
INFO 2023-08-15 18:00:33,802 autoreload Watching for file changes with StatReloader
INFO 2023-08-15 18:34:11,668 autoreload Watching for file changes with StatReloader
INFO 2023-08-15 18:35:22,692 autoreload Watching for file changes with StatReloader
INFO 2023-08-15 18:36:21,417 autoreload Watching for file changes with StatReloader
ERROR 2023-08-15 18:36:31,672 log Internal Server Error: /admin/booking/order/
Traceback (most recent call last):
  File "D:\projects\fl\unlockers\env\lib\site-packages\django\db\backends\utils.py", line 89, in _execute
    return self.cursor.execute(sql, params)
  File "D:\projects\fl\unlockers\env\lib\site-packages\django\db\backends\sqlite3\base.py", line 328, in execute
    return super().execute(query, params)
sqlite3.OperationalError: no such table: booking_order

The above exception was the direct cause of the following exception:

Traceback (most recent call last):
  File "D:\projects\fl\unlockers\env\lib\site-packages\django\core\handlers\exception.py", line 55, in inner
    response = get_response(request)
  File "D:\projects\fl\unlockers\env\lib\site-packages\django\core\handlers\base.py", line 197, in _get_response
    response = wrapped_callback(request, *callback_args, **callback_kwargs)
  File "D:\projects\fl\unlockers\env\lib\site-packages\django\contrib\admin\options.py", line 688, in wrapper
    return self.admin_site.admin_view(view)(*args, **kwargs)
  File "D:\projects\fl\unlockers\env\lib\site-packages\django\utils\decorators.py", line 134, in _wrapper_view
    response = view_func(request, *args, **kwargs)
  File "D:\projects\fl\unlockers\env\lib\site-packages\django\views\decorators\cache.py", line 62, in _wrapper_view_func
    response = view_func(request, *args, **kwargs)
  File "D:\projects\fl\unlockers\env\lib\site-packages\django\contrib\admin\sites.py", line 242, in inner
    return view(request, *args, **kwargs)
  File "D:\projects\fl\unlockers\env\lib\site-packages\django\utils\decorators.py", line 46, in _wrapper
    return bound_method(*args, **kwargs)
  File "D:\projects\fl\unlockers\env\lib\site-packages\django\utils\decorators.py", line 134, in _wrapper_view
    response = view_func(request, *args, **kwargs)
  File "D:\projects\fl\unlockers\env\lib\site-packages\django\contrib\admin\options.py", line 1926, in changelist_view
    cl = self.get_changelist_instance(request)
  File "D:\projects\fl\unlockers\env\lib\site-packages\django\contrib\admin\options.py", line 836, in get_changelist_instance
    return ChangeList(
  File "D:\projects\fl\unlockers\env\lib\site-packages\django\contrib\admin\views\main.py", line 123, in __init__
    self.get_results(request)
  File "D:\projects\fl\unlockers\env\lib\site-packages\django\contrib\admin\views\main.py", line 279, in get_results
    result_count = paginator.count
  File "D:\projects\fl\unlockers\env\lib\site-packages\django\utils\functional.py", line 57, in __get__
    res = instance.__dict__[self.name] = self.func(instance)
  File "D:\projects\fl\unlockers\env\lib\site-packages\django\core\paginator.py", line 93, in count
    return c()
  File "D:\projects\fl\unlockers\env\lib\site-packages\django\db\models\query.py", line 608, in count
    return self.query.get_count(using=self.db)
  File "D:\projects\fl\unlockers\env\lib\site-packages\django\db\models\sql\query.py", line 568, in get_count
    return obj.get_aggregation(using, {"__count": Count("*")})["__count"]
  File "D:\projects\fl\unlockers\env\lib\site-packages\django\db\models\sql\query.py", line 554, in get_aggregation
    result = compiler.execute_sql(SINGLE)
  File "D:\projects\fl\unlockers\env\lib\site-packages\django\db\models\sql\compiler.py", line 1562, in execute_sql
    cursor.execute(sql, params)
  File "D:\projects\fl\unlockers\env\lib\site-packages\django\db\backends\utils.py", line 102, in execute
    return super().execute(sql, params)
  File "D:\projects\fl\unlockers\env\lib\site-packages\django\db\backends\utils.py", line 67, in execute
    return self._execute_with_wrappers(
  File "D:\projects\fl\unlockers\env\lib\site-packages\django\db\backends\utils.py", line 80, in _execute_with_wrappers
    return executor(sql, params, many, context)
  File "D:\projects\fl\unlockers\env\lib\site-packages\django\db\backends\utils.py", line 84, in _execute
    with self.db.wrap_database_errors:
  File "D:\projects\fl\unlockers\env\lib\site-packages\django\db\utils.py", line 91, in __exit__
    raise dj_exc_value.with_traceback(traceback) from exc_value
  File "D:\projects\fl\unlockers\env\lib\site-packages\django\db\backends\utils.py", line 89, in _execute
    return self.cursor.execute(sql, params)
  File "D:\projects\fl\unlockers\env\lib\site-packages\django\db\backends\sqlite3\base.py", line 328, in execute
    return super().execute(query, params)
django.db.utils.OperationalError: no such table: booking_order
ERROR 2023-08-15 18:36:31,679 basehttp "GET /admin/booking/order/ HTTP/1.1" 500 201319
ERROR 2023-08-15 18:36:31,840 log Internal Server Error: /admin/booking/order/
Traceback (most recent call last):
  File "D:\projects\fl\unlockers\env\lib\site-packages\django\db\backends\utils.py", line 89, in _execute
    return self.cursor.execute(sql, params)
  File "D:\projects\fl\unlockers\env\lib\site-packages\django\db\backends\sqlite3\base.py", line 328, in execute
    return super().execute(query, params)
sqlite3.OperationalError: no such table: booking_order

The above exception was the direct cause of the following exception:

Traceback (most recent call last):
  File "D:\projects\fl\unlockers\env\lib\site-packages\django\core\handlers\exception.py", line 55, in inner
    response = get_response(request)
  File "D:\projects\fl\unlockers\env\lib\site-packages\django\core\handlers\base.py", line 197, in _get_response
    response = wrapped_callback(request, *callback_args, **callback_kwargs)
  File "D:\projects\fl\unlockers\env\lib\site-packages\django\contrib\admin\options.py", line 688, in wrapper
    return self.admin_site.admin_view(view)(*args, **kwargs)
  File "D:\projects\fl\unlockers\env\lib\site-packages\django\utils\decorators.py", line 134, in _wrapper_view
    response = view_func(request, *args, **kwargs)
  File "D:\projects\fl\unlockers\env\lib\site-packages\django\views\decorators\cache.py", line 62, in _wrapper_view_func
    response = view_func(request, *args, **kwargs)
  File "D:\projects\fl\unlockers\env\lib\site-packages\django\contrib\admin\sites.py", line 242, in inner
    return view(request, *args, **kwargs)
  File "D:\projects\fl\unlockers\env\lib\site-packages\django\utils\decorators.py", line 46, in _wrapper
    return bound_method(*args, **kwargs)
  File "D:\projects\fl\unlockers\env\lib\site-packages\django\utils\decorators.py", line 134, in _wrapper_view
    response = view_func(request, *args, **kwargs)
  File "D:\projects\fl\unlockers\env\lib\site-packages\django\contrib\admin\options.py", line 1926, in changelist_view
    cl = self.get_changelist_instance(request)
  File "D:\projects\fl\unlockers\env\lib\site-packages\django\contrib\admin\options.py", line 836, in get_changelist_instance
    return ChangeList(
  File "D:\projects\fl\unlockers\env\lib\site-packages\django\contrib\admin\views\main.py", line 123, in __init__
    self.get_results(request)
  File "D:\projects\fl\unlockers\env\lib\site-packages\django\contrib\admin\views\main.py", line 279, in get_results
    result_count = paginator.count
  File "D:\projects\fl\unlockers\env\lib\site-packages\django\utils\functional.py", line 57, in __get__
    res = instance.__dict__[self.name] = self.func(instance)
  File "D:\projects\fl\unlockers\env\lib\site-packages\django\core\paginator.py", line 93, in count
    return c()
  File "D:\projects\fl\unlockers\env\lib\site-packages\django\db\models\query.py", line 608, in count
    return self.query.get_count(using=self.db)
  File "D:\projects\fl\unlockers\env\lib\site-packages\django\db\models\sql\query.py", line 568, in get_count
    return obj.get_aggregation(using, {"__count": Count("*")})["__count"]
  File "D:\projects\fl\unlockers\env\lib\site-packages\django\db\models\sql\query.py", line 554, in get_aggregation
    result = compiler.execute_sql(SINGLE)
  File "D:\projects\fl\unlockers\env\lib\site-packages\django\db\models\sql\compiler.py", line 1562, in execute_sql
    cursor.execute(sql, params)
  File "D:\projects\fl\unlockers\env\lib\site-packages\django\db\backends\utils.py", line 102, in execute
    return super().execute(sql, params)
  File "D:\projects\fl\unlockers\env\lib\site-packages\django\db\backends\utils.py", line 67, in execute
    return self._execute_with_wrappers(
  File "D:\projects\fl\unlockers\env\lib\site-packages\django\db\backends\utils.py", line 80, in _execute_with_wrappers
    return executor(sql, params, many, context)
  File "D:\projects\fl\unlockers\env\lib\site-packages\django\db\backends\utils.py", line 84, in _execute
    with self.db.wrap_database_errors:
  File "D:\projects\fl\unlockers\env\lib\site-packages\django\db\utils.py", line 91, in __exit__
    raise dj_exc_value.with_traceback(traceback) from exc_value
  File "D:\projects\fl\unlockers\env\lib\site-packages\django\db\backends\utils.py", line 89, in _execute
    return self.cursor.execute(sql, params)
  File "D:\projects\fl\unlockers\env\lib\site-packages\django\db\backends\sqlite3\base.py", line 328, in execute
    return super().execute(query, params)
django.db.utils.OperationalError: no such table: booking_order
ERROR 2023-08-15 18:36:31,843 basehttp "GET /admin/booking/order/ HTTP/1.1" 500 200200
INFO 2023-08-15 18:44:27,020 autoreload Watching for file changes with StatReloader
ERROR 2023-08-15 18:44:28,188 log Internal Server Error: /admin/booking/order/
Traceback (most recent call last):
  File "D:\projects\fl\unlockers\env\lib\site-packages\django\db\backends\utils.py", line 89, in _execute
    return self.cursor.execute(sql, params)
  File "D:\projects\fl\unlockers\env\lib\site-packages\django\db\backends\sqlite3\base.py", line 328, in execute
    return super().execute(query, params)
sqlite3.OperationalError: no such table: booking_order

The above exception was the direct cause of the following exception:

Traceback (most recent call last):
  File "D:\projects\fl\unlockers\env\lib\site-packages\django\core\handlers\exception.py", line 55, in inner
    response = get_response(request)
  File "D:\projects\fl\unlockers\env\lib\site-packages\django\core\handlers\base.py", line 197, in _get_response
    response = wrapped_callback(request, *callback_args, **callback_kwargs)
  File "D:\projects\fl\unlockers\env\lib\site-packages\django\contrib\admin\options.py", line 688, in wrapper
    return self.admin_site.admin_view(view)(*args, **kwargs)
  File "D:\projects\fl\unlockers\env\lib\site-packages\django\utils\decorators.py", line 134, in _wrapper_view
    response = view_func(request, *args, **kwargs)
  File "D:\projects\fl\unlockers\env\lib\site-packages\django\views\decorators\cache.py", line 62, in _wrapper_view_func
    response = view_func(request, *args, **kwargs)
  File "D:\projects\fl\unlockers\env\lib\site-packages\django\contrib\admin\sites.py", line 242, in inner
    return view(request, *args, **kwargs)
  File "D:\projects\fl\unlockers\env\lib\site-packages\django\utils\decorators.py", line 46, in _wrapper
    return bound_method(*args, **kwargs)
  File "D:\projects\fl\unlockers\env\lib\site-packages\django\utils\decorators.py", line 134, in _wrapper_view
    response = view_func(request, *args, **kwargs)
  File "D:\projects\fl\unlockers\env\lib\site-packages\django\contrib\admin\options.py", line 1926, in changelist_view
    cl = self.get_changelist_instance(request)
  File "D:\projects\fl\unlockers\env\lib\site-packages\django\contrib\admin\options.py", line 836, in get_changelist_instance
    return ChangeList(
  File "D:\projects\fl\unlockers\env\lib\site-packages\django\contrib\admin\views\main.py", line 123, in __init__
    self.get_results(request)
  File "D:\projects\fl\unlockers\env\lib\site-packages\django\contrib\admin\views\main.py", line 279, in get_results
    result_count = paginator.count
  File "D:\projects\fl\unlockers\env\lib\site-packages\django\utils\functional.py", line 57, in __get__
    res = instance.__dict__[self.name] = self.func(instance)
  File "D:\projects\fl\unlockers\env\lib\site-packages\django\core\paginator.py", line 93, in count
    return c()
  File "D:\projects\fl\unlockers\env\lib\site-packages\django\db\models\query.py", line 608, in count
    return self.query.get_count(using=self.db)
  File "D:\projects\fl\unlockers\env\lib\site-packages\django\db\models\sql\query.py", line 568, in get_count
    return obj.get_aggregation(using, {"__count": Count("*")})["__count"]
  File "D:\projects\fl\unlockers\env\lib\site-packages\django\db\models\sql\query.py", line 554, in get_aggregation
    result = compiler.execute_sql(SINGLE)
  File "D:\projects\fl\unlockers\env\lib\site-packages\django\db\models\sql\compiler.py", line 1562, in execute_sql
    cursor.execute(sql, params)
  File "D:\projects\fl\unlockers\env\lib\site-packages\django\db\backends\utils.py", line 102, in execute
    return super().execute(sql, params)
  File "D:\projects\fl\unlockers\env\lib\site-packages\django\db\backends\utils.py", line 67, in execute
    return self._execute_with_wrappers(
  File "D:\projects\fl\unlockers\env\lib\site-packages\django\db\backends\utils.py", line 80, in _execute_with_wrappers
    return executor(sql, params, many, context)
  File "D:\projects\fl\unlockers\env\lib\site-packages\django\db\backends\utils.py", line 84, in _execute
    with self.db.wrap_database_errors:
  File "D:\projects\fl\unlockers\env\lib\site-packages\django\db\utils.py", line 91, in __exit__
    raise dj_exc_value.with_traceback(traceback) from exc_value
  File "D:\projects\fl\unlockers\env\lib\site-packages\django\db\backends\utils.py", line 89, in _execute
    return self.cursor.execute(sql, params)
  File "D:\projects\fl\unlockers\env\lib\site-packages\django\db\backends\sqlite3\base.py", line 328, in execute
    return super().execute(query, params)
django.db.utils.OperationalError: no such table: booking_order
ERROR 2023-08-15 18:44:28,199 basehttp "GET /admin/booking/order/ HTTP/1.1" 500 201456
ERROR 2023-08-15 18:44:28,379 log Internal Server Error: /admin/booking/order/
Traceback (most recent call last):
  File "D:\projects\fl\unlockers\env\lib\site-packages\django\db\backends\utils.py", line 89, in _execute
    return self.cursor.execute(sql, params)
  File "D:\projects\fl\unlockers\env\lib\site-packages\django\db\backends\sqlite3\base.py", line 328, in execute
    return super().execute(query, params)
sqlite3.OperationalError: no such table: booking_order

The above exception was the direct cause of the following exception:

Traceback (most recent call last):
  File "D:\projects\fl\unlockers\env\lib\site-packages\django\core\handlers\exception.py", line 55, in inner
    response = get_response(request)
  File "D:\projects\fl\unlockers\env\lib\site-packages\django\core\handlers\base.py", line 197, in _get_response
    response = wrapped_callback(request, *callback_args, **callback_kwargs)
  File "D:\projects\fl\unlockers\env\lib\site-packages\django\contrib\admin\options.py", line 688, in wrapper
    return self.admin_site.admin_view(view)(*args, **kwargs)
  File "D:\projects\fl\unlockers\env\lib\site-packages\django\utils\decorators.py", line 134, in _wrapper_view
    response = view_func(request, *args, **kwargs)
  File "D:\projects\fl\unlockers\env\lib\site-packages\django\views\decorators\cache.py", line 62, in _wrapper_view_func
    response = view_func(request, *args, **kwargs)
  File "D:\projects\fl\unlockers\env\lib\site-packages\django\contrib\admin\sites.py", line 242, in inner
    return view(request, *args, **kwargs)
  File "D:\projects\fl\unlockers\env\lib\site-packages\django\utils\decorators.py", line 46, in _wrapper
    return bound_method(*args, **kwargs)
  File "D:\projects\fl\unlockers\env\lib\site-packages\django\utils\decorators.py", line 134, in _wrapper_view
    response = view_func(request, *args, **kwargs)
  File "D:\projects\fl\unlockers\env\lib\site-packages\django\contrib\admin\options.py", line 1926, in changelist_view
    cl = self.get_changelist_instance(request)
  File "D:\projects\fl\unlockers\env\lib\site-packages\django\contrib\admin\options.py", line 836, in get_changelist_instance
    return ChangeList(
  File "D:\projects\fl\unlockers\env\lib\site-packages\django\contrib\admin\views\main.py", line 123, in __init__
    self.get_results(request)
  File "D:\projects\fl\unlockers\env\lib\site-packages\django\contrib\admin\views\main.py", line 279, in get_results
    result_count = paginator.count
  File "D:\projects\fl\unlockers\env\lib\site-packages\django\utils\functional.py", line 57, in __get__
    res = instance.__dict__[self.name] = self.func(instance)
  File "D:\projects\fl\unlockers\env\lib\site-packages\django\core\paginator.py", line 93, in count
    return c()
  File "D:\projects\fl\unlockers\env\lib\site-packages\django\db\models\query.py", line 608, in count
    return self.query.get_count(using=self.db)
  File "D:\projects\fl\unlockers\env\lib\site-packages\django\db\models\sql\query.py", line 568, in get_count
    return obj.get_aggregation(using, {"__count": Count("*")})["__count"]
  File "D:\projects\fl\unlockers\env\lib\site-packages\django\db\models\sql\query.py", line 554, in get_aggregation
    result = compiler.execute_sql(SINGLE)
  File "D:\projects\fl\unlockers\env\lib\site-packages\django\db\models\sql\compiler.py", line 1562, in execute_sql
    cursor.execute(sql, params)
  File "D:\projects\fl\unlockers\env\lib\site-packages\django\db\backends\utils.py", line 102, in execute
    return super().execute(sql, params)
  File "D:\projects\fl\unlockers\env\lib\site-packages\django\db\backends\utils.py", line 67, in execute
    return self._execute_with_wrappers(
  File "D:\projects\fl\unlockers\env\lib\site-packages\django\db\backends\utils.py", line 80, in _execute_with_wrappers
    return executor(sql, params, many, context)
  File "D:\projects\fl\unlockers\env\lib\site-packages\django\db\backends\utils.py", line 84, in _execute
    with self.db.wrap_database_errors:
  File "D:\projects\fl\unlockers\env\lib\site-packages\django\db\utils.py", line 91, in __exit__
    raise dj_exc_value.with_traceback(traceback) from exc_value
  File "D:\projects\fl\unlockers\env\lib\site-packages\django\db\backends\utils.py", line 89, in _execute
    return self.cursor.execute(sql, params)
  File "D:\projects\fl\unlockers\env\lib\site-packages\django\db\backends\sqlite3\base.py", line 328, in execute
    return super().execute(query, params)
django.db.utils.OperationalError: no such table: booking_order
ERROR 2023-08-15 18:44:28,386 basehttp "GET /admin/booking/order/ HTTP/1.1" 500 200200
INFO 2023-08-15 18:47:56,208 autoreload Watching for file changes with StatReloader
INFO 2023-08-15 18:48:17,182 autoreload Watching for file changes with StatReloader
INFO 2023-08-15 18:48:18,651 basehttp "GET /admin/booking/order/ HTTP/1.1" 302 0
INFO 2023-08-15 18:48:18,682 basehttp "GET /admin/login/?next=/admin/booking/order/ HTTP/1.1" 200 4209
INFO 2023-08-15 18:48:18,713 basehttp "GET /static/admin/css/base.css HTTP/1.1" 200 21207
INFO 2023-08-15 18:48:18,713 basehttp "GET /static/admin/css/nav_sidebar.css HTTP/1.1" 200 2694
INFO 2023-08-15 18:48:18,714 basehttp "GET /static/admin/css/dark_mode.css HTTP/1.1" 200 2929
INFO 2023-08-15 18:48:18,714 basehttp "GET /static/admin/css/login.css HTTP/1.1" 200 958
INFO 2023-08-15 18:48:18,715 basehttp "GET /static/admin/js/theme.js HTTP/1.1" 200 1943
INFO 2023-08-15 18:48:18,715 basehttp "GET /static/admin/css/responsive.css HTTP/1.1" 200 18533
INFO 2023-08-15 18:48:18,715 basehttp "GET /static/admin/js/nav_sidebar.js HTTP/1.1" 200 3063
INFO 2023-08-15 18:48:18,728 basehttp "GET /admin/login/?next=/admin/booking/order/ HTTP/1.1" 200 4209
INFO 2023-08-15 18:48:20,767 basehttp "POST /admin/login/?next=/admin/booking/order/ HTTP/1.1" 302 0
INFO 2023-08-15 18:48:20,846 basehttp "GET /admin/booking/order/ HTTP/1.1" 200 28810
INFO 2023-08-15 18:48:20,859 basehttp "GET /static/admin/css/changelists.css HTTP/1.1" 200 6566
INFO 2023-08-15 18:48:20,866 basehttp "GET /static/admin/js/core.js HTTP/1.1" 200 5682
INFO 2023-08-15 18:48:20,866 basehttp "GET /static/admin/js/admin/RelatedObjectLookups.js HTTP/1.1" 200 8943
INFO 2023-08-15 18:48:20,866 basehttp "GET /static/admin/js/jquery.init.js HTTP/1.1" 200 347
INFO 2023-08-15 18:48:20,867 basehttp "GET /static/admin/js/actions.js HTTP/1.1" 200 7872
INFO 2023-08-15 18:48:20,871 basehttp "GET /static/admin/js/urlify.js HTTP/1.1" 200 7887
INFO 2023-08-15 18:48:20,871 basehttp "GET /static/admin/img/search.svg HTTP/1.1" 200 458
INFO 2023-08-15 18:48:20,871 basehttp "GET /static/admin/js/prepopulate.js HTTP/1.1" 200 1531
INFO 2023-08-15 18:48:20,874 basehttp "GET /admin/jsi18n/ HTTP/1.1" 200 3343
INFO 2023-08-15 18:48:20,875 basehttp "GET /static/admin/css/widgets.css HTTP/1.1" 200 11900
INFO 2023-08-15 18:48:20,877 basehttp "GET /static/admin/js/vendor/xregexp/xregexp.js HTTP/1.1" 200 232381
INFO 2023-08-15 18:48:20,877 basehttp "GET /static/admin/js/vendor/jquery/jquery.js HTTP/1.1" 200 292458
INFO 2023-08-15 18:48:20,882 basehttp "GET /static/admin/js/filters.js HTTP/1.1" 200 978
INFO 2023-08-15 18:48:20,902 basehttp "GET /static/admin/img/icon-addlink.svg HTTP/1.1" 200 331
INFO 2023-08-15 18:48:20,902 basehttp "GET /static/admin/img/tooltag-add.svg HTTP/1.1" 200 331
INFO 2023-08-15 18:48:20,945 basehttp "GET /admin/booking/order/ HTTP/1.1" 200 28810
INFO 2023-08-15 18:48:20,947 basehttp "GET /static/admin/js/calendar.js?_=1692110900885 HTTP/1.1" 200 8466
INFO 2023-08-15 18:48:20,947 basehttp "GET /static/admin/js/admin/DateTimeShortcuts.js?_=1692110900886 HTTP/1.1" 200 19319
INFO 2023-08-15 18:48:20,960 basehttp "GET /static/admin/img/icon-calendar.svg HTTP/1.1" 200 1086
INFO 2023-08-15 18:48:29,879 basehttp "GET /admin/constance/config/ HTTP/1.1" 200 55792
INFO 2023-08-15 18:48:29,902 basehttp "GET /static/admin/img/icon-no.svg HTTP/1.1" 200 560
INFO 2023-08-15 18:48:29,902 basehttp "GET /static/admin/js/constance.js HTTP/1.1" 200 1160
INFO 2023-08-15 18:48:29,902 basehttp "GET /static/admin/css/forms.css HTTP/1.1" 200 9047
INFO 2023-08-15 18:48:29,902 basehttp "GET /static/admin/css/constance.css HTTP/1.1" 200 569
INFO 2023-08-15 18:48:29,903 basehttp "GET /static/admin/js/collapse.js HTTP/1.1" 200 1803
INFO 2023-08-15 18:48:29,907 basehttp "GET /static/admin/img/icon-yes.svg HTTP/1.1" 200 436
INFO 2023-08-15 18:48:29,907 basehttp "GET /admin/jsi18n/ HTTP/1.1" 200 3343
INFO 2023-08-15 18:48:30,246 basehttp "GET /admin/constance/config/ HTTP/1.1" 200 55792
INFO 2023-08-15 18:49:25,786 basehttp "POST /admin/constance/config/ HTTP/1.1" 302 0
INFO 2023-08-15 18:49:25,902 basehttp "GET /admin/constance/config/ HTTP/1.1" 200 55939
INFO 2023-08-15 18:49:25,921 basehttp "GET /admin/jsi18n/ HTTP/1.1" 200 3343
INFO 2023-08-15 18:49:26,065 basehttp "GET /admin/constance/config/ HTTP/1.1" 200 55798
INFO 2023-08-15 18:49:38,551 basehttp "GET /admin/postie/template/ HTTP/1.1" 200 20240
INFO 2023-08-15 18:49:38,569 basehttp "GET /admin/jsi18n/ HTTP/1.1" 200 3343
INFO 2023-08-15 18:49:38,576 basehttp "GET /static/parler/admin/parler_admin.css HTTP/1.1" 200 1473
INFO 2023-08-15 18:49:38,617 basehttp "GET /admin/postie/template/ HTTP/1.1" 200 20240
INFO 2023-08-15 18:49:39,868 basehttp "GET /admin/postie/template/add/ HTTP/1.1" 200 22373
INFO 2023-08-15 18:49:39,882 basehttp "GET /static/admin/js/prepopulate_init.js HTTP/1.1" 200 586
INFO 2023-08-15 18:49:39,885 basehttp "GET /admin/jsi18n/ HTTP/1.1" 200 3343
INFO 2023-08-15 18:49:39,893 basehttp "GET /static/admin/js/change_form.js HTTP/1.1" 200 606
INFO 2023-08-15 18:49:39,933 basehttp "GET /admin/postie/template/add/ HTTP/1.1" 200 22373
INFO 2023-08-15 18:49:46,765 basehttp "POST /admin/postie/template/add/?language=en-us HTTP/1.1" 302 0
INFO 2023-08-15 18:49:46,888 basehttp "GET /admin/postie/template/ HTTP/1.1" 200 21782
INFO 2023-08-15 18:49:46,905 basehttp "GET /admin/jsi18n/ HTTP/1.1" 200 3343
INFO 2023-08-15 18:49:47,109 basehttp "GET /admin/postie/template/ HTTP/1.1" 200 21573
INFO 2023-08-15 18:49:48,488 basehttp "GET /admin/postie/template/1/change/ HTTP/1.1" 200 27772
INFO 2023-08-15 18:49:48,507 basehttp "GET /static/ckeditor/ckeditor.css HTTP/1.1" 200 672
INFO 2023-08-15 18:49:48,508 basehttp "GET /static/ckeditor/ckeditor-init.js HTTP/1.1" 200 1526
INFO 2023-08-15 18:49:48,509 basehttp "GET /admin/jsi18n/ HTTP/1.1" 200 3343
INFO 2023-08-15 18:49:48,513 basehttp "GET /static/ckeditor/ckeditor/ckeditor.js HTTP/1.1" 200 759716
INFO 2023-08-15 18:49:48,593 basehttp "GET /static/ckeditor/ckeditor/config.js?t=N5UC HTTP/1.1" 200 336
INFO 2023-08-15 18:49:48,603 basehttp "GET /static/ckeditor/ckeditor/lang/en.js?t=N5UC HTTP/1.1" 200 18228
INFO 2023-08-15 18:49:48,604 basehttp "GET /static/ckeditor/ckeditor/skins/moono-lisa/editor.css?t=N5UC HTTP/1.1" 200 48309
INFO 2023-08-15 18:49:48,606 basehttp "GET /static/ckeditor/ckeditor/styles.js?t=N5UC HTTP/1.1" 200 5577
INFO 2023-08-15 18:49:48,612 basehttp "GET /static/ckeditor/ckeditor/plugins/scayt/dialogs/dialog.css?t=N5UC HTTP/1.1" 200 419
INFO 2023-08-15 18:49:48,613 basehttp "GET /static/ckeditor/ckeditor/plugins/scayt/skins/moono-lisa/scayt.css?t=N5UC HTTP/1.1" 200 381
INFO 2023-08-15 18:49:48,613 basehttp "GET /static/ckeditor/ckeditor/plugins/tableselection/styles/tableselection.css?t=N5UC HTTP/1.1" 200 1145
INFO 2023-08-15 18:49:48,614 basehttp "GET /static/ckeditor/ckeditor/plugins/dialog/styles/dialog.css?t=N5UC HTTP/1.1" 200 249
INFO 2023-08-15 18:49:48,616 basehttp "GET /static/ckeditor/ckeditor/plugins/copyformatting/styles/copyformatting.css?t=N5UC HTTP/1.1" 200 1511
INFO 2023-08-15 18:49:48,632 basehttp "GET /static/ckeditor/ckeditor/skins/moono-lisa/icons_hidpi.png?t=4a1fb11f44 HTTP/1.1" 200 38309
INFO 2023-08-15 18:49:48,670 basehttp "GET /static/ckeditor/ckeditor/contents.css?t=N5UC HTTP/1.1" 200 3092
INFO 2023-08-15 18:49:48,721 basehttp "GET /admin/postie/template/1/change/ HTTP/1.1" 200 27772
INFO 2023-08-15 18:50:14,369 basehttp "POST /admin/postie/template/1/change/?language=en-us HTTP/1.1" 302 0
INFO 2023-08-15 18:50:14,469 basehttp "GET /admin/postie/template/ HTTP/1.1" 200 21823
INFO 2023-08-15 18:50:14,489 basehttp "GET /admin/jsi18n/ HTTP/1.1" 200 3343
INFO 2023-08-15 18:50:14,633 basehttp "GET /admin/postie/template/ HTTP/1.1" 200 21612
INFO 2023-08-15 18:50:22,042 basehttp "GET /admin/postie/template/add/ HTTP/1.1" 200 22373
INFO 2023-08-15 18:50:22,058 basehttp "GET /admin/jsi18n/ HTTP/1.1" 200 3343
INFO 2023-08-15 18:50:22,110 basehttp "GET /admin/postie/template/add/ HTTP/1.1" 200 22373
INFO 2023-08-15 18:50:33,523 basehttp "POST /admin/postie/template/add/?language=en-us HTTP/1.1" 302 0
INFO 2023-08-15 18:50:33,713 basehttp "GET /admin/postie/template/ HTTP/1.1" 200 22095
INFO 2023-08-15 18:50:33,732 basehttp "GET /admin/jsi18n/ HTTP/1.1" 200 3343
INFO 2023-08-15 18:50:33,952 basehttp "GET /admin/postie/template/ HTTP/1.1" 200 21885
INFO 2023-08-15 18:50:37,151 basehttp "GET /admin/postie/template/2/change/ HTTP/1.1" 200 27843
INFO 2023-08-15 18:50:37,169 basehttp "GET /admin/jsi18n/ HTTP/1.1" 200 3343
INFO 2023-08-15 18:50:37,340 basehttp "GET /admin/postie/template/2/change/ HTTP/1.1" 200 27843
INFO 2023-08-15 18:50:50,768 basehttp "POST /admin/postie/template/2/change/?language=en-us HTTP/1.1" 302 0
INFO 2023-08-15 18:50:51,053 basehttp "GET /admin/postie/template/ HTTP/1.1" 200 22136
INFO 2023-08-15 18:50:51,074 basehttp "GET /admin/jsi18n/ HTTP/1.1" 200 3343
INFO 2023-08-15 18:50:51,302 basehttp "GET /admin/postie/template/ HTTP/1.1" 200 21924
INFO 2023-08-15 18:50:53,871 basehttp "GET /admin/des/dynamicemailconfiguration/ HTTP/1.1" 200 26239
INFO 2023-08-15 18:50:53,889 basehttp "GET /static/css/des.css HTTP/1.1" 200 1167
INFO 2023-08-15 18:50:53,889 basehttp "GET /static/js/des.js HTTP/1.1" 200 406
INFO 2023-08-15 18:50:53,891 basehttp "GET /admin/jsi18n/ HTTP/1.1" 200 3343
INFO 2023-08-15 18:50:53,938 basehttp "GET /admin/des/dynamicemailconfiguration/ HTTP/1.1" 200 26239
INFO 2023-08-15 18:51:40,871 basehttp "POST /admin/des/dynamicemailconfiguration/ HTTP/1.1" 302 0
INFO 2023-08-15 18:51:40,893 basehttp "GET /admin/ HTTP/1.1" 200 24684
INFO 2023-08-15 18:51:40,908 basehttp "GET /static/admin/css/dashboard.css HTTP/1.1" 200 441
INFO 2023-08-15 18:51:40,923 basehttp "GET /static/admin/img/icon-changelink.svg HTTP/1.1" 200 380
INFO 2023-08-15 18:51:40,942 basehttp "GET /admin/ HTTP/1.1" 200 24536
INFO 2023-08-15 18:51:43,502 basehttp "GET /admin/des/dynamicemailconfiguration/1/change/ HTTP/1.1" 200 26384
INFO 2023-08-15 18:51:43,527 basehttp "GET /admin/jsi18n/ HTTP/1.1" 200 3343
INFO 2023-08-15 18:51:43,600 basehttp "GET /admin/des/dynamicemailconfiguration/1/change/ HTTP/1.1" 200 26384
INFO 2023-08-15 18:51:50,011 basehttp "POST /django-des/send-test-email HTTP/1.1" 302 0
INFO 2023-08-15 18:51:50,031 basehttp "GET /admin/des/dynamicemailconfiguration/ HTTP/1.1" 200 26607
INFO 2023-08-15 18:51:50,053 basehttp "GET /admin/jsi18n/ HTTP/1.1" 200 3343
INFO 2023-08-15 18:51:50,123 basehttp "GET /admin/des/dynamicemailconfiguration/ HTTP/1.1" 200 26384
INFO 2023-08-15 18:51:52,070 basehttp "POST /admin/des/dynamicemailconfiguration/ HTTP/1.1" 302 0
INFO 2023-08-15 18:51:52,090 basehttp "GET /admin/ HTTP/1.1" 200 25013
INFO 2023-08-15 18:51:52,190 basehttp "GET /admin/ HTTP/1.1" 200 24865
INFO 2023-08-15 19:12:27,493 basehttp "GET /admin/pages/mainpage/ HTTP/1.1" 200 57437
INFO 2023-08-15 19:12:27,509 basehttp "GET /static/admin/css/dark_mode.css HTTP/1.1" 200 2929
INFO 2023-08-15 19:12:27,509 basehttp "GET /static/admin/css/base.css HTTP/1.1" 200 21207
INFO 2023-08-15 19:12:27,515 basehttp "GET /static/ckeditor/ckeditor.css HTTP/1.1" 200 672
INFO 2023-08-15 19:12:27,515 basehttp "GET /static/admin/css/nav_sidebar.css HTTP/1.1" 200 2694
INFO 2023-08-15 19:12:27,516 basehttp "GET /static/admin/css/forms.css HTTP/1.1" 200 9047
INFO 2023-08-15 19:12:27,518 basehttp "GET /static/admin/css/responsive.css HTTP/1.1" 200 18533
INFO 2023-08-15 19:12:27,522 basehttp "GET /static/admin/js/jquery.init.js HTTP/1.1" 200 347
INFO 2023-08-15 19:12:27,522 basehttp "GET /admin/jsi18n/ HTTP/1.1" 200 3343
INFO 2023-08-15 19:12:27,522 basehttp "GET /static/ckeditor/ckeditor-init.js HTTP/1.1" 200 1526
INFO 2023-08-15 19:12:27,523 basehttp "GET /static/admin/css/widgets.css HTTP/1.1" 200 11900
INFO 2023-08-15 19:12:27,526 basehttp "GET /static/admin/js/core.js HTTP/1.1" 200 5682
INFO 2023-08-15 19:12:27,527 basehttp "GET /static/admin/js/collapse.js HTTP/1.1" 200 1803
INFO 2023-08-15 19:12:27,527 basehttp "GET /static/admin/js/admin/RelatedObjectLookups.js HTTP/1.1" 200 8943
INFO 2023-08-15 19:12:27,528 basehttp "GET /static/admin/js/inlines.js HTTP/1.1" 200 15526
INFO 2023-08-15 19:12:27,530 basehttp "GET /static/admin/js/actions.js HTTP/1.1" 200 7872
INFO 2023-08-15 19:12:27,530 basehttp "GET /static/admin/js/prepopulate.js HTTP/1.1" 200 1531
INFO 2023-08-15 19:12:27,531 basehttp "GET /static/admin/js/urlify.js HTTP/1.1" 200 7887
INFO 2023-08-15 19:12:27,533 basehttp "GET /static/admin/js/prepopulate_init.js HTTP/1.1" 200 586
INFO 2023-08-15 19:12:27,533 basehttp "GET /static/admin/js/vendor/jquery/jquery.js HTTP/1.1" 200 292458
INFO 2023-08-15 19:12:27,535 basehttp "GET /static/admin/js/vendor/xregexp/xregexp.js HTTP/1.1" 200 232381
INFO 2023-08-15 19:12:27,538 basehttp "GET /static/ckeditor/ckeditor/ckeditor.js HTTP/1.1" 200 759716
INFO 2023-08-15 19:12:27,540 basehttp "GET /static/admin/js/theme.js HTTP/1.1" 200 1943
INFO 2023-08-15 19:12:27,544 basehttp "GET /static/admin/js/nav_sidebar.js HTTP/1.1" 200 3063
INFO 2023-08-15 19:12:27,546 basehttp "GET /static/admin/js/change_form.js HTTP/1.1" 200 606
INFO 2023-08-15 19:12:27,566 basehttp "GET /static/admin/img/icon-addlink.svg HTTP/1.1" 200 331
INFO 2023-08-15 19:12:27,601 basehttp "GET /static/admin/img/inline-delete.svg HTTP/1.1" 200 560
INFO 2023-08-15 19:12:27,602 basehttp "GET /static/ckeditor/ckeditor/config.js?t=N5UC HTTP/1.1" 200 336
INFO 2023-08-15 19:12:27,622 basehttp "GET /static/ckeditor/ckeditor/lang/en.js?t=N5UC HTTP/1.1" 200 18228
INFO 2023-08-15 19:12:27,623 basehttp "GET /static/ckeditor/ckeditor/skins/moono-lisa/editor.css?t=N5UC HTTP/1.1" 200 48309
INFO 2023-08-15 19:12:27,632 basehttp "GET /static/ckeditor/ckeditor/styles.js?t=N5UC HTTP/1.1" 200 5577
INFO 2023-08-15 19:12:27,638 basehttp "GET /static/ckeditor/ckeditor/plugins/tableselection/styles/tableselection.css?t=N5UC HTTP/1.1" 200 1145
INFO 2023-08-15 19:12:27,638 basehttp "GET /static/ckeditor/ckeditor/plugins/scayt/skins/moono-lisa/scayt.css?t=N5UC HTTP/1.1" 200 381
INFO 2023-08-15 19:12:27,639 basehttp "GET /static/ckeditor/ckeditor/plugins/scayt/dialogs/dialog.css?t=N5UC HTTP/1.1" 200 419
INFO 2023-08-15 19:12:27,641 basehttp "GET /static/ckeditor/ckeditor/plugins/dialog/styles/dialog.css?t=N5UC HTTP/1.1" 200 249
INFO 2023-08-15 19:12:27,644 basehttp "GET /static/ckeditor/ckeditor/plugins/copyformatting/styles/copyformatting.css?t=N5UC HTTP/1.1" 200 1511
INFO 2023-08-15 19:12:27,658 basehttp "GET /static/ckeditor/ckeditor/skins/moono-lisa/icons_hidpi.png?t=4a1fb11f44 HTTP/1.1" 200 38309
INFO 2023-08-15 19:12:27,713 basehttp "GET /admin/pages/mainpage/ HTTP/1.1" 200 57437
INFO 2023-08-15 19:12:27,714 basehttp "GET /static/ckeditor/ckeditor/contents.css?t=N5UC HTTP/1.1" 200 3092
INFO 2023-08-15 19:12:45,731 basehttp "POST /admin/pages/mainpage/ HTTP/1.1" 302 0
INFO 2023-08-15 19:12:45,755 basehttp "GET /admin/ HTTP/1.1" 200 25317
INFO 2023-08-15 19:12:45,775 basehttp "GET /static/admin/css/dashboard.css HTTP/1.1" 200 441
INFO 2023-08-15 19:12:45,789 basehttp "GET /static/admin/img/icon-yes.svg HTTP/1.1" 200 436
INFO 2023-08-15 19:12:45,789 basehttp "GET /static/admin/img/icon-changelink.svg HTTP/1.1" 200 380
INFO 2023-08-15 19:12:45,807 basehttp "GET /admin/ HTTP/1.1" 200 25169
INFO 2023-08-15 19:12:55,088 basehttp "GET / HTTP/1.1" 200 40034
INFO 2023-08-15 19:12:55,108 basehttp "GET /static/img/payment.png HTTP/1.1" 200 13454
INFO 2023-08-15 19:12:55,109 basehttp "GET /static/js/vendor.js.css HTTP/1.1" 200 46186
INFO 2023-08-15 19:12:55,119 basehttp "GET /static/css/style.css HTTP/1.1" 200 444027
INFO 2023-08-15 19:12:55,119 basehttp "GET /media/hero_bg_2.jpg HTTP/1.1" 200 444234
INFO 2023-08-15 19:12:55,131 basehttp "GET /media/img_4.jpg HTTP/1.1" 200 32286
INFO 2023-08-15 19:12:55,138 basehttp "GET /media/hero_bg_2_pIETLgt.jpg HTTP/1.1" 200 444234
INFO 2023-08-15 19:12:55,139 basehttp "GET /static/js/vendor.js HTTP/1.1" 200 1416215
INFO 2023-08-15 19:12:55,141 basehttp "GET /static/js/main.js HTTP/1.1" 200 1463364
INFO 2023-08-15 19:12:55,157 basehttp "GET /static/fonts/svgfont.ttf HTTP/1.1" 200 7616
INFO 2023-08-15 19:12:55,160 basehttp "GET /static/fonts/Montserrat-Bold.ttf HTTP/1.1" 200 244468
INFO 2023-08-15 19:12:55,161 basehttp "GET /static/fonts/Montserrat-Medium.ttf HTTP/1.1" 200 243180
INFO 2023-08-15 19:12:55,161 basehttp "GET /static/fonts/Montserrat-Regular.ttf HTTP/1.1" 200 245708
INFO 2023-08-15 19:12:55,285 basehttp "GET /vuejs-translatei18n.js HTTP/1.1" 200 2419
INFO 2023-08-15 19:12:55,341 basehttp "GET /api/v1/cabinet/profile-info/ HTTP/1.1" 200 76
INFO 2023-08-15 19:12:55,384 basehttp "GET /api/v1/request/services/ HTTP/1.1" 200 2
INFO 2023-08-15 19:12:57,434 basehttp "GET / HTTP/1.1" 200 40034
INFO 2023-08-15 19:13:06,098 basehttp "GET /admin/ HTTP/1.1" 200 25169
INFO 2023-08-15 19:13:06,153 basehttp "GET /admin/ HTTP/1.1" 200 25169
INFO 2023-08-15 19:13:08,719 basehttp "GET /admin/booking/employee/ HTTP/1.1" 200 20139
INFO 2023-08-15 19:13:08,732 basehttp "GET /static/admin/css/changelists.css HTTP/1.1" 200 6566
INFO 2023-08-15 19:13:08,735 basehttp "GET /admin/jsi18n/ HTTP/1.1" 200 3343
INFO 2023-08-15 19:13:08,745 basehttp "GET /static/admin/js/filters.js HTTP/1.1" 200 978
INFO 2023-08-15 19:13:08,763 basehttp "GET /static/admin/img/tooltag-add.svg HTTP/1.1" 200 331
INFO 2023-08-15 19:13:08,785 basehttp "GET /admin/booking/employee/ HTTP/1.1" 200 20139
INFO 2023-08-15 19:13:10,078 basehttp "GET /admin/booking/employee/add/ HTTP/1.1" 200 22034
INFO 2023-08-15 19:13:10,094 basehttp "GET /admin/jsi18n/ HTTP/1.1" 200 3343
INFO 2023-08-15 19:13:10,143 basehttp "GET /admin/booking/employee/add/ HTTP/1.1" 200 22034
INFO 2023-08-15 19:13:18,035 basehttp "POST /admin/booking/employee/add/ HTTP/1.1" 302 0
INFO 2023-08-15 19:13:18,058 basehttp "GET /admin/booking/employee/ HTTP/1.1" 200 21513
INFO 2023-08-15 19:13:18,076 basehttp "GET /admin/jsi18n/ HTTP/1.1" 200 3343
INFO 2023-08-15 19:13:18,122 basehttp "GET /admin/booking/employee/ HTTP/1.1" 200 21301
INFO 2023-08-15 19:13:24,712 basehttp "GET /admin/partners/transactions/ HTTP/1.1" 200 21556
INFO 2023-08-15 19:13:24,728 basehttp "GET /admin/jsi18n/ HTTP/1.1" 200 3343
INFO 2023-08-15 19:13:24,775 basehttp "GET /admin/partners/transactions/ HTTP/1.1" 200 21556
INFO 2023-08-15 19:13:26,407 basehttp "GET /admin/partners/transactions/add/ HTTP/1.1" 200 27118
INFO 2023-08-15 19:13:26,424 basehttp "GET /static/admin/img/icon-viewlink.svg HTTP/1.1" 200 581
INFO 2023-08-15 19:13:26,428 basehttp "GET /admin/jsi18n/ HTTP/1.1" 200 3343
INFO 2023-08-15 19:13:26,482 basehttp "GET /admin/partners/transactions/add/ HTTP/1.1" 200 27118
INFO 2023-08-15 19:13:29,235 basehttp "GET /admin/auth/user/add/?_to_field=id&_popup=1 HTTP/1.1" 200 14145
INFO 2023-08-15 19:13:29,253 basehttp "GET /admin/jsi18n/ HTTP/1.1" 200 3343
INFO 2023-08-15 19:13:29,314 basehttp "GET /admin/auth/user/add/?_to_field=id&_popup=1 HTTP/1.1" 200 14145
INFO 2023-08-15 19:14:02,356 basehttp "POST /admin/auth/user/add/?_to_field=id&_popup=1 HTTP/1.1" 200 326
INFO 2023-08-15 19:14:02,366 basehttp "GET /static/admin/js/popup_response.js HTTP/1.1" 200 551
INFO 2023-08-15 19:14:16,753 basehttp "POST /admin/partners/transactions/add/ HTTP/1.1" 200 27431
INFO 2023-08-15 19:14:16,770 basehttp "GET /admin/jsi18n/ HTTP/1.1" 200 3343
INFO 2023-08-15 19:14:16,823 basehttp "GET /admin/partners/transactions/add/ HTTP/1.1" 200 27155
INFO 2023-08-15 19:14:26,535 basehttp "GET /admin/postie/letter/ HTTP/1.1" 200 21111
INFO 2023-08-15 19:14:26,550 basehttp "GET /static/admin/img/search.svg HTTP/1.1" 200 458
INFO 2023-08-15 19:14:26,553 basehttp "GET /admin/jsi18n/ HTTP/1.1" 200 3343
INFO 2023-08-15 19:14:26,599 basehttp "GET /admin/postie/letter/ HTTP/1.1" 200 21111
INFO 2023-08-15 19:14:28,285 basehttp "GET /admin/postie/letter/add/ HTTP/1.1" 200 30116
INFO 2023-08-15 19:14:28,302 basehttp "GET /admin/jsi18n/ HTTP/1.1" 200 3343
INFO 2023-08-15 19:14:28,385 basehttp "GET /admin/postie/letter/add/ HTTP/1.1" 200 30116
INFO 2023-08-15 19:14:37,380 basehttp "GET /admin/request/servicevariation/ HTTP/1.1" 200 20632
INFO 2023-08-15 19:14:37,397 basehttp "GET /admin/jsi18n/ HTTP/1.1" 200 3343
INFO 2023-08-15 19:14:37,447 basehttp "GET /admin/request/servicevariation/ HTTP/1.1" 200 20632
INFO 2023-08-15 19:14:38,779 basehttp "GET /admin/request/servicevariation/add/ HTTP/1.1" 200 30052
INFO 2023-08-15 19:14:38,796 basehttp "GET /static/admin/js/calendar.js HTTP/1.1" 200 8466
INFO 2023-08-15 19:14:38,797 basehttp "GET /static/admin/js/admin/DateTimeShortcuts.js HTTP/1.1" 200 19319
INFO 2023-08-15 19:14:38,798 basehttp "GET /admin/jsi18n/ HTTP/1.1" 200 3343
INFO 2023-08-15 19:14:38,861 basehttp "GET /admin/request/servicevariation/add/ HTTP/1.1" 200 30052
INFO 2023-08-15 19:14:38,959 basehttp "GET /static/admin/img/icon-clock.svg HTTP/1.1" 200 677
INFO 2023-08-15 19:14:38,959 basehttp "GET /static/admin/img/icon-calendar.svg HTTP/1.1" 200 1086
INFO 2023-08-15 19:15:46,616 basehttp "POST /admin/request/servicevariation/add/ HTTP/1.1" 200 30312
INFO 2023-08-15 19:15:46,635 basehttp "GET /admin/jsi18n/ HTTP/1.1" 200 3343
INFO 2023-08-15 19:15:46,781 basehttp "GET /admin/request/servicevariation/add/ HTTP/1.1" 200 30052
INFO 2023-08-15 19:15:59,055 basehttp "POST /admin/request/servicevariation/add/ HTTP/1.1" 200 30354
INFO 2023-08-15 19:15:59,073 basehttp "GET /admin/jsi18n/ HTTP/1.1" 200 3343
INFO 2023-08-15 19:15:59,139 basehttp "GET /admin/request/servicevariation/add/ HTTP/1.1" 200 30052
INFO 2023-08-15 19:16:06,585 basehttp "POST /admin/request/servicevariation/add/ HTTP/1.1" 302 0
INFO 2023-08-15 19:16:06,612 basehttp "GET /admin/request/servicevariation/ HTTP/1.1" 200 23830
INFO 2023-08-15 19:16:06,634 basehttp "GET /admin/jsi18n/ HTTP/1.1" 200 3343
INFO 2023-08-15 19:16:06,657 basehttp "GET /static/admin/img/sorting-icons.svg HTTP/1.1" 200 1097
INFO 2023-08-15 19:16:06,687 basehttp "GET /admin/request/servicevariation/ HTTP/1.1" 200 23585
INFO 2023-08-15 19:16:17,091 basehttp "GET /admin/sms/config/ HTTP/1.1" 200 21433
INFO 2023-08-15 19:16:17,109 basehttp "GET /admin/jsi18n/ HTTP/1.1" 200 3343
INFO 2023-08-15 19:16:17,155 basehttp "GET /admin/sms/config/ HTTP/1.1" 200 21433
INFO 2023-08-15 19:16:21,530 basehttp "GET /admin/sms/smsmessage/ HTTP/1.1" 200 21989
INFO 2023-08-15 19:16:21,549 basehttp "GET /admin/jsi18n/ HTTP/1.1" 200 3343
INFO 2023-08-15 19:16:21,596 basehttp "GET /admin/sms/smsmessage/ HTTP/1.1" 200 21989
INFO 2023-08-15 19:16:22,864 basehttp "GET /admin/sms/smsmessage/add/ HTTP/1.1" 200 25316
INFO 2023-08-15 19:16:22,880 basehttp "GET /admin/jsi18n/ HTTP/1.1" 200 3343
INFO 2023-08-15 19:16:22,932 basehttp "GET /admin/sms/smsmessage/add/ HTTP/1.1" 200 25316
INFO 2023-08-15 19:16:31,603 basehttp "GET /admin/sms/smstemplate/ HTTP/1.1" 200 20149
INFO 2023-08-15 19:16:31,620 basehttp "GET /admin/jsi18n/ HTTP/1.1" 200 3343
INFO 2023-08-15 19:16:31,666 basehttp "GET /admin/sms/smstemplate/ HTTP/1.1" 200 20149
INFO 2023-08-15 19:16:33,061 basehttp "GET /admin/sms/smstemplate/add/ HTTP/1.1" 200 23540
INFO 2023-08-15 19:16:33,076 basehttp "GET /admin/jsi18n/ HTTP/1.1" 200 3343
INFO 2023-08-15 19:16:33,125 basehttp "GET /admin/sms/smstemplate/add/ HTTP/1.1" 200 23540
INFO 2023-08-15 19:16:40,558 basehttp "POST /admin/sms/smstemplate/add/ HTTP/1.1" 200 24014
INFO 2023-08-15 19:16:40,574 basehttp "GET /admin/jsi18n/ HTTP/1.1" 200 3343
INFO 2023-08-15 19:16:40,623 basehttp "GET /admin/sms/smstemplate/add/ HTTP/1.1" 200 23540
INFO 2023-08-16 09:05:16,398 basehttp "POST /admin/sms/smstemplate/add/ HTTP/1.1" 302 0
INFO 2023-08-16 09:05:16,417 basehttp "GET /admin/sms/smstemplate/ HTTP/1.1" 200 21706
INFO 2023-08-16 09:05:16,434 basehttp "GET /static/admin/css/dark_mode.css HTTP/1.1" 200 2929
INFO 2023-08-16 09:05:16,436 basehttp "GET /static/admin/css/base.css HTTP/1.1" 200 21207
INFO 2023-08-16 09:05:16,437 basehttp "GET /static/admin/css/nav_sidebar.css HTTP/1.1" 200 2694
INFO 2023-08-16 09:05:16,438 basehttp "GET /static/admin/css/changelists.css HTTP/1.1" 200 6566
INFO 2023-08-16 09:05:16,440 basehttp "GET /static/admin/js/jquery.init.js HTTP/1.1" 200 347
INFO 2023-08-16 09:05:16,441 basehttp "GET /static/admin/css/responsive.css HTTP/1.1" 200 18533
INFO 2023-08-16 09:05:16,442 basehttp "GET /static/admin/js/core.js HTTP/1.1" 200 5682
INFO 2023-08-16 09:05:16,443 basehttp "GET /static/admin/js/admin/RelatedObjectLookups.js HTTP/1.1" 200 8943
INFO 2023-08-16 09:05:16,444 basehttp "GET /static/admin/js/actions.js HTTP/1.1" 200 7872
INFO 2023-08-16 09:05:16,446 basehttp "GET /static/admin/js/prepopulate.js HTTP/1.1" 200 1531
INFO 2023-08-16 09:05:16,446 basehttp "GET /admin/jsi18n/ HTTP/1.1" 200 3343
INFO 2023-08-16 09:05:16,446 basehttp "GET /static/admin/js/urlify.js HTTP/1.1" 200 7887
INFO 2023-08-16 09:05:16,448 basehttp "GET /static/admin/js/vendor/jquery/jquery.js HTTP/1.1" 200 292458
INFO 2023-08-16 09:05:16,448 basehttp "GET /static/admin/js/vendor/xregexp/xregexp.js HTTP/1.1" 200 232381
INFO 2023-08-16 09:05:16,452 basehttp "GET /static/admin/js/theme.js HTTP/1.1" 200 1943
INFO 2023-08-16 09:05:16,454 basehttp "GET /static/admin/js/nav_sidebar.js HTTP/1.1" 200 3063
INFO 2023-08-16 09:05:16,464 basehttp "GET /static/admin/js/filters.js HTTP/1.1" 200 978
INFO 2023-08-16 09:05:16,466 basehttp "GET /static/admin/img/icon-addlink.svg HTTP/1.1" 200 331
INFO 2023-08-16 09:05:16,467 basehttp "GET /static/admin/img/icon-yes.svg HTTP/1.1" 200 436
INFO 2023-08-16 09:05:16,467 basehttp "GET /static/admin/img/tooltag-add.svg HTTP/1.1" 200 331
INFO 2023-08-16 09:05:16,578 basehttp "GET /admin/sms/smstemplate/ HTTP/1.1" 200 21499
INFO 2023-08-16 09:07:20,595 basehttp "GET /admin/cars/car/ HTTP/1.1" 200 20403
INFO 2023-08-16 09:07:20,612 basehttp "GET /static/admin/img/search.svg HTTP/1.1" 200 458
INFO 2023-08-16 09:07:20,614 basehttp "GET /admin/jsi18n/ HTTP/1.1" 200 3343
INFO 2023-08-16 09:07:20,674 basehttp "GET /admin/cars/car/ HTTP/1.1" 200 20403
INFO 2023-08-16 09:07:22,185 basehttp "GET /admin/cars/car/add/ HTTP/1.1" 200 25511
INFO 2023-08-16 09:07:22,200 basehttp "GET /static/admin/js/inlines.js HTTP/1.1" 200 15526
INFO 2023-08-16 09:07:22,200 basehttp "GET /static/admin/js/prepopulate_init.js HTTP/1.1" 200 586
INFO 2023-08-16 09:07:22,200 basehttp "GET /static/admin/css/forms.css HTTP/1.1" 200 9047
INFO 2023-08-16 09:07:22,203 basehttp "GET /admin/jsi18n/ HTTP/1.1" 200 3343
INFO 2023-08-16 09:07:22,208 basehttp "GET /static/admin/css/widgets.css HTTP/1.1" 200 11900
INFO 2023-08-16 09:07:22,208 basehttp "GET /static/admin/js/change_form.js HTTP/1.1" 200 606
INFO 2023-08-16 09:07:22,261 basehttp "GET /admin/cars/car/add/ HTTP/1.1" 200 25511
INFO 2023-08-16 09:07:24,373 basehttp "GET /admin/cars/car/ HTTP/1.1" 200 20403
INFO 2023-08-16 09:07:24,435 basehttp "GET /admin/cars/car/ HTTP/1.1" 200 20403
INFO 2023-08-16 09:07:33,075 basehttp "GET /admin/cars/car/ HTTP/1.1" 200 20403
INFO 2023-08-16 09:07:33,090 basehttp "GET /admin/jsi18n/ HTTP/1.1" 200 3343
INFO 2023-08-16 09:07:33,137 basehttp "GET /admin/cars/car/ HTTP/1.1" 200 20403
INFO 2023-08-16 09:07:33,975 basehttp "GET /admin/cars/car/add/ HTTP/1.1" 200 25511
INFO 2023-08-16 09:07:33,991 basehttp "GET /admin/jsi18n/ HTTP/1.1" 200 3343
INFO 2023-08-16 09:07:34,041 basehttp "GET /admin/cars/car/add/ HTTP/1.1" 200 25511
INFO 2023-08-16 09:07:51,575 basehttp "GET /admin/filer/folder/ HTTP/1.1" 200 32846
INFO 2023-08-16 09:07:51,595 basehttp "GET /static/filer/js/libs/class.min.js HTTP/1.1" 200 1740
INFO 2023-08-16 09:07:51,595 basehttp "GET /static/filer/css/admin_filer.fa.icons.css HTTP/1.1" 200 25479
INFO 2023-08-16 09:07:51,599 basehttp "GET /static/filer/css/admin_filer.css HTTP/1.1" 200 91187
INFO 2023-08-16 09:07:51,599 basehttp "GET /admin/jsi18n/ HTTP/1.1" 200 3343
INFO 2023-08-16 09:07:51,600 basehttp "GET /static/filer/js/libs/dropzone.min.js HTTP/1.1" 200 34316
INFO 2023-08-16 09:07:51,602 basehttp "GET /static/filer/js/libs/mediator.min.js HTTP/1.1" 200 3782
INFO 2023-08-16 09:07:51,604 basehttp "GET /static/filer/js/libs/jquery.cookie.min.js HTTP/1.1" 200 2717
INFO 2023-08-16 09:07:51,605 basehttp "GET /static/filer/js/libs/fileuploader.min.js HTTP/1.1" 200 18574
INFO 2023-08-16 09:07:51,606 basehttp "GET /static/filer/js/addons/dropdown-menu.js HTTP/1.1" 200 5788
INFO 2023-08-16 09:07:51,607 basehttp "GET /static/filer/js/addons/table-dropzone.js HTTP/1.1" 200 10389
INFO 2023-08-16 09:07:51,608 basehttp "GET /static/filer/js/addons/popup_handling.js HTTP/1.1" 200 2657
INFO 2023-08-16 09:07:51,609 basehttp "GET /static/filer/js/addons/upload-button.js HTTP/1.1" 200 5416
INFO 2023-08-16 09:07:51,610 basehttp "GET /static/filer/js/addons/tooltip.js HTTP/1.1" 200 558
INFO 2023-08-16 09:07:51,610 basehttp "GET /static/filer/js/addons/toggler.js HTTP/1.1" 200 2901
INFO 2023-08-16 09:07:51,611 basehttp "GET /static/filer/js/base.js HTTP/1.1" 200 11090
INFO 2023-08-16 09:07:51,611 basehttp "GET /static/filer/js/libs/jquery-ui.min.js HTTP/1.1" 200 255084
INFO 2023-08-16 09:07:51,627 basehttp "GET /static/filer/icons/folder-dropdown.svg HTTP/1.1" 200 2758
INFO 2023-08-16 09:07:51,627 basehttp "GET /static/filer/icons/folder-root.svg HTTP/1.1" 200 991
INFO 2023-08-16 09:07:51,631 basehttp "GET /static/filer/icons/folder.svg HTTP/1.1" 200 832
INFO 2023-08-16 09:07:51,631 basehttp "GET /static/filer/icons/folder-unfiled.svg HTTP/1.1" 200 2529
INFO 2023-08-16 09:07:51,673 basehttp "GET /static/filer/fonts/fontawesome-webfont.woff2?v=4.4.0 HTTP/1.1" 200 64464
INFO 2023-08-16 09:07:51,674 basehttp "GET /admin/filer/folder/ HTTP/1.1" 200 32846
INFO 2023-08-16 09:07:53,582 basehttp "GET /admin/filer/folder/unfiled_images/ HTTP/1.1" 200 32440
INFO 2023-08-16 09:07:53,599 basehttp "GET /admin/jsi18n/ HTTP/1.1" 200 3343
INFO 2023-08-16 09:07:53,681 basehttp "GET /admin/filer/folder/unfiled_images/ HTTP/1.1" 200 32440
INFO 2023-08-16 09:08:09,020 basehttp "GET /admin/seo/urlseo/ HTTP/1.1" 200 22014
INFO 2023-08-16 09:08:09,037 basehttp "GET /admin/jsi18n/ HTTP/1.1" 200 3343
INFO 2023-08-16 09:08:09,087 basehttp "GET /admin/seo/urlseo/ HTTP/1.1" 200 22014
INFO 2023-08-16 09:08:10,345 basehttp "GET /admin/seo/urlseo/add/ HTTP/1.1" 200 33125
INFO 2023-08-16 09:08:10,360 basehttp "GET /admin/jsi18n/ HTTP/1.1" 200 3343
INFO 2023-08-16 09:08:10,417 basehttp "GET /admin/seo/urlseo/add/ HTTP/1.1" 200 33125
INFO 2023-08-16 09:08:18,331 basehttp "GET /admin/proxy/proxy/ HTTP/1.1" 200 20824
INFO 2023-08-16 09:08:18,349 basehttp "GET /admin/jsi18n/ HTTP/1.1" 200 3343
INFO 2023-08-16 09:08:18,394 basehttp "GET /admin/proxy/proxy/ HTTP/1.1" 200 20824
INFO 2023-08-16 09:08:19,973 basehttp "GET /admin/proxy/proxy/add/ HTTP/1.1" 200 21911
INFO 2023-08-16 09:08:19,988 basehttp "GET /admin/jsi18n/ HTTP/1.1" 200 3343
INFO 2023-08-16 09:08:20,035 basehttp "GET /admin/proxy/proxy/add/ HTTP/1.1" 200 21911
INFO 2023-08-16 09:08:21,158 basehttp "GET /admin/proxy/proxy/ HTTP/1.1" 200 20824
INFO 2023-08-16 09:08:21,218 basehttp "GET /admin/proxy/proxy/ HTTP/1.1" 200 20824
ERROR 2023-08-16 09:10:52,903 log Internal Server Error: /api/v1/request/create/
Traceback (most recent call last):
  File "D:\projects\fl\unlockers\env\lib\site-packages\django\core\handlers\exception.py", line 55, in inner
    response = get_response(request)
  File "D:\projects\fl\unlockers\env\lib\site-packages\django\core\handlers\base.py", line 197, in _get_response
    response = wrapped_callback(request, *callback_args, **callback_kwargs)
  File "D:\projects\fl\unlockers\env\lib\site-packages\django\views\decorators\csrf.py", line 56, in wrapper_view
    return view_func(*args, **kwargs)
  File "D:\projects\fl\unlockers\env\lib\site-packages\django\views\generic\base.py", line 104, in view
    return self.dispatch(request, *args, **kwargs)
  File "D:\projects\fl\unlockers\env\lib\site-packages\rest_framework\views.py", line 509, in dispatch
    response = self.handle_exception(exc)
  File "D:\projects\fl\unlockers\env\lib\site-packages\rest_framework\views.py", line 469, in handle_exception
    self.raise_uncaught_exception(exc)
  File "D:\projects\fl\unlockers\env\lib\site-packages\rest_framework\views.py", line 480, in raise_uncaught_exception
    raise exc
  File "D:\projects\fl\unlockers\env\lib\site-packages\rest_framework\views.py", line 506, in dispatch
    response = handler(request, *args, **kwargs)
  File "D:\projects\fl\unlockers\env\lib\site-packages\rest_framework\generics.py", line 190, in post
    return self.create(request, *args, **kwargs)
  File "D:\projects\fl\unlockers\env\lib\site-packages\rest_framework\mixins.py", line 19, in create
    self.perform_create(serializer)
  File "D:\projects\fl\unlockers\env\lib\site-packages\rest_framework\mixins.py", line 24, in perform_create
    serializer.save()
  File "D:\projects\fl\unlockers\env\lib\site-packages\rest_framework\serializers.py", line 212, in save
    self.instance = self.create(validated_data)
  File "D:\projects\fl\unlockers\apps\request\rest\serializers.py", line 172, in create
    request_object = create_request_for_unregistered_car(
  File "D:\projects\fl\unlockers\apps\request\contrib.py", line 95, in create_request_for_unregistered_car
    request = Request.objects.create(**validated_data)
  File "D:\projects\fl\unlockers\env\lib\site-packages\django\db\models\manager.py", line 87, in manager_method
    return getattr(self.get_queryset(), name)(*args, **kwargs)
  File "D:\projects\fl\unlockers\env\lib\site-packages\django\db\models\query.py", line 658, in create
    obj.save(force_insert=True, using=self.db)
  File "D:\projects\fl\unlockers\apps\request\models.py", line 141, in save
    Order.objects.create(
  File "D:\projects\fl\unlockers\env\lib\site-packages\django\db\models\manager.py", line 87, in manager_method
    return getattr(self.get_queryset(), name)(*args, **kwargs)
  File "D:\projects\fl\unlockers\env\lib\site-packages\django\db\models\query.py", line 658, in create
    obj.save(force_insert=True, using=self.db)
  File "D:\projects\fl\unlockers\apps\booking\models.py", line 157, in save
    self.check_uuid()
  File "D:\projects\fl\unlockers\apps\booking\models.py", line 149, in check_uuid
    qs = Order.objects.filter(uuid=self.uuid).exclude(id=self.id)
AttributeError: 'Order' object has no attribute 'uuid'
ERROR 2023-08-16 09:10:52,906 basehttp "POST /api/v1/request/create/ HTTP/1.1" 500 171650
INFO 2023-08-16 09:16:32,512 autoreload Watching for file changes with StatReloader
ERROR 2023-08-16 09:16:43,142 log Internal Server Error: /api/v1/request/create/
Traceback (most recent call last):
  File "D:\projects\fl\unlockers\env\lib\site-packages\django\core\handlers\exception.py", line 55, in inner
    response = get_response(request)
  File "D:\projects\fl\unlockers\env\lib\site-packages\django\core\handlers\base.py", line 197, in _get_response
    response = wrapped_callback(request, *callback_args, **callback_kwargs)
  File "D:\projects\fl\unlockers\env\lib\site-packages\django\views\decorators\csrf.py", line 56, in wrapper_view
    return view_func(*args, **kwargs)
  File "D:\projects\fl\unlockers\env\lib\site-packages\django\views\generic\base.py", line 104, in view
    return self.dispatch(request, *args, **kwargs)
  File "D:\projects\fl\unlockers\env\lib\site-packages\rest_framework\views.py", line 509, in dispatch
    response = self.handle_exception(exc)
  File "D:\projects\fl\unlockers\env\lib\site-packages\rest_framework\views.py", line 469, in handle_exception
    self.raise_uncaught_exception(exc)
  File "D:\projects\fl\unlockers\env\lib\site-packages\rest_framework\views.py", line 480, in raise_uncaught_exception
    raise exc
  File "D:\projects\fl\unlockers\env\lib\site-packages\rest_framework\views.py", line 506, in dispatch
    response = handler(request, *args, **kwargs)
  File "D:\projects\fl\unlockers\env\lib\site-packages\rest_framework\generics.py", line 190, in post
    return self.create(request, *args, **kwargs)
  File "D:\projects\fl\unlockers\env\lib\site-packages\rest_framework\mixins.py", line 19, in create
    self.perform_create(serializer)
  File "D:\projects\fl\unlockers\env\lib\site-packages\rest_framework\mixins.py", line 24, in perform_create
    serializer.save()
  File "D:\projects\fl\unlockers\env\lib\site-packages\rest_framework\serializers.py", line 212, in save
    self.instance = self.create(validated_data)
  File "D:\projects\fl\unlockers\apps\request\rest\serializers.py", line 172, in create
    request_object = create_request_for_unregistered_car(
  File "D:\projects\fl\unlockers\apps\request\contrib.py", line 138, in create_request_for_unregistered_car
    reverse("path_to_your_view", kwargs={"unique_path": unique_path})
  File "D:\projects\fl\unlockers\env\lib\site-packages\django\urls\base.py", line 88, in reverse
    return resolver._reverse_with_prefix(view, prefix, *args, **kwargs)
  File "D:\projects\fl\unlockers\env\lib\site-packages\django\urls\resolvers.py", line 828, in _reverse_with_prefix
    raise NoReverseMatch(msg)
django.urls.exceptions.NoReverseMatch: Reverse for 'path_to_your_view' not found. 'path_to_your_view' is not a valid view function or pattern name.
ERROR 2023-08-16 09:16:43,145 basehttp "POST /api/v1/request/create/ HTTP/1.1" 500 153490
INFO 2023-08-16 09:24:17,407 autoreload Watching for file changes with StatReloader
INFO 2023-08-16 09:24:27,180 basehttp "GET /admin/booking/order/ HTTP/1.1" 200 31957
INFO 2023-08-16 09:24:27,197 basehttp "GET /admin/jsi18n/ HTTP/1.1" 200 3343
INFO 2023-08-16 09:24:27,282 basehttp "GET /static/admin/js/calendar.js?_=1692163467218 HTTP/1.1" 200 8466
INFO 2023-08-16 09:24:27,282 basehttp "GET /static/admin/js/admin/DateTimeShortcuts.js?_=1692163467219 HTTP/1.1" 200 19319
INFO 2023-08-16 09:24:27,294 basehttp "GET /static/admin/img/icon-calendar.svg HTTP/1.1" 200 1086
INFO 2023-08-16 09:24:27,361 basehttp "GET /admin/booking/order/ HTTP/1.1" 200 31957
INFO 2023-08-16 09:24:28,748 basehttp "GET /admin/booking/order/1/change/ HTTP/1.1" 200 39550
INFO 2023-08-16 09:24:28,769 basehttp "GET /static/admin/img/icon-deletelink.svg HTTP/1.1" 200 392
INFO 2023-08-16 09:24:28,770 basehttp "GET /static/admin/js/calendar.js HTTP/1.1" 200 8466
INFO 2023-08-16 09:24:28,770 basehttp "GET /static/admin/img/icon-changelink.svg HTTP/1.1" 200 380
INFO 2023-08-16 09:24:28,770 basehttp "GET /static/admin/js/admin/DateTimeShortcuts.js HTTP/1.1" 200 19319
INFO 2023-08-16 09:24:28,773 basehttp "GET /admin/jsi18n/ HTTP/1.1" 200 3343
INFO 2023-08-16 09:24:28,773 basehttp "GET /static/admin/img/icon-viewlink.svg HTTP/1.1" 200 581
INFO 2023-08-16 09:24:28,844 basehttp "GET /static/admin/img/icon-clock.svg HTTP/1.1" 200 677
INFO 2023-08-16 09:24:28,844 basehttp "GET /admin/booking/order/1/change/ HTTP/1.1" 200 39550
INFO 2023-08-16 09:30:15,465 autoreload D:\projects\fl\unlockers\apps\booking\views.py changed, reloading.
INFO 2023-08-16 09:30:16,768 autoreload Watching for file changes with StatReloader
INFO 2023-08-16 09:40:00,015 autoreload D:\projects\fl\unlockers\apps\booking\views.py changed, reloading.
INFO 2023-08-16 09:40:01,212 autoreload Watching for file changes with StatReloader
INFO 2023-08-16 09:43:43,840 autoreload D:\projects\fl\unlockers\apps\booking\views.py changed, reloading.
INFO 2023-08-16 09:43:44,917 autoreload Watching for file changes with StatReloader
INFO 2023-08-16 09:45:19,315 autoreload Watching for file changes with StatReloader
INFO 2023-08-16 09:50:57,659 autoreload Watching for file changes with StatReloader
WARNING 2023-08-16 09:50:58,703 log Not Found: /api/
WARNING 2023-08-16 09:50:58,704 basehttp "GET /api/ HTTP/1.1" 404 7288
INFO 2023-08-16 09:51:34,620 basehttp "GET /link/kTCaGNmpk7TN HTTP/1.1" 301 0
ERROR 2023-08-16 09:51:34,726 log Internal Server Error: /link/kTCaGNmpk7TN/
Traceback (most recent call last):
  File "D:\projects\fl\unlockers\env\lib\site-packages\django\core\handlers\exception.py", line 55, in inner
    response = get_response(request)
  File "D:\projects\fl\unlockers\env\lib\site-packages\django\core\handlers\base.py", line 220, in _get_response
    response = response.render()
  File "D:\projects\fl\unlockers\env\lib\site-packages\django\template\response.py", line 114, in render
    self.content = self.rendered_content
  File "D:\projects\fl\unlockers\env\lib\site-packages\django\template\response.py", line 90, in rendered_content
    template = self.resolve_template(self.template_name)
  File "D:\projects\fl\unlockers\env\lib\site-packages\django\template\response.py", line 72, in resolve_template
    return select_template(template, using=self.using)
  File "D:\projects\fl\unlockers\env\lib\site-packages\django\template\loader.py", line 47, in select_template
    raise TemplateDoesNotExist(", ".join(template_name_list), chain=chain)
django.template.exceptions.TemplateDoesNotExist: order.html
ERROR 2023-08-16 09:51:34,727 basehttp "GET /link/kTCaGNmpk7TN/ HTTP/1.1" 500 105564
ERROR 2023-08-16 09:52:32,930 log Internal Server Error: /link/kTCaGNmpk7TN/
Traceback (most recent call last):
  File "D:\projects\fl\unlockers\env\lib\site-packages\django\core\handlers\exception.py", line 55, in inner
    response = get_response(request)
  File "D:\projects\fl\unlockers\env\lib\site-packages\django\core\handlers\base.py", line 220, in _get_response
    response = response.render()
  File "D:\projects\fl\unlockers\env\lib\site-packages\django\template\response.py", line 114, in render
    self.content = self.rendered_content
  File "D:\projects\fl\unlockers\env\lib\site-packages\django\template\response.py", line 90, in rendered_content
    template = self.resolve_template(self.template_name)
  File "D:\projects\fl\unlockers\env\lib\site-packages\django\template\response.py", line 72, in resolve_template
    return select_template(template, using=self.using)
  File "D:\projects\fl\unlockers\env\lib\site-packages\django\template\loader.py", line 47, in select_template
    raise TemplateDoesNotExist(", ".join(template_name_list), chain=chain)
django.template.exceptions.TemplateDoesNotExist: order.html
ERROR 2023-08-16 09:52:32,931 basehttp "GET /link/kTCaGNmpk7TN/ HTTP/1.1" 500 105564
INFO 2023-08-16 09:54:48,256 autoreload Watching for file changes with StatReloader
INFO 2023-08-16 09:54:50,977 basehttp "GET /link/kTCaGNmpk7TN/ HTTP/1.1" 200 999
INFO 2023-08-16 09:56:09,542 basehttp "GET /link/kTCaGNmpk7TN/ HTTP/1.1" 200 999
INFO 2023-08-16 09:56:19,638 basehttp "GET /link/kTCaGNmpk7TN/ HTTP/1.1" 200 1271
INFO 2023-08-16 09:56:19,767 basehttp "GET /link/kTCaGNmpk7TN/ HTTP/1.1" 200 1271
INFO 2023-08-16 10:10:23,575 basehttp "GET /link/kTCaGNmpk7TN/ HTTP/1.1" 200 1277
INFO 2023-08-16 10:10:23,677 basehttp "GET /link/kTCaGNmpk7TN/ HTTP/1.1" 200 1277
INFO 2023-08-16 10:19:14,491 autoreload D:\projects\fl\unlockers\apps\booking\views.py changed, reloading.
INFO 2023-08-16 10:19:15,940 autoreload Watching for file changes with StatReloader
INFO 2023-08-16 10:22:44,565 autoreload Watching for file changes with StatReloader
ERROR 2023-08-16 10:22:46,388 log Internal Server Error: /link/kTCaGNmpk7TN/
Traceback (most recent call last):
  File "D:\projects\fl\unlockers\env\lib\site-packages\django\core\handlers\exception.py", line 55, in inner
    response = get_response(request)
  File "D:\projects\fl\unlockers\env\lib\site-packages\django\core\handlers\base.py", line 197, in _get_response
    response = wrapped_callback(request, *callback_args, **callback_kwargs)
  File "D:\projects\fl\unlockers\env\lib\site-packages\django\views\generic\base.py", line 104, in view
    return self.dispatch(request, *args, **kwargs)
  File "D:\projects\fl\unlockers\env\lib\site-packages\django\views\generic\base.py", line 143, in dispatch
    return handler(request, *args, **kwargs)
  File "D:\projects\fl\unlockers\apps\booking\views.py", line 101, in get
    self.object = self.get_object()
  File "D:\projects\fl\unlockers\env\lib\site-packages\django\views\generic\detail.py", line 46, in get_object
    raise AttributeError(
AttributeError: Generic detail view OrderDetailView must be called with either an object pk or a slug in the URLconf.
ERROR 2023-08-16 10:22:46,390 basehttp "GET /link/kTCaGNmpk7TN/ HTTP/1.1" 500 101459
ERROR 2023-08-16 10:22:46,546 log Internal Server Error: /link/kTCaGNmpk7TN/
Traceback (most recent call last):
  File "D:\projects\fl\unlockers\env\lib\site-packages\django\core\handlers\exception.py", line 55, in inner
    response = get_response(request)
  File "D:\projects\fl\unlockers\env\lib\site-packages\django\core\handlers\base.py", line 197, in _get_response
    response = wrapped_callback(request, *callback_args, **callback_kwargs)
  File "D:\projects\fl\unlockers\env\lib\site-packages\django\views\generic\base.py", line 104, in view
    return self.dispatch(request, *args, **kwargs)
  File "D:\projects\fl\unlockers\env\lib\site-packages\django\views\generic\base.py", line 143, in dispatch
    return handler(request, *args, **kwargs)
  File "D:\projects\fl\unlockers\apps\booking\views.py", line 101, in get
    self.object = self.get_object()
  File "D:\projects\fl\unlockers\env\lib\site-packages\django\views\generic\detail.py", line 46, in get_object
    raise AttributeError(
AttributeError: Generic detail view OrderDetailView must be called with either an object pk or a slug in the URLconf.
ERROR 2023-08-16 10:22:46,547 basehttp "GET /link/kTCaGNmpk7TN/ HTTP/1.1" 500 100377
ERROR 2023-08-16 10:22:47,921 log Internal Server Error: /link/kTCaGNmpk7TN/
Traceback (most recent call last):
  File "D:\projects\fl\unlockers\env\lib\site-packages\django\core\handlers\exception.py", line 55, in inner
    response = get_response(request)
  File "D:\projects\fl\unlockers\env\lib\site-packages\django\core\handlers\base.py", line 197, in _get_response
    response = wrapped_callback(request, *callback_args, **callback_kwargs)
  File "D:\projects\fl\unlockers\env\lib\site-packages\django\views\generic\base.py", line 104, in view
    return self.dispatch(request, *args, **kwargs)
  File "D:\projects\fl\unlockers\env\lib\site-packages\django\views\generic\base.py", line 143, in dispatch
    return handler(request, *args, **kwargs)
  File "D:\projects\fl\unlockers\apps\booking\views.py", line 101, in get
    self.object = self.get_object()
  File "D:\projects\fl\unlockers\env\lib\site-packages\django\views\generic\detail.py", line 46, in get_object
    raise AttributeError(
AttributeError: Generic detail view OrderDetailView must be called with either an object pk or a slug in the URLconf.
ERROR 2023-08-16 10:22:47,922 basehttp "GET /link/kTCaGNmpk7TN/ HTTP/1.1" 500 101459
ERROR 2023-08-16 10:22:47,972 log Internal Server Error: /link/kTCaGNmpk7TN/
Traceback (most recent call last):
  File "D:\projects\fl\unlockers\env\lib\site-packages\django\core\handlers\exception.py", line 55, in inner
    response = get_response(request)
  File "D:\projects\fl\unlockers\env\lib\site-packages\django\core\handlers\base.py", line 197, in _get_response
    response = wrapped_callback(request, *callback_args, **callback_kwargs)
  File "D:\projects\fl\unlockers\env\lib\site-packages\django\views\generic\base.py", line 104, in view
    return self.dispatch(request, *args, **kwargs)
  File "D:\projects\fl\unlockers\env\lib\site-packages\django\views\generic\base.py", line 143, in dispatch
    return handler(request, *args, **kwargs)
  File "D:\projects\fl\unlockers\apps\booking\views.py", line 101, in get
    self.object = self.get_object()
  File "D:\projects\fl\unlockers\env\lib\site-packages\django\views\generic\detail.py", line 46, in get_object
    raise AttributeError(
AttributeError: Generic detail view OrderDetailView must be called with either an object pk or a slug in the URLconf.
ERROR 2023-08-16 10:22:47,973 basehttp "GET /link/kTCaGNmpk7TN/ HTTP/1.1" 500 100377
INFO 2023-08-16 10:40:38,315 autoreload D:\projects\fl\unlockers\apps\booking\views.py changed, reloading.
INFO 2023-08-16 10:40:39,647 autoreload Watching for file changes with StatReloader
INFO 2023-08-16 10:44:23,452 autoreload Watching for file changes with StatReloader
INFO 2023-08-16 10:45:14,327 autoreload Watching for file changes with StatReloader
ERROR 2023-08-16 10:45:22,632 log Internal Server Error: /link/kTCaGNmpk7TN/
Traceback (most recent call last):
  File "D:\projects\fl\unlockers\env\lib\site-packages\django\core\handlers\exception.py", line 55, in inner
    response = get_response(request)
  File "D:\projects\fl\unlockers\env\lib\site-packages\django\core\handlers\base.py", line 197, in _get_response
    response = wrapped_callback(request, *callback_args, **callback_kwargs)
  File "D:\projects\fl\unlockers\env\lib\site-packages\django\views\generic\base.py", line 104, in view
    return self.dispatch(request, *args, **kwargs)
  File "D:\projects\fl\unlockers\env\lib\site-packages\django\views\generic\base.py", line 143, in dispatch
    return handler(request, *args, **kwargs)
  File "D:\projects\fl\unlockers\env\lib\site-packages\django\views\generic\detail.py", line 108, in get
    self.object = self.get_object()
  File "D:\projects\fl\unlockers\apps\booking\views.py", line 81, in get_object
    return get_object_or_404(Order, unique_link=unique_link)
  File "D:\projects\fl\unlockers\env\lib\site-packages\django\shortcuts.py", line 85, in get_object_or_404
    return queryset.get(*args, **kwargs)
  File "D:\projects\fl\unlockers\env\lib\site-packages\django\db\models\query.py", line 623, in get
    clone = self._chain() if self.query.combinator else self.filter(*args, **kwargs)
  File "D:\projects\fl\unlockers\env\lib\site-packages\django\db\models\query.py", line 1436, in filter
    return self._filter_or_exclude(False, args, kwargs)
  File "D:\projects\fl\unlockers\env\lib\site-packages\django\db\models\query.py", line 1454, in _filter_or_exclude
    clone._filter_or_exclude_inplace(negate, args, kwargs)
  File "D:\projects\fl\unlockers\env\lib\site-packages\django\db\models\query.py", line 1461, in _filter_or_exclude_inplace
    self._query.add_q(Q(*args, **kwargs))
  File "D:\projects\fl\unlockers\env\lib\site-packages\django\db\models\sql\query.py", line 1545, in add_q
    clause, _ = self._add_q(q_object, self.used_aliases)
  File "D:\projects\fl\unlockers\env\lib\site-packages\django\db\models\sql\query.py", line 1576, in _add_q
    child_clause, needed_inner = self.build_filter(
  File "D:\projects\fl\unlockers\env\lib\site-packages\django\db\models\sql\query.py", line 1426, in build_filter
    lookups, parts, reffed_expression = self.solve_lookup_type(arg, summarize)
  File "D:\projects\fl\unlockers\env\lib\site-packages\django\db\models\sql\query.py", line 1236, in solve_lookup_type
    _, field, _, lookup_parts = self.names_to_path(lookup_splitted, self.get_meta())
  File "D:\projects\fl\unlockers\env\lib\site-packages\django\db\models\sql\query.py", line 1724, in names_to_path
    raise FieldError(
django.core.exceptions.FieldError: Cannot resolve keyword 'unique_link' into field. Choices are: address, attachments, car, car_id, car_registration, car_year, comment, confirm_work, created_at, date_at, distance, id, name, order_income, partner, partner_id, phone, post_code, prepayment, price, responsible, responsible_id, service, service_id, transactions, unique_path_field
ERROR 2023-08-16 10:45:22,634 basehttp "GET /link/kTCaGNmpk7TN/ HTTP/1.1" 500 150090
ERROR 2023-08-16 10:45:22,778 log Internal Server Error: /link/kTCaGNmpk7TN/
Traceback (most recent call last):
  File "D:\projects\fl\unlockers\env\lib\site-packages\django\core\handlers\exception.py", line 55, in inner
    response = get_response(request)
  File "D:\projects\fl\unlockers\env\lib\site-packages\django\core\handlers\base.py", line 197, in _get_response
    response = wrapped_callback(request, *callback_args, **callback_kwargs)
  File "D:\projects\fl\unlockers\env\lib\site-packages\django\views\generic\base.py", line 104, in view
    return self.dispatch(request, *args, **kwargs)
  File "D:\projects\fl\unlockers\env\lib\site-packages\django\views\generic\base.py", line 143, in dispatch
    return handler(request, *args, **kwargs)
  File "D:\projects\fl\unlockers\env\lib\site-packages\django\views\generic\detail.py", line 108, in get
    self.object = self.get_object()
  File "D:\projects\fl\unlockers\apps\booking\views.py", line 81, in get_object
    return get_object_or_404(Order, unique_link=unique_link)
  File "D:\projects\fl\unlockers\env\lib\site-packages\django\shortcuts.py", line 85, in get_object_or_404
    return queryset.get(*args, **kwargs)
  File "D:\projects\fl\unlockers\env\lib\site-packages\django\db\models\query.py", line 623, in get
    clone = self._chain() if self.query.combinator else self.filter(*args, **kwargs)
  File "D:\projects\fl\unlockers\env\lib\site-packages\django\db\models\query.py", line 1436, in filter
    return self._filter_or_exclude(False, args, kwargs)
  File "D:\projects\fl\unlockers\env\lib\site-packages\django\db\models\query.py", line 1454, in _filter_or_exclude
    clone._filter_or_exclude_inplace(negate, args, kwargs)
  File "D:\projects\fl\unlockers\env\lib\site-packages\django\db\models\query.py", line 1461, in _filter_or_exclude_inplace
    self._query.add_q(Q(*args, **kwargs))
  File "D:\projects\fl\unlockers\env\lib\site-packages\django\db\models\sql\query.py", line 1545, in add_q
    clause, _ = self._add_q(q_object, self.used_aliases)
  File "D:\projects\fl\unlockers\env\lib\site-packages\django\db\models\sql\query.py", line 1576, in _add_q
    child_clause, needed_inner = self.build_filter(
  File "D:\projects\fl\unlockers\env\lib\site-packages\django\db\models\sql\query.py", line 1426, in build_filter
    lookups, parts, reffed_expression = self.solve_lookup_type(arg, summarize)
  File "D:\projects\fl\unlockers\env\lib\site-packages\django\db\models\sql\query.py", line 1236, in solve_lookup_type
    _, field, _, lookup_parts = self.names_to_path(lookup_splitted, self.get_meta())
  File "D:\projects\fl\unlockers\env\lib\site-packages\django\db\models\sql\query.py", line 1724, in names_to_path
    raise FieldError(
django.core.exceptions.FieldError: Cannot resolve keyword 'unique_link' into field. Choices are: address, attachments, car, car_id, car_registration, car_year, comment, confirm_work, created_at, date_at, distance, id, name, order_income, partner, partner_id, phone, post_code, prepayment, price, responsible, responsible_id, service, service_id, transactions, unique_path_field
ERROR 2023-08-16 10:45:22,778 basehttp "GET /link/kTCaGNmpk7TN/ HTTP/1.1" 500 149008
ERROR 2023-08-16 10:45:24,196 log Internal Server Error: /link/kTCaGNmpk7TN/
Traceback (most recent call last):
  File "D:\projects\fl\unlockers\env\lib\site-packages\django\core\handlers\exception.py", line 55, in inner
    response = get_response(request)
  File "D:\projects\fl\unlockers\env\lib\site-packages\django\core\handlers\base.py", line 197, in _get_response
    response = wrapped_callback(request, *callback_args, **callback_kwargs)
  File "D:\projects\fl\unlockers\env\lib\site-packages\django\views\generic\base.py", line 104, in view
    return self.dispatch(request, *args, **kwargs)
  File "D:\projects\fl\unlockers\env\lib\site-packages\django\views\generic\base.py", line 143, in dispatch
    return handler(request, *args, **kwargs)
  File "D:\projects\fl\unlockers\env\lib\site-packages\django\views\generic\detail.py", line 108, in get
    self.object = self.get_object()
  File "D:\projects\fl\unlockers\apps\booking\views.py", line 81, in get_object
    return get_object_or_404(Order, unique_link=unique_link)
  File "D:\projects\fl\unlockers\env\lib\site-packages\django\shortcuts.py", line 85, in get_object_or_404
    return queryset.get(*args, **kwargs)
  File "D:\projects\fl\unlockers\env\lib\site-packages\django\db\models\query.py", line 623, in get
    clone = self._chain() if self.query.combinator else self.filter(*args, **kwargs)
  File "D:\projects\fl\unlockers\env\lib\site-packages\django\db\models\query.py", line 1436, in filter
    return self._filter_or_exclude(False, args, kwargs)
  File "D:\projects\fl\unlockers\env\lib\site-packages\django\db\models\query.py", line 1454, in _filter_or_exclude
    clone._filter_or_exclude_inplace(negate, args, kwargs)
  File "D:\projects\fl\unlockers\env\lib\site-packages\django\db\models\query.py", line 1461, in _filter_or_exclude_inplace
    self._query.add_q(Q(*args, **kwargs))
  File "D:\projects\fl\unlockers\env\lib\site-packages\django\db\models\sql\query.py", line 1545, in add_q
    clause, _ = self._add_q(q_object, self.used_aliases)
  File "D:\projects\fl\unlockers\env\lib\site-packages\django\db\models\sql\query.py", line 1576, in _add_q
    child_clause, needed_inner = self.build_filter(
  File "D:\projects\fl\unlockers\env\lib\site-packages\django\db\models\sql\query.py", line 1426, in build_filter
    lookups, parts, reffed_expression = self.solve_lookup_type(arg, summarize)
  File "D:\projects\fl\unlockers\env\lib\site-packages\django\db\models\sql\query.py", line 1236, in solve_lookup_type
    _, field, _, lookup_parts = self.names_to_path(lookup_splitted, self.get_meta())
  File "D:\projects\fl\unlockers\env\lib\site-packages\django\db\models\sql\query.py", line 1724, in names_to_path
    raise FieldError(
django.core.exceptions.FieldError: Cannot resolve keyword 'unique_link' into field. Choices are: address, attachments, car, car_id, car_registration, car_year, comment, confirm_work, created_at, date_at, distance, id, name, order_income, partner, partner_id, phone, post_code, prepayment, price, responsible, responsible_id, service, service_id, transactions, unique_path_field
ERROR 2023-08-16 10:45:24,197 basehttp "GET /link/kTCaGNmpk7TN/ HTTP/1.1" 500 150090
ERROR 2023-08-16 10:45:24,297 log Internal Server Error: /link/kTCaGNmpk7TN/
Traceback (most recent call last):
  File "D:\projects\fl\unlockers\env\lib\site-packages\django\core\handlers\exception.py", line 55, in inner
    response = get_response(request)
  File "D:\projects\fl\unlockers\env\lib\site-packages\django\core\handlers\base.py", line 197, in _get_response
    response = wrapped_callback(request, *callback_args, **callback_kwargs)
  File "D:\projects\fl\unlockers\env\lib\site-packages\django\views\generic\base.py", line 104, in view
    return self.dispatch(request, *args, **kwargs)
  File "D:\projects\fl\unlockers\env\lib\site-packages\django\views\generic\base.py", line 143, in dispatch
    return handler(request, *args, **kwargs)
  File "D:\projects\fl\unlockers\env\lib\site-packages\django\views\generic\detail.py", line 108, in get
    self.object = self.get_object()
  File "D:\projects\fl\unlockers\apps\booking\views.py", line 81, in get_object
    return get_object_or_404(Order, unique_link=unique_link)
  File "D:\projects\fl\unlockers\env\lib\site-packages\django\shortcuts.py", line 85, in get_object_or_404
    return queryset.get(*args, **kwargs)
  File "D:\projects\fl\unlockers\env\lib\site-packages\django\db\models\query.py", line 623, in get
    clone = self._chain() if self.query.combinator else self.filter(*args, **kwargs)
  File "D:\projects\fl\unlockers\env\lib\site-packages\django\db\models\query.py", line 1436, in filter
    return self._filter_or_exclude(False, args, kwargs)
  File "D:\projects\fl\unlockers\env\lib\site-packages\django\db\models\query.py", line 1454, in _filter_or_exclude
    clone._filter_or_exclude_inplace(negate, args, kwargs)
  File "D:\projects\fl\unlockers\env\lib\site-packages\django\db\models\query.py", line 1461, in _filter_or_exclude_inplace
    self._query.add_q(Q(*args, **kwargs))
  File "D:\projects\fl\unlockers\env\lib\site-packages\django\db\models\sql\query.py", line 1545, in add_q
    clause, _ = self._add_q(q_object, self.used_aliases)
  File "D:\projects\fl\unlockers\env\lib\site-packages\django\db\models\sql\query.py", line 1576, in _add_q
    child_clause, needed_inner = self.build_filter(
  File "D:\projects\fl\unlockers\env\lib\site-packages\django\db\models\sql\query.py", line 1426, in build_filter
    lookups, parts, reffed_expression = self.solve_lookup_type(arg, summarize)
  File "D:\projects\fl\unlockers\env\lib\site-packages\django\db\models\sql\query.py", line 1236, in solve_lookup_type
    _, field, _, lookup_parts = self.names_to_path(lookup_splitted, self.get_meta())
  File "D:\projects\fl\unlockers\env\lib\site-packages\django\db\models\sql\query.py", line 1724, in names_to_path
    raise FieldError(
django.core.exceptions.FieldError: Cannot resolve keyword 'unique_link' into field. Choices are: address, attachments, car, car_id, car_registration, car_year, comment, confirm_work, created_at, date_at, distance, id, name, order_income, partner, partner_id, phone, post_code, prepayment, price, responsible, responsible_id, service, service_id, transactions, unique_path_field
ERROR 2023-08-16 10:45:24,298 basehttp "GET /link/kTCaGNmpk7TN/ HTTP/1.1" 500 149008
INFO 2023-08-16 10:46:18,141 autoreload Watching for file changes with StatReloader
WARNING 2023-08-16 10:46:21,416 log Not Found: /link/kTCaGNmpk7TN/
WARNING 2023-08-16 10:46:21,416 basehttp "GET /link/kTCaGNmpk7TN/ HTTP/1.1" 404 5989
WARNING 2023-08-16 10:46:21,447 log Not Found: /link/kTCaGNmpk7TN/
WARNING 2023-08-16 10:46:21,447 basehttp "GET /link/kTCaGNmpk7TN/ HTTP/1.1" 404 5989
WARNING 2023-08-16 10:46:23,115 log Not Found: /link/kTCaGNmpk7TN/
WARNING 2023-08-16 10:46:23,115 basehttp "GET /link/kTCaGNmpk7TN/ HTTP/1.1" 404 5989
WARNING 2023-08-16 10:46:23,146 log Not Found: /link/kTCaGNmpk7TN/
WARNING 2023-08-16 10:46:23,146 basehttp "GET /link/kTCaGNmpk7TN/ HTTP/1.1" 404 5989
INFO 2023-08-16 10:46:51,043 basehttp "GET /admin/booking/order/ HTTP/1.1" 200 31957
INFO 2023-08-16 10:46:51,063 basehttp "GET /admin/jsi18n/ HTTP/1.1" 200 3343
INFO 2023-08-16 10:46:51,135 basehttp "GET /admin/booking/order/ HTTP/1.1" 200 31957
INFO 2023-08-16 10:46:51,135 basehttp "GET /static/admin/js/calendar.js?_=1692168411071 HTTP/1.1" 200 8466
INFO 2023-08-16 10:46:51,135 basehttp "GET /static/admin/js/admin/DateTimeShortcuts.js?_=1692168411072 HTTP/1.1" 200 19319
INFO 2023-08-16 10:46:53,899 basehttp "GET /admin/booking/order/1/change/ HTTP/1.1" 200 39550
INFO 2023-08-16 10:46:53,918 basehttp "GET /admin/jsi18n/ HTTP/1.1" 200 3343
INFO 2023-08-16 10:46:53,984 basehttp "GET /admin/booking/order/1/change/ HTTP/1.1" 200 39550
INFO 2023-08-16 10:47:05,007 basehttp "GET /link/kTCaGNmpk7TN HTTP/1.1" 301 0
WARNING 2023-08-16 10:47:05,016 log Not Found: /link/kTCaGNmpk7TN/
WARNING 2023-08-16 10:47:05,016 basehttp "GET /link/kTCaGNmpk7TN/ HTTP/1.1" 404 5989
WARNING 2023-08-16 10:47:05,044 log Not Found: /link/kTCaGNmpk7TN/
WARNING 2023-08-16 10:47:05,044 basehttp "GET /link/kTCaGNmpk7TN/ HTTP/1.1" 404 5989
INFO 2023-08-16 10:48:32,171 autoreload Watching for file changes with StatReloader
WARNING 2023-08-16 10:48:34,170 log Not Found: /link/kTCaGNmpk7TN/
WARNING 2023-08-16 10:48:34,170 basehttp "GET /link/kTCaGNmpk7TN/ HTTP/1.1" 404 5989
WARNING 2023-08-16 10:48:34,199 log Not Found: /link/kTCaGNmpk7TN/
WARNING 2023-08-16 10:48:34,199 basehttp "GET /link/kTCaGNmpk7TN/ HTTP/1.1" 404 5989
WARNING 2023-08-16 10:48:35,554 log Not Found: /link/kTCaGNmpk7TN/
WARNING 2023-08-16 10:48:35,554 basehttp "GET /link/kTCaGNmpk7TN/ HTTP/1.1" 404 5989
WARNING 2023-08-16 10:48:35,585 log Not Found: /link/kTCaGNmpk7TN/
WARNING 2023-08-16 10:48:35,585 basehttp "GET /link/kTCaGNmpk7TN/ HTTP/1.1" 404 5989
WARNING 2023-08-16 10:48:38,150 log Not Found: /link/kTCaGNmpk7TN/
WARNING 2023-08-16 10:48:38,151 basehttp "GET /link/kTCaGNmpk7TN/ HTTP/1.1" 404 5989
WARNING 2023-08-16 10:48:38,179 log Not Found: /link/kTCaGNmpk7TN/
WARNING 2023-08-16 10:48:38,180 basehttp "GET /link/kTCaGNmpk7TN/ HTTP/1.1" 404 5989
WARNING 2023-08-16 10:48:41,049 log Not Found: /link/kTCaGNmpk7TN/
WARNING 2023-08-16 10:48:41,049 basehttp "GET /link/kTCaGNmpk7TN/ HTTP/1.1" 404 5989
WARNING 2023-08-16 10:48:41,078 log Not Found: /link/kTCaGNmpk7TN/
WARNING 2023-08-16 10:48:41,078 basehttp "GET /link/kTCaGNmpk7TN/ HTTP/1.1" 404 5989
INFO 2023-08-16 10:49:09,840 autoreload D:\projects\fl\unlockers\apps\booking\urls.py changed, reloading.
INFO 2023-08-16 10:49:10,829 autoreload Watching for file changes with StatReloader
INFO 2023-08-16 10:49:58,532 autoreload D:\projects\fl\unlockers\apps\booking\urls.py changed, reloading.
INFO 2023-08-16 10:49:59,708 autoreload Watching for file changes with StatReloader
INFO 2023-08-16 10:51:16,490 autoreload Watching for file changes with StatReloader
INFO 2023-08-16 10:51:19,716 basehttp "GET /link/kTCaGNmpk7TN/ HTTP/1.1" 200 999
INFO 2023-08-16 10:51:19,744 basehttp "GET /link/kTCaGNmpk7TN/ HTTP/1.1" 200 999
INFO 2023-08-16 10:51:30,617 basehttp "GET /link/kTCaGNmpk7TN/ HTTP/1.1" 200 999
INFO 2023-08-16 10:51:30,644 basehttp "GET /link/kTCaGNmpk7TN/ HTTP/1.1" 200 999
INFO 2023-08-16 10:51:49,283 basehttp "GET /link/kTCaGNmpk7TN/ HTTP/1.1" 200 999
INFO 2023-08-16 10:51:49,311 basehttp "GET /link/kTCaGNmpk7TN/ HTTP/1.1" 200 999
INFO 2023-08-16 10:52:44,640 autoreload Watching for file changes with StatReloader
INFO 2023-08-16 10:52:47,372 basehttp "GET /link/kTCaGNmpk7TN/ HTTP/1.1" 200 999
INFO 2023-08-16 10:52:47,400 basehttp "GET /link/kTCaGNmpk7TN/ HTTP/1.1" 200 999
INFO 2023-08-16 10:52:48,858 basehttp "GET /link/kTCaGNmpk7TN/ HTTP/1.1" 200 999
INFO 2023-08-16 10:52:48,886 basehttp "GET /link/kTCaGNmpk7TN/ HTTP/1.1" 200 999
INFO 2023-08-16 10:52:49,594 basehttp "GET /link/kTCaGNmpk7TN/ HTTP/1.1" 200 999
INFO 2023-08-16 10:52:49,621 basehttp "GET /link/kTCaGNmpk7TN/ HTTP/1.1" 200 999
INFO 2023-08-16 10:52:50,137 basehttp "GET /link/kTCaGNmpk7TN/ HTTP/1.1" 200 999
INFO 2023-08-16 10:52:50,166 basehttp "GET /link/kTCaGNmpk7TN/ HTTP/1.1" 200 999
INFO 2023-08-16 10:55:15,733 autoreload Watching for file changes with StatReloader
INFO 2023-08-16 10:55:20,851 basehttp "GET /link/kTCaGNmpk7TN/ HTTP/1.1" 200 1277
INFO 2023-08-16 10:55:20,879 basehttp "GET /link/kTCaGNmpk7TN/ HTTP/1.1" 200 1277
INFO 2023-08-16 10:56:41,234 autoreload Watching for file changes with StatReloader
ERROR 2023-08-16 10:56:45,939 log Internal Server Error: /link/kTCaGNmpk7TN/
Traceback (most recent call last):
  File "D:\projects\fl\unlockers\env\lib\site-packages\django\template\base.py", line 505, in parse
    compile_func = self.tags[command]
KeyError: 'endblock'

During handling of the above exception, another exception occurred:

Traceback (most recent call last):
  File "D:\projects\fl\unlockers\env\lib\site-packages\django\core\handlers\exception.py", line 55, in inner
    response = get_response(request)
  File "D:\projects\fl\unlockers\env\lib\site-packages\django\core\handlers\base.py", line 220, in _get_response
    response = response.render()
  File "D:\projects\fl\unlockers\env\lib\site-packages\django\template\response.py", line 114, in render
    self.content = self.rendered_content
  File "D:\projects\fl\unlockers\env\lib\site-packages\django\template\response.py", line 90, in rendered_content
    template = self.resolve_template(self.template_name)
  File "D:\projects\fl\unlockers\env\lib\site-packages\django\template\response.py", line 72, in resolve_template
    return select_template(template, using=self.using)
  File "D:\projects\fl\unlockers\env\lib\site-packages\django\template\loader.py", line 42, in select_template
    return engine.get_template(template_name)
  File "D:\projects\fl\unlockers\env\lib\site-packages\django\template\backends\django.py", line 33, in get_template
    return Template(self.engine.get_template(template_name), self)
  File "D:\projects\fl\unlockers\env\lib\site-packages\django\template\engine.py", line 175, in get_template
    template, origin = self.find_template(template_name)
  File "D:\projects\fl\unlockers\env\lib\site-packages\django\template\engine.py", line 157, in find_template
    template = loader.get_template(name, skip=skip)
  File "D:\projects\fl\unlockers\env\lib\site-packages\django\template\loaders\cached.py", line 57, in get_template
    template = super().get_template(template_name, skip)
  File "D:\projects\fl\unlockers\env\lib\site-packages\django\template\loaders\base.py", line 28, in get_template
    return Template(
  File "D:\projects\fl\unlockers\env\lib\site-packages\django\template\base.py", line 154, in __init__
    self.nodelist = self.compile_nodelist()
  File "D:\projects\fl\unlockers\env\lib\site-packages\django\template\base.py", line 200, in compile_nodelist
    return parser.parse()
  File "D:\projects\fl\unlockers\env\lib\site-packages\django\template\base.py", line 513, in parse
    raise self.error(token, e)
  File "D:\projects\fl\unlockers\env\lib\site-packages\django\template\base.py", line 511, in parse
    compiled_result = compile_func(self, token)
  File "D:\projects\fl\unlockers\env\lib\site-packages\django\template\loader_tags.py", line 232, in do_block
    nodelist = parser.parse(("endblock",))
  File "D:\projects\fl\unlockers\env\lib\site-packages\django\template\base.py", line 513, in parse
    raise self.error(token, e)
  File "D:\projects\fl\unlockers\env\lib\site-packages\django\template\base.py", line 511, in parse
    compiled_result = compile_func(self, token)
  File "D:\projects\fl\unlockers\env\lib\site-packages\django\template\defaulttags.py", line 967, in do_if
    nodelist = parser.parse(("endif",))
  File "D:\projects\fl\unlockers\env\lib\site-packages\django\template\base.py", line 507, in parse
    self.invalid_block_tag(token, command, parse_until)
  File "D:\projects\fl\unlockers\env\lib\site-packages\django\template\base.py", line 558, in invalid_block_tag
    raise self.error(
django.template.exceptions.TemplateSyntaxError: Invalid block tag on line 43: 'endblock', expected 'endif'. Did you forget to register or load this tag?
ERROR 2023-08-16 10:56:45,941 basehttp "GET /link/kTCaGNmpk7TN/ HTTP/1.1" 500 198364
ERROR 2023-08-16 10:56:46,001 log Internal Server Error: /link/kTCaGNmpk7TN/
Traceback (most recent call last):
  File "D:\projects\fl\unlockers\env\lib\site-packages\django\template\base.py", line 505, in parse
    compile_func = self.tags[command]
KeyError: 'endblock'

During handling of the above exception, another exception occurred:

Traceback (most recent call last):
  File "D:\projects\fl\unlockers\env\lib\site-packages\django\core\handlers\exception.py", line 55, in inner
    response = get_response(request)
  File "D:\projects\fl\unlockers\env\lib\site-packages\django\core\handlers\base.py", line 220, in _get_response
    response = response.render()
  File "D:\projects\fl\unlockers\env\lib\site-packages\django\template\response.py", line 114, in render
    self.content = self.rendered_content
  File "D:\projects\fl\unlockers\env\lib\site-packages\django\template\response.py", line 90, in rendered_content
    template = self.resolve_template(self.template_name)
  File "D:\projects\fl\unlockers\env\lib\site-packages\django\template\response.py", line 72, in resolve_template
    return select_template(template, using=self.using)
  File "D:\projects\fl\unlockers\env\lib\site-packages\django\template\loader.py", line 42, in select_template
    return engine.get_template(template_name)
  File "D:\projects\fl\unlockers\env\lib\site-packages\django\template\backends\django.py", line 33, in get_template
    return Template(self.engine.get_template(template_name), self)
  File "D:\projects\fl\unlockers\env\lib\site-packages\django\template\engine.py", line 175, in get_template
    template, origin = self.find_template(template_name)
  File "D:\projects\fl\unlockers\env\lib\site-packages\django\template\engine.py", line 157, in find_template
    template = loader.get_template(name, skip=skip)
  File "D:\projects\fl\unlockers\env\lib\site-packages\django\template\loaders\cached.py", line 57, in get_template
    template = super().get_template(template_name, skip)
  File "D:\projects\fl\unlockers\env\lib\site-packages\django\template\loaders\base.py", line 28, in get_template
    return Template(
  File "D:\projects\fl\unlockers\env\lib\site-packages\django\template\base.py", line 154, in __init__
    self.nodelist = self.compile_nodelist()
  File "D:\projects\fl\unlockers\env\lib\site-packages\django\template\base.py", line 200, in compile_nodelist
    return parser.parse()
  File "D:\projects\fl\unlockers\env\lib\site-packages\django\template\base.py", line 513, in parse
    raise self.error(token, e)
  File "D:\projects\fl\unlockers\env\lib\site-packages\django\template\base.py", line 511, in parse
    compiled_result = compile_func(self, token)
  File "D:\projects\fl\unlockers\env\lib\site-packages\django\template\loader_tags.py", line 232, in do_block
    nodelist = parser.parse(("endblock",))
  File "D:\projects\fl\unlockers\env\lib\site-packages\django\template\base.py", line 513, in parse
    raise self.error(token, e)
  File "D:\projects\fl\unlockers\env\lib\site-packages\django\template\base.py", line 511, in parse
    compiled_result = compile_func(self, token)
  File "D:\projects\fl\unlockers\env\lib\site-packages\django\template\defaulttags.py", line 967, in do_if
    nodelist = parser.parse(("endif",))
  File "D:\projects\fl\unlockers\env\lib\site-packages\django\template\base.py", line 507, in parse
    self.invalid_block_tag(token, command, parse_until)
  File "D:\projects\fl\unlockers\env\lib\site-packages\django\template\base.py", line 558, in invalid_block_tag
    raise self.error(
django.template.exceptions.TemplateSyntaxError: Invalid block tag on line 43: 'endblock', expected 'endif'. Did you forget to register or load this tag?
ERROR 2023-08-16 10:56:46,002 basehttp "GET /link/kTCaGNmpk7TN/ HTTP/1.1" 500 197282
INFO 2023-08-16 10:57:13,277 basehttp "GET /link/kTCaGNmpk7TN/ HTTP/1.1" 200 3431
INFO 2023-08-16 10:57:13,324 basehttp "GET /link/kTCaGNmpk7TN/ HTTP/1.1" 200 3431
WARNING 2023-08-16 10:57:39,098 base Method Not Allowed (POST): /link/kTCaGNmpk7TN/
WARNING 2023-08-16 10:57:39,098 log Method Not Allowed: /link/kTCaGNmpk7TN/
WARNING 2023-08-16 10:57:39,099 basehttp "POST /link/kTCaGNmpk7TN/ HTTP/1.1" 405 0
INFO 2023-08-16 11:08:11,698 autoreload Watching for file changes with StatReloader
INFO 2023-08-16 11:08:12,999 basehttp "GET /link/kTCaGNmpk7TN/ HTTP/1.1" 200 3431
ERROR 2023-08-16 11:08:16,000 log Internal Server Error: /link/kTCaGNmpk7TN/
Traceback (most recent call last):
  File "D:\projects\fl\unlockers\env\lib\site-packages\django\core\handlers\exception.py", line 55, in inner
    response = get_response(request)
  File "D:\projects\fl\unlockers\env\lib\site-packages\django\core\handlers\base.py", line 197, in _get_response
    response = wrapped_callback(request, *callback_args, **callback_kwargs)
  File "D:\projects\fl\unlockers\env\lib\site-packages\django\views\generic\base.py", line 104, in view
    return self.dispatch(request, *args, **kwargs)
  File "D:\projects\fl\unlockers\env\lib\site-packages\django\views\generic\base.py", line 143, in dispatch
    return handler(request, *args, **kwargs)
  File "D:\projects\fl\unlockers\apps\booking\views.py", line 90, in post
    return HttpResponseRedirect(self.get_success_url())
AttributeError: 'OrderDetailView' object has no attribute 'get_success_url'
ERROR 2023-08-16 11:08:16,001 basehttp "POST /link/kTCaGNmpk7TN/ HTTP/1.1" 500 101514
INFO 2023-08-16 11:08:16,040 basehttp "GET /link/kTCaGNmpk7TN/ HTTP/1.1" 200 3445
INFO 2023-08-16 11:09:19,055 autoreload Watching for file changes with StatReloader
INFO 2023-08-16 11:09:21,011 basehttp "GET /link/kTCaGNmpk7TN/ HTTP/1.1" 200 3445
INFO 2023-08-16 11:09:24,675 basehttp "POST /link/kTCaGNmpk7TN/ HTTP/1.1" 302 0
INFO 2023-08-16 11:09:24,688 basehttp "GET /link/kTCaGNmpk7TN/ HTTP/1.1" 200 3445
INFO 2023-08-16 11:09:24,722 basehttp "GET /link/kTCaGNmpk7TN/ HTTP/1.1" 200 3445
INFO 2023-08-16 11:09:31,105 basehttp "POST /link/kTCaGNmpk7TN/ HTTP/1.1" 302 0
INFO 2023-08-16 11:09:31,122 basehttp "GET /link/kTCaGNmpk7TN/ HTTP/1.1" 200 3452
INFO 2023-08-16 11:09:31,161 basehttp "GET /link/kTCaGNmpk7TN/ HTTP/1.1" 200 3452
INFO 2023-08-16 11:09:35,909 basehttp "GET /link/kTCaGNmpk7TN/ HTTP/1.1" 200 3452
INFO 2023-08-16 11:09:35,966 basehttp "GET /link/kTCaGNmpk7TN/ HTTP/1.1" 200 3452
INFO 2023-08-16 11:09:46,319 basehttp "POST /link/kTCaGNmpk7TN/ HTTP/1.1" 302 0
INFO 2023-08-16 11:09:46,332 basehttp "GET /link/kTCaGNmpk7TN/ HTTP/1.1" 200 3452
INFO 2023-08-16 11:09:46,369 basehttp "GET /link/kTCaGNmpk7TN/ HTTP/1.1" 200 3452
INFO 2023-08-16 11:19:51,658 basehttp "GET /link/kTCaGNmpk7TN/ HTTP/1.1" 200 1019
